c --- [ banner ] -------------------------------------------------------------
c 
c CaDiCaL Radically Simplified CDCL SAT Solver
c Copyright (c) 2016-2019 Armin Biere, JKU Linz
c 
c Version 1.2.1 92d72896c49b30ad2d50c8e1061ca0681cd23e60
c g++ (GCC) 7.3.1 20180712 (Red Hat 7.3.1-6) -Wall -Wextra -O3 -DNDEBUG
c Sun Jun 7 21:07:51 UTC 2020 Linux ip-172-31-24-144.us-east-2.compute.internal 4.14.173-137.229.amzn2.x86_64 x86_64
c 
c --- [ parsing input ] ------------------------------------------------------
c 
c reading DIMACS file from '23Y-p-Y8.cnf'
c opening file to read '23Y-p-Y8.cnf'
c found 'p cnf 5456 2219145' header
c parsed 2219145 clauses in 1.44 seconds process time
c closing file '23Y-p-Y8.cnf'
c after reading 99413410 bytes 94.8 MB
c 
c --- [ options ] ------------------------------------------------------------
c 
c all options are set to their default value
c 
c --- [ solving ] ------------------------------------------------------------
c 
c time measured in process time since initialization
c 
c  seconds   reductions  redundant   irredundant
c          MB    restarts       trail       variables
c           level   conflicts       glue        remaining
c 
c *  1.44 231  0 0   0    0    0  0% 0 2218833 184  3%
c {  1.60 286  0 0   0    0    0  0% 0 2218833 184  3%
c -  2.10 305 2333 1   7  302  284 49% 13 2218833 184  3%
c }  2.44 310 415 1  44 1001  929 14% 14 2218833 184  3%
c [  2.44 310  0 1  44 1001  929  0% 0 2218833 184  3%
c O  2.48 315 13 1  44 1002  930  7% 10 2218833 184  3%
c -  3.63 447 23 2  44 1709 1351  7% 15 2218833 184  3%
c ]  3.96 447 21 2  45 3002 2472  7% 14 2218833 184  3%
c {  3.96 447 415 2  45 3002 2472 14% 14 2218833 184  3%
c F  4.55 448 415 2  45 3003 2473 25% 14 2218833 184  3%
c -  5.49 448 195 3  45 3822 2308 34% 13 2218833 184  3%
c #  6.44 448 73 3  90 6004 4284 33% 12 2218833 184  3%
c -  7.06 449 64 4 165 6640 3250 32% 12 2218833 184  3%
c }  7.20 423 60 4 244 7002 3572 33% 12 2218833 184  3%
c [  7.20 423 21 4 244 7002 3572 209% 14 2218833 184  3%
c I  7.80 423 16 4 246 10006 6119 81% 11 2218833 184  3%
c -  8.33 423 17 5 246 10159 4080 79% 11 2218833 184  3%
c -  9.26 423 21 6 249 14382 4889 50% 15 2218833 184  3%
c ]  9.83 423 21 6 249 15003 5409 49% 15 2218833 184  3%
c {  9.83 423 60 6 249 15003 5409 33% 12 2218833 184  3%
c 
c  seconds   reductions   redundant    irredundant
c          MB    restarts        trail        variables
c           level    conflicts       glue         remaining
c 
c B  9.85 423 60 6 249 15010 5413 33% 12 2218833 184  3%
c - 11.46 423 34 7 532 19311 5684 32% 11 2218833 184  3%
c W 19.34 425 31 7 636 21011 7197 32% 11 2218833 184  3%
c - 21.25 426 25 8 672 24942 6908 32% 11 2218833 184  3%
c w 43.03 429 23 8 777 27118 8830 32% 11 2218833 184  3%
c F 44.80 429 23 8 1004 28015 9583 32% 11 2218833 184  3%
c } 46.37 429 22 8 1390 31004 12215 32% 11 2218833 184  3%
c [ 46.37 429 21 8 1390 31004 12215 49% 15 2218833 184  3%
c - 47.13 429 21 9 1390 31276 7762 48% 15 2218833 184  3%
c B 48.23 429 19 9 1393 36017 11800 42% 13 2218833 184  3%
c - 49.27 429 19 10 1394 38314 8576 41% 14 2218833 184  3%
c W 58.23 429 19 10 1397 45018 14278 39% 13 2218833 184  3%
c - 59.29 429 19 11 1398 46056 9482 38% 13 2218833 184  3%
c - 62.17 429 19 12 1399 54502 10179 37% 14 2218833 184  3%
c O 62.29 429 19 12 1399 55019 10599 37% 14 2218833 184  3%
c ] 63.83 429 20 12 1405 63005 17446 36% 14 2218833 184  3%
c { 63.83 429 22 12 1405 63005 17446 32% 11 2218833 184  3%
c - 64.80 429 22 13 1561 63654 11044 32% 11 2218833 184  3%
c B 65.11 429 21 13 1679 66020 13175 32% 11 2218833 184  3%
c - 68.00 429 20 14 2379 73507 12271 32% 11 2218833 184  3%
c 
c  seconds   reductions      redundant    irredundant
c          MB     restarts          trail        variables
c           level      conflicts        glue         remaining
c 
c W 76.51 429 19 14 2555 78023 16227 32% 11 2218833 184  3%
c v 128.29 433 19 14 2623 81351 19229 32% 11 2213939 184  3%
c w 144.00 433 19 14 2623 81351 19212 32% 11 2213939 184  3%
c - 146.25 433 19 15 2651 84065 13534 32% 11 2213939 184  3%
c # 147.56 433 18 15 2975 91024 19658 32% 11 2213939 184  3%
c - 149.39 433 18 16 3440 95321 14628 32% 11 2213939 184  3%
c B 152.41 433 18 16 4281 105025 23113 32% 11 2213939 184  3%
c - 153.96 434 18 17 4557 107281 15321 32% 11 2213939 184  3%
c - 157.70 434 18 18 5486 119944 15961 32% 11 2213939 184  3%
c W 164.54 434 18 18 5486 120026 16023 32% 11 2213939 184  3%
c } 167.33 434 18 18 6438 127005 21999 32% 12 2213939 184  3%
c [ 167.33 434 20 18 6438 127005 21999 36% 14 2213939 184  3%
c - 169.17 434 19 19 6441 133311 17089 36% 13 2213939 184  3%
c B 169.67 434 20 19 6443 136030 19414 35% 14 2213939 184  3%
c - 172.75 434 20 20 6446 147382 17212 35% 14 2213939 184  3%
c W 181.10 434 20 20 6447 153032 21466 34% 14 2213939 184  3%
c - 183.38 434 20 21 6447 162156 18443 34% 14 2213939 184  3%
c v 232.93 434 20 21 6447 162679 18920 34% 14 2211221 184  3%
c w 247.87 434 20 21 6447 162679 18910 34% 14 2211221 184  3%
c I 250.52 434 20 21 6450 171034 25831 34% 14 2211221 184  3%
c 
c  seconds    reductions       redundant    irredundant
c           MB     restarts           trail        variables
c            level      conflicts         glue         remaining
c 
c - 252.15 434 20 22 6454 177634 18699 34% 14 2211221 184  3%
c B 255.19 434 20 22 6461 190037 28370 33% 14 2211221 184  3%
c - 256.41 434 20 23 6462 193813 19333 33% 15 2211221 184  3%
c W 266.27 434 20 23 6469 210038 31863 33% 15 2211221 184  3%
c - 267.16 434 20 24 6469 210695 20173 33% 15 2211221 184  3%
c - 272.48 434 21 25 6477 228282 21274 33% 15 2211221 184  3%
c O 273.10 434 21 25 6477 231040 23546 33% 15 2211221 184  3%
c - 276.16 434 20 26 6478 246571 23217 33% 14 2211221 184  3%
c B 277.38 434 20 26 6479 253043 29036 33% 14 2211221 184  3%
c ] 277.72 434 20 26 6479 255005 30697 33% 14 2211221 184  3%
c { 277.72 434 18 26 6479 255005 30697 32% 12 2211221 184  3%
c - 280.75 434 18 27 6818 265562 25780 32% 11 2211221 184  3%
c v 329.87 435 17 27 6818 271103 30681 32% 11 2205968 184  3%
c w 345.63 435 17 27 6818 271103 30671 32% 11 2205968 184  3%
c F 348.26 435 17 27 7056 276046 34982 32% 11 2205968 184  3%
c - 351.48 435 17 28 7656 285259 27360 32% 11 2205968 184  3%
c B 356.78 435 17 28 8933 300049 40207 32% 11 2205968 184  3%
c - 358.86 435 17 29 9249 305648 28411 32% 11 2205968 184  3%
c W 372.75 435 17 29 10916 325050 45450 32% 11 2205968 184  3%
c - 374.39 435 17 30 11188 326741 29444 32% 11 2205968 184  3%
c 
c  seconds    reductions        redundant    irredundant
c           MB      restarts           trail        variables
c            level       conflicts         glue         remaining
c 
c - 384.07 435 17 31 13325 348536 29919 32% 11 2205968 184  3%
c # 385.75 435 17 31 13950 351053 32060 32% 11 2205968 184  3%
c - 391.04 435 17 32 15510 371035 30259 32% 11 2205968 184  3%
c B 392.71 435 17 32 16180 378054 36282 32% 12 2205968 184  3%
c - 396.64 435 17 33 16757 394238 30475 32% 11 2205968 184  3%
c W 406.12 435 17 33 17435 406057 40818 32% 11 2205968 184  3%
c v 460.06 435 17 33 17559 406598 41295 32% 11 2201780 184  3%
c w 474.78 435 17 33 17559 406598 41287 32% 11 2201780 184  3%
c - 479.20 435 17 34 18529 418142 32494 32% 11 2201780 184  3%
c F 483.82 435 17 34 20113 435062 46926 32% 11 2201780 184  3%
c - 486.41 435 17 35 20892 442744 33020 32% 11 2201780 184  3%
c B 491.90 435 17 35 22153 465063 52378 32% 11 2201780 184  3%
c - 493.45 435 17 36 22479 468047 33741 32% 11 2201780 184  3%
c - 500.41 435 17 37 24194 494051 35742 32% 11 2201780 184  3%
c W 507.64 435 17 37 24230 496064 37549 32% 11 2201780 184  3%
c } 510.59 435 17 37 24831 511006 49958 32% 11 2201780 184  3%
c [ 510.59 435 20 37 24831 511006 49958 33% 14 2201780 184  3%
c - 512.47 435 19 38 24831 520760 36462 33% 14 2201780 184  3%
c W 520.98 435 20 38 24831 528065 42498 34% 14 2201780 184  3%
c - 525.62 436 20 39 24838 548170 36539 33% 14 2201780 184  3%
c 
c  seconds    reductions        redundant    irredundant
c           MB      restarts           trail        variables
c            level       conflicts         glue         remaining
c 
c I 529.02 436 20 39 24845 561066 46897 34% 14 2201780 184  3%
c v 597.16 445 20 39 24846 569161 53178 34% 14 2195418 184  3%
c w 615.57 446 20 39 24846 569161 53160 34% 14 2195418 184  3%
c - 618.76 445 20 40 24849 576283 34825 34% 15 2195418 184  3%
c B 622.27 445 20 40 24860 595068 48665 34% 15 2195418 184  3%
c - 624.89 445 20 41 24861 605084 34156 33% 15 2195418 184  3%
c W 636.98 445 21 41 24868 630070 53336 33% 15 2195418 184  3%
c - 639.01 446 21 42 24869 634590 35890 33% 15 2195418 184  3%
c - 645.62 446 20 43 24884 664795 38133 33% 15 2195418 184  3%
c O 645.89 446 20 43 24884 666072 39146 33% 15 2195418 184  3%
c - 652.97 446 20 44 24893 695703 40464 33% 14 2195418 184  3%
c B 654.57 446 20 44 24893 703074 46674 33% 14 2195418 184  3%
c - 660.53 446 20 45 24894 727313 42217 33% 14 2195418 184  3%
c W 673.21 446 20 45 24895 741075 52675 33% 15 2195418 184  3%
c - 678.25 446 20 46 24895 759625 42647 33% 14 2195418 184  3%
c I 683.42 446 20 46 24895 780078 59361 33% 14 2195418 184  3%
c - 687.11 446 20 47 24895 792640 41886 33% 15 2195418 184  3%
c B 693.08 446 20 47 24905 820079 62547 33% 15 2195418 184  3%
c - 695.13 446 20 48 24909 826359 41128 33% 15 2195418 184  3%
c - 703.63 446 20 49 24924 860779 42856 33% 15 2195418 184  3%
c 
c  seconds    reductions        redundant    irredundant
c           MB      restarts           trail        variables
c            level       conflicts         glue         remaining
c 
c W 714.94 446 20 49 24924 861082 43129 33% 15 2195418 184  3%
c - 723.73 446 20 50 24932 895901 42342 33% 15 2195418 184  3%
c O 725.61 446 20 50 24936 903084 47933 33% 15 2195418 184  3%
c - 732.15 446 20 51 24948 931729 44404 33% 15 2195418 184  3%
c B 735.14 446 20 51 24956 946085 55184 33% 15 2195418 184  3%
c - 740.09 446 20 52 24957 968256 45898 33% 15 2195418 184  3%
c W 756.53 446 20 52 24958 990087 63527 33% 15 2195418 184  3%
c - 761.13 447 20 53 24960 1005486 49221 33% 15 2195418 184  3%
c ] 765.55 447 21 53 24971 1023007 63473 33% 15 2195418 184  3%
c { 765.55 447 17 53 24971 1023007 63473 32% 11 2195418 184  3%
c # 769.81 447 17 53 26208 1035088 73998 32% 11 2195418 184  3%
c - 771.80 447 17 54 26499 1043418 51755 32% 11 2195418 184  3%
c B 783.25 447 17 54 29955 1081090 84180 32% 11 2195418 184  3%
c - 784.22 447 17 55 30124 1082054 53629 32% 11 2195418 184  3%
c - 793.78 447 17 56 32508 1121393 55022 32% 11 2195418 184  3%
c W 809.21 447 17 56 33011 1128092 60949 32% 11 2195418 184  3%
c - 821.05 447 17 57 35516 1161432 57160 32% 11 2195418 184  3%
c F 824.79 447 17 57 36629 1176094 70015 32% 11 2195418 184  3%
c - 833.26 447 17 58 38493 1202175 58244 32% 11 2195418 184  3%
c B 840.18 447 17 58 40339 1225095 78034 32% 11 2195418 184  3%
c 
c  seconds    reductions         redundant    irredundant
c           MB      restarts            trail        variables
c            level        conflicts         glue         remaining
c 
c - 845.76 447 17 59 41464 1243619 59435 32% 11 2195418 184  3%
c W 872.32 447 17 59 44227 1275096 87130 32% 11 2195418 184  3%
c - 875.14 448 17 60 44491 1285767 60637 32% 11 2195418 184  3%
c # 887.78 448 17 60 47709 1326097 96020 32% 11 2195418 184  3%
c - 889.38 448 17 61 48206 1328616 61948 32% 11 2195418 184  3%
c - 900.75 448 16 62 50406 1372168 63397 32% 11 2195418 184  3%
c B 902.26 448 16 62 50925 1378098 68472 32% 11 2195418 184  3%
c - 914.12 448 16 63 53298 1416424 64987 33% 11 2195418 184  3%
c W 938.55 448 17 63 55631 1431100 77380 32% 11 2195418 184  3%
c - 950.46 448 17 64 58828 1461383 66089 32% 12 2195418 184  3%
c F 957.10 448 17 64 60465 1485101 86706 32% 12 2195418 184  3%
c - 965.30 448 17 65 62149 1507045 66356 32% 12 2195418 184  3%
c B 973.87 448 17 65 63811 1540105 95319 32% 11 2195418 184  3%
c - 979.74 448 17 66 65242 1553410 69933 32% 11 2195418 184  3%
c v 1347.54 450 17 66 65242 1553410 69933 32% 11 2154101 184  3%
c w 1426.71 450 17 66 65242 1553410 69911 32% 11 2154101 184  3%
c W 1458.02 450 17 66 67669 1596106 107056 32% 11 2154101 184  3%
c - 1460.41 449 17 67 67988 1600475 71010 32% 11 2154101 184  3%
c - 1474.47 449 17 68 71707 1648073 71965 32% 11 2154101 184  3%
c # 1475.63 449 17 68 71990 1653109 76380 32% 11 2154101 184  3%
c 
c   seconds    reductions         redundant    irredundant
c            MB      restarts            trail        variables
c             level        conflicts         glue         remaining
c 
c - 1487.85 449 17 69 74927 1696371 73664 32% 11 2154101 184  3%
c B 1492.34 449 17 69 76294 1711110 86561 32% 11 2154101 184  3%
c - 1503.67 449 17 70 79592 1745370 75027 32% 12 2154101 184  3%
c W 1529.18 449 16 70 80611 1770111 96477 32% 11 2154101 184  3%
c - 1538.83 449 17 71 82782 1795068 75673 32% 11 2154101 184  3%
c F 1549.07 449 17 71 85655 1830113 106097 32% 12 2154101 184  3%
c - 1554.53 449 17 72 86845 1845470 78114 32% 12 2154101 184  3%
c B 1566.73 449 17 72 89743 1891117 118054 32% 11 2154101 184  3%
c - 1568.09 449 17 73 89770 1896569 78349 32% 11 2154101 184  3%
c - 1584.79 449 17 74 94016 1948368 80222 32% 12 2154101 184  3%
c W 1607.08 449 17 74 94424 1953118 84230 32% 12 2154101 184  3%
c - 1621.53 449 17 75 98025 2000867 80308 32% 12 2154101 184  3%
c # 1625.83 449 17 75 99240 2016120 93389 32% 12 2154101 184  3%
c } 1635.34 449 17 75 101306 2047007 120255 32% 12 2154101 184  3%
c [ 1635.34 449 21 75 101306 2047007 120255 33% 15 2154101 184  3%
c - 1636.99 449 20 76 101308 2054066 81158 33% 15 2154101 184  3%
c I 1639.88 449 19 76 101321 2080122 100193 32% 14 2154101 184  3%
c - 1644.14 449 20 77 101324 2107966 76229 32% 15 2154101 184  3%
c B 1650.75 449 20 77 101341 2145124 103556 32% 16 2154101 184  3%
c - 1654.18 449 20 78 101352 2162565 73478 32% 15 2154101 184  3%
c 
c   seconds    reductions          redundant     irredundant
c            MB      restarts              trail        variables
c             level         conflicts          glue         remaining
c 
c W 1683.83 449 21 78 101356 2211126 112293 32% 16 2154101 184  3%
c - 1686.00 449 21 79 101356 2217863 75854 32% 16 2154101 184  3%
c - 1696.05 450 20 80 101357 2273861 80060 32% 15 2154101 184  3%
c O 1697.09 450 20 80 101357 2278127 83564 33% 15 2154101 184  3%
c - 1706.44 450 20 81 101358 2330561 82044 33% 14 2154101 184  3%
c B 1708.97 450 19 81 101358 2346128 95653 33% 14 2154101 184  3%
c - 1717.91 450 20 82 101358 2387961 86475 33% 14 2154101 184  3%
c W 1756.05 453 19 82 101358 2415129 109806 33% 14 2154101 184  3%
c - 1763.42 453 19 83 101372 2446060 87243 33% 14 2154101 184  3%
c I 1771.89 453 20 83 101388 2485130 121073 33% 14 2154101 184  3%
c - 1777.35 453 20 84 101389 2504859 85707 33% 14 2154101 184  3%
c B 1788.57 453 21 84 101414 2556131 124502 33% 15 2154101 184  3%
c - 1790.96 452 21 85 101418 2564358 82225 32% 15 2154101 184  3%
c - 1802.74 453 20 86 101422 2624556 83386 33% 15 2154101 184  3%
c W 1827.30 453 20 86 101425 2628134 86361 33% 15 2154101 184  3%
c - 1842.74 453 20 87 101451 2685454 83773 32% 15 2154101 184  3%
c v 2135.18 453 20 87 101451 2685454 83773 32% 15 2113335 184  3%
c w 2212.93 453 20 87 101451 2685454 83566 32% 15 2113335 184  3%
c O 2217.11 453 20 87 101452 2701135 96433 32% 15 2113335 184  3%
c - 2227.20 433 20 88 101473 2747052 86765 33% 15 2113335 184  3%
c 
c   seconds    reductions          redundant     irredundant
c            MB      restarts              trail        variables
c             level         conflicts          glue         remaining
c 
c B 2233.06 433 20 88 101483 2775138 108439 33% 15 2113335 184  3%
c - 2241.69 433 20 89 101484 2809128 85908 33% 15 2113335 184  3%
c W 2280.92 433 20 89 101485 2850139 119320 33% 15 2113335 184  3%
c - 2286.64 434 20 90 101485 2871903 89645 33% 15 2113335 184  3%
c I 2298.96 434 21 90 101504 2926140 134251 33% 15 2113335 184  3%
c - 2302.37 434 20 91 101509 2935374 90747 33% 15 2113335 184  3%
c - 2318.48 433 20 92 101531 2999545 87619 32% 15 2113335 184  3%
c B 2319.18 433 20 92 101531 3003142 90484 32% 15 2113335 184  3%
c - 2334.58 433 20 93 101548 3064411 87746 32% 15 2113335 184  3%
c W 2374.72 433 20 93 101548 3081143 100492 32% 15 2113335 184  3%
c - 2385.11 434 20 94 101570 3129975 89567 32% 16 2113335 184  3%
c O 2391.13 434 20 94 101579 3160144 113398 32% 16 2113335 184  3%
c - 2397.27 434 19 95 101594 3196236 96352 32% 14 2113335 184  3%
c B 2404.75 434 18 95 101610 3240146 135611 33% 13 2113335 184  3%
c - 2409.88 435 18 96 101611 3263195 102023 33% 13 2113335 184  3%
c W 2460.75 446 18 96 101612 3321147 150742 33% 13 2113335 184  3%
c - 2464.66 415 19 97 101612 3330852 104875 33% 14 2113335 184  3%
c - 2481.28 414 19 98 101613 3399206 100442 32% 14 2113335 184  3%
c I 2482.13 414 19 98 101613 3403148 103520 32% 14 2113335 184  3%
c - 2497.15 413 19 99 101613 3468258 92933 32% 15 2113335 184  3%
c 
c   seconds    reductions          redundant     irredundant
c            MB      restarts              trail        variables
c             level         conflicts          glue         remaining
c 
c B 2500.21 413 19 99 101614 3486149 106605 32% 15 2113335 184  3%
c - 2511.25 414 19 100 101614 3538008 98665 32% 15 2113335 184  3%
c W 2559.94 445 19 100 101614 3570150 124858 32% 14 2113335 184  3%
c - 2569.28 415 20 101 101614 3608457 104734 32% 15 2113335 184  3%
c O 2579.77 415 20 101 101614 3655153 142437 33% 15 2113335 184  3%
c - 2584.70 415 19 102 101614 3679601 106936 32% 14 2113335 184  3%
c B 2596.67 415 18 102 101614 3741155 156542 32% 14 2113335 184  3%
c - 2600.06 415 18 103 101617 3751444 105229 32% 14 2113335 184  3%
c - 2615.31 415 19 104 101645 3823984 105326 32% 14 2113335 184  3%
c W 2662.40 433 19 104 101645 3828156 108840 32% 14 2113335 184  3%
c - 2676.27 435 20 105 101675 3897220 110234 33% 14 2113335 184  3%
c I 2681.02 435 20 105 101677 3916158 124967 33% 15 2113335 184  3%
c - 2695.05 435 21 106 101691 3971153 107181 32% 16 2113335 184  3%
c s 2695.59 448 21 106 101691 3971153 107180 32% 16 2113335 184  3%
c v 2881.96 455 21 106 101691 3971153 107180 32% 16 2090039 184  3%
c w 2963.88 455 21 106 101691 3971153 106933 32% 16 2090039 184  3%
c B 2971.63 427 20 106 101706 4005160 132373 32% 16 2090039 184  3%
c - 2978.62 426 21 107 101718 4045785 106771 32% 16 2090039 184  3%
c ] 2988.64 426 21 107 101738 4095007 144996 32% 16 2090039 184  3%
c { 2988.64 426 17 107 101738 4095007 144996 32% 12 2090039 184  3%
c 
c   seconds     reductions          redundant     irredundant
c            MB       restarts              trail        variables
c             level          conflicts          glue         remaining
c 
c B 2988.79 426 17 107 101773 4095161 145128 32% 12 2090039 184  3%
c - 2998.78 426 17 108 103614 4120959 110552 32% 12 2090039 184  3%
c W 3064.00 457 16 108 107346 4186163 167527 32% 11 2090039 184  3%
c - 3070.45 414 17 109 108356 4196829 116983 32% 11 2090039 184  3%
c - 3100.05 415 17 110 115138 4273394 122537 32% 12 2090039 184  3%
c F 3101.05 415 17 110 115550 4278164 126721 32% 12 2090039 184  3%
c - 3120.98 415 17 111 120514 4350656 123891 32% 12 2090039 184  3%
c B 3125.21 415 17 111 120779 4371165 141899 32% 11 2090039 184  3%
c - 3145.22 415 16 112 125029 4428614 122643 32% 11 2090039 184  3%
c W 3207.72 433 16 112 128202 4465166 154387 32% 11 2090039 184  3%
c - 3226.06 437 16 113 131284 4507267 126650 32% 11 2090039 184  3%
c # 3247.35 415 17 113 135691 4560170 172901 32% 11 2090039 184  3%
c - 3259.18 415 17 114 137714 4586616 128877 32% 12 2090039 184  3%
c B 3284.96 415 17 114 143049 4656171 187931 32% 12 2090039 184  3%
c - 3288.97 415 17 115 143637 4666661 128285 32% 12 2090039 184  3%
c - 3321.17 415 17 116 149569 4747402 130304 32% 12 2090039 184  3%
c W 3383.20 434 17 116 150280 4753176 135201 32% 12 2090039 184  3%
c - 3413.36 447 17 117 155102 4828839 133065 32% 12 2090039 184  3%
c F 3422.46 447 17 117 156948 4851178 152426 32% 12 2090039 184  3%
c - 3453.22 418 17 118 162684 4910972 134833 32% 12 2090039 184  3%
c 
c   seconds     reductions          redundant     irredundant
c            MB       restarts              trail        variables
c             level          conflicts          glue         remaining
c 
c B 3465.96 418 17 118 164361 4950180 169099 32% 11 2090039 184  3%
c - 3489.18 419 17 119 168353 4993801 136762 32% 12 2090039 184  3%
c W 3580.11 482 17 119 173969 5050182 184913 32% 12 2090039 184  3%
c - 3589.83 490 17 120 174768 5077327 138733 32% 12 2090039 184  3%
c # 3615.54 490 17 120 178742 5151183 202079 32% 11 2090039 184  3%
c - 3622.15 490 17 121 179971 5161550 139755 32% 12 2090039 184  3%
c - 3660.46 416 17 122 187113 5246467 142376 32% 12 2090039 184  3%
c B 3662.42 416 17 122 187495 5253186 148278 32% 12 2090039 184  3%
c - 3695.22 416 17 123 192854 5332081 142979 32% 12 2090039 184  3%
c w 4023.14 461 17 123 192854 5332081 142785 32% 12 2090039 184  3%
c W 4090.10 478 17 123 194965 5356188 163594 32% 12 2090039 184  3%
c - 4114.49 431 17 124 198480 5418391 145236 32% 11 2090039 184  3%
c F 4131.84 431 17 124 202440 5460191 181289 32% 12 2090039 184  3%
c - 4150.12 431 17 125 205271 5505397 147969 32% 12 2090039 184  3%
c B 4176.09 431 17 125 210490 5565192 199820 32% 12 2090039 184  3%
c - 4189.17 431 17 126 212548 5593098 149204 32% 12 2090039 184  3%
c W 4284.51 473 17 126 217965 5671193 216708 32% 12 2090039 184  3%
c - 4290.91 444 17 127 218679 5681495 151288 32% 12 2090039 184  3%
c - 4326.42 444 17 128 223945 5770588 153051 32% 11 2090039 184  3%
c # 4330.37 444 17 128 224912 5778197 159648 32% 12 2090039 184  3%
c 
c   seconds     reductions          redundant     irredundant
c            MB       restarts              trail        variables
c             level          conflicts          glue         remaining
c 
c - 4362.75 444 17 129 230545 5860380 154965 32% 12 2090039 184  3%
c B 4375.46 444 17 129 233049 5886198 177014 32% 12 2090039 184  3%
c - 4402.41 444 17 130 237360 5950866 155440 32% 12 2090039 184  3%
c W 4487.17 471 17 130 240227 5995199 194193 32% 11 2090039 184  3%
c - 4511.01 417 17 131 244242 6042049 157204 32% 12 2090039 184  3%
c F 4533.33 417 16 131 248396 6105202 211580 32% 11 2090039 184  3%
c - 4547.90 417 16 132 250559 6133927 159872 32% 11 2090039 184  3%
c B 4582.47 417 17 132 257216 6216204 230540 32% 12 2090039 184  3%
c - 4590.59 417 17 133 258502 6226503 161603 32% 12 2090039 184  3%
c - 4628.01 417 16 134 263903 6319774 161952 32% 11 2090039 184  3%
c W 4708.49 447 17 134 264996 6328206 169238 32% 12 2090039 184  3%
c - 4748.40 426 17 135 271694 6413742 164500 32% 12 2090039 184  3%
c # 4757.86 426 16 135 273335 6441208 188292 32% 12 2090039 184  3%
c - 4791.71 426 17 136 279334 6508404 166063 32% 12 2090039 184  3%
c B 4808.36 426 16 136 281501 6555211 206399 32% 11 2090039 184  3%
c - 4830.92 426 16 137 285104 6603764 166562 32% 11 2090039 184  3%
c W 4935.12 474 16 137 289973 6670213 223445 32% 11 2090039 184  3%
c - 4955.26 481 17 138 293475 6699818 171039 32% 12 2090039 184  3%
c F 4993.70 432 17 138 299086 6786215 244977 32% 12 2090039 184  3%
c - 4999.58 432 17 139 299746 6796569 171785 32% 11 2090039 184  3%
c 
c   seconds     reductions          redundant     irredundant
c            MB       restarts              trail        variables
c             level          conflicts          glue         remaining
c 
c - 5044.39 432 17 140 307273 6894015 175794 32% 11 2090039 184  3%
c v 5296.86 475 17 140 307273 6894015 175794 32% 11 2087893 184  3%
c w 5441.71 475 17 140 307273 6894015 175438 32% 11 2087893 184  3%
c B 5446.91 418 17 140 308046 6903216 183102 32% 12 2087893 184  3%
c - 5485.81 418 17 141 314417 6992159 177095 32% 11 2087893 184  3%
c W 5575.73 442 17 141 317024 7021218 201985 32% 12 2087893 184  3%
c - 5604.28 451 16 142 321492 7090979 178347 32% 11 2087893 184  3%
c # 5625.40 451 16 142 325215 7140219 220377 32% 12 2087893 184  3%
c - 5651.55 419 17 143 328986 7190495 179144 32% 12 2087893 184  3%
c B 5681.68 419 17 143 334326 7260222 239380 32% 12 2087893 184  3%
c - 5697.83 419 17 144 336762 7290708 182456 32% 12 2087893 184  3%
c W 5814.62 475 16 144 342293 7381223 260759 32% 11 2087893 184  3%
c - 5824.18 486 17 145 343765 7391616 183917 32% 12 2087893 184  3%
c - 5870.28 420 17 146 351678 7493219 185705 32% 12 2087893 184  3%
c F 5875.50 420 17 146 352658 7503224 194104 32% 12 2087893 184  3%
c - 5918.29 420 17 147 358834 7595522 186588 32% 12 2087893 184  3%
c B 5932.24 420 17 147 361310 7626226 212752 32% 12 2087893 184  3%
c - 5972.18 420 17 148 367798 7698517 187403 32% 12 2087893 184  3%
c W 6082.97 469 16 148 370260 7750227 231603 32% 12 2087893 184  3%
c - 6106.42 478 16 149 373612 7802207 188427 32% 11 2087893 184  3%
c 
c   seconds     reductions          redundant     irredundant
c            MB       restarts              trail        variables
c             level          conflicts          glue         remaining
c 
c # 6142.38 428 17 149 379712 7875228 250991 32% 12 2087893 184  3%
c - 6163.62 428 17 150 382838 7906594 192142 32% 12 2087893 184  3%
c B 6208.32 428 17 150 390321 8001230 273423 32% 12 2087893 184  3%
c - 6215.59 428 17 151 391160 8011676 193354 32% 12 2087893 184  3%
c - 6265.91 428 17 152 397715 8117454 193379 32% 12 2087893 184  3%
c W 6358.09 450 16 152 397810 8128231 202393 32% 12 2087893 184  3%
c } 6387.48 454 16 152 402437 8191009 256424 32% 11 2087893 184  3%
c [ 6387.48 454 21 152 402437 8191009 256424 32% 16 2087893 184  3%
c - 6395.80 456 20 153 402439 8223928 195547 32% 15 2087893 184  3%
c W 6503.10 457 18 153 402440 8256233 222445 32% 14 2087893 184  3%
c - 6533.89 432 18 154 402454 8331098 193874 33% 13 2087893 184  3%
c O 6553.87 432 18 154 402471 8385235 239069 33% 13 2087893 184  3%
c - 6573.30 431 18 155 402495 8438966 188532 33% 13 2087893 184  3%
c B 6600.14 431 18 155 402509 8515236 246601 33% 14 2087893 184  3%
c - 6612.07 430 19 156 402524 8547528 179973 33% 15 2087893 184  3%
c s 6613.10 430 19 156 402524 8547528 179972 33% 15 2087893 184  3%
c v 6755.41 430 19 156 402524 8547528 179972 33% 15 2077314 184  3%
c w 6871.95 430 19 156 402524 8547528 179404 33% 15 2077314 184  3%
c W 7002.58 455 19 156 402563 8646240 254616 33% 15 2077314 184  3%
c - 7007.61 428 20 157 402565 8656787 175854 33% 15 2077314 184  3%
c 
c   seconds     reductions          redundant     irredundant
c            MB       restarts              trail        variables
c             level          conflicts          glue         remaining
c 
c - 7039.67 429 20 158 402567 8766636 181168 33% 15 2077314 184  3%
c I 7043.18 429 20 158 402568 8778241 191047 33% 15 2077314 184  3%
c - 7076.18 428 20 159 402568 8877180 175587 32% 16 2077314 184  3%
c B 7086.41 428 20 159 402574 8911244 201454 32% 16 2077314 184  3%
c - 7110.04 428 19 160 402600 8988422 178563 32% 15 2077314 184  3%
c W 7226.44 444 18 160 402628 9045245 219961 32% 15 2077314 184  3%
c - 7244.63 420 18 161 402631 9100359 179150 32% 15 2077314 184  3%
c O 7268.90 420 18 161 402662 9180249 235985 31% 14 2077314 184  3%
c - 7277.67 420 18 162 402677 9212989 180745 32% 14 2077314 184  3%
c B 7313.10 420 17 162 402695 9316250 268071 33% 13 2077314 184  3%
c - 7317.67 422 18 163 402695 9326315 192481 33% 13 2077314 184  3%
c - 7357.79 420 19 164 402726 9440336 183629 32% 15 2077314 184  3%
c W 7469.00 462 19 164 402729 9453251 192614 32% 15 2077314 184  3%
c - 7496.70 418 19 165 402758 9555053 180119 32% 15 2077314 184  3%
c I 7505.87 418 19 165 402772 9591252 208462 32% 15 2077314 184  3%
c - 7530.52 419 20 166 402803 9670465 185554 31% 16 2077314 184  3%
c B 7545.00 419 20 166 402820 9730255 232693 31% 16 2077314 184  3%
c - 7563.87 420 20 167 402822 9786571 192395 32% 16 2077314 184  3%
c W 7703.17 478 20 167 402823 9870256 256424 32% 16 2077314 184  3%
c - 7714.12 483 20 168 402823 9903374 197811 33% 15 2077314 184  3%
c 
c   seconds     reductions           redundant     irredundant
c            MB       restarts               trail        variables
c             level          conflicts           glue         remaining
c 
c O 7753.29 483 19 168 402824 10011257 290598 33% 14 2077314 184  3%
c - 7757.44 421 19 169 402824 10020872 206281 33% 14 2077314 184  3%
c - 7800.41 421 16 170 402824 10139064 206962 34% 12 2077314 184  3%
c B 7805.58 421 17 170 402824 10153260 219079 34% 12 2077314 184  3%
c - 7833.81 421 18 171 402825 10257953 212322 33% 13 2077314 184  3%
c W 7963.64 478 17 171 402825 10296262 243962 33% 13 2077314 184  3%
c - 7990.45 461 18 172 402825 10377537 214295 33% 13 2077314 184  3%
c s 7991.58 421 18 172 402825 10377537 214294 33% 13 2077125 184  3%
c v 8132.24 421 18 172 402825 10377537 214294 33% 13 2060232 184  3%
c w 8258.23 424 18 172 402825 10377537 213676 33% 13 2060232 184  3%
c I 8281.77 424 19 172 402825 10440266 264392 33% 14 2060232 184  3%
c - 8309.49 422 19 173 402825 10497815 206257 32% 15 2060232 184  3%
c B 8339.16 422 19 173 402825 10585268 269150 32% 15 2060232 184  3%
c - 8350.63 422 20 174 402825 10618601 203028 32% 16 2060232 184  3%
c W 8512.20 477 20 174 402825 10731271 294172 32% 16 2060232 184  3%
c - 8516.52 443 20 175 402825 10740083 208530 32% 16 2060232 184  3%
c - 8561.86 444 21 176 402870 10862258 210023 33% 16 2060232 184  3%
c O 8567.17 444 21 176 402875 10878275 221485 33% 16 2060232 184  3%
c - 8607.58 444 20 177 402903 10985127 214615 33% 15 2060232 184  3%
c B 8622.71 444 20 177 402919 11026277 247570 33% 15 2060232 184  3%
c 
c   seconds     reductions           redundant     irredundant
c            MB       restarts               trail        variables
c             level          conflicts           glue         remaining
c 
c - 8652.77 444 20 178 402950 11108692 214878 33% 16 2060232 184  3%
c W 8802.15 472 20 178 402952 11175280 267302 33% 15 2060232 184  3%
c - 8824.31 421 19 179 402959 11232952 217354 33% 14 2060232 184  3%
c I 8862.51 421 19 179 402997 11325286 294787 33% 14 2060232 184  3%
c - 8877.82 421 19 180 403012 11357906 218716 33% 15 2060232 184  3%
c B 8919.56 421 19 180 403044 11476287 307947 32% 15 2060232 184  3%
c - 8922.96 420 19 181 403045 11483551 213453 32% 15 2060232 184  3%
c - 8969.02 420 19 182 403078 11609890 214528 33% 15 2060232 184  3%
c W 9108.47 452 20 182 403079 11628289 229297 33% 15 2060232 184  3%
c - 9151.28 429 18 183 403080 11736923 223910 33% 14 2060232 184  3%
c O 9171.80 429 18 183 403080 11781290 261479 33% 14 2060232 184  3%
c - 9197.15 430 17 184 403105 11864651 232858 33% 12 2060232 184  3%
c B 9221.94 430 17 184 403129 11935293 292231 33% 12 2060232 184  3%
c - 9242.16 431 18 185 403143 11993074 237565 33% 14 2060232 184  3%
c W 9412.20 473 19 185 403174 12090295 314716 33% 15 2060232 184  3%
c - 9426.42 475 20 186 403189 12122190 230108 32% 15 2060232 184  3%
c I 9471.49 422 19 186 403207 12246297 324538 32% 15 2060232 184  3%
c - 9475.60 421 19 187 403207 12252000 222992 32% 15 2060232 184  3%
c - 9527.52 421 18 188 403251 12382504 221709 32% 15 2060232 184  3%
c s 9528.63 421 18 188 403251 12382504 221709 32% 15 2058997 184  3%
c 
c   seconds     reductions           redundant     irredundant
c            MB       restarts               trail        variables
c             level          conflicts           glue         remaining
c 
c v 9695.44 440 18 188 403251 12382504 221709 32% 15 2009739 184  3%
c w 9848.42 440 18 188 403251 12382504 221309 32% 15 2009739 184  3%
c B 9856.69 421 19 188 403260 12403300 235852 32% 15 2009739 184  3%
c - 9897.90 419 18 189 403288 12513706 227859 32% 14 2009739 184  3%
c W 10049.04 472 18 189 403302 12561301 266054 32% 15 2009739 184  3%
c - 10081.21 437 20 190 403333 12644984 235487 33% 15 2009739 184  3%
c O 10105.75 437 19 190 403334 12720302 297864 33% 15 2009739 184  3%
c - 10123.84 437 18 191 403335 12776953 238070 33% 13 2009739 184  3%
c B 10157.90 437 19 191 403336 12880309 325031 33% 14 2009739 184  3%
c - 10171.03 438 20 192 403336 12909613 243304 33% 15 2009739 184  3%
c W 10375.20 475 19 192 403336 13041311 352659 33% 15 2009739 184  3%
c - 10376.97 441 19 193 403336 13042964 242241 33% 15 2009739 184  3%
c - 10434.10 440 19 194 403355 13177006 238548 33% 14 2009739 184  3%
c I 10443.49 440 19 194 403366 13203313 257168 32% 15 2009739 184  3%
c - 10493.92 438 20 195 403399 13311739 224828 32% 16 2009739 184  3%
c B 10516.00 438 19 195 403414 13366315 263361 32% 16 2009739 184  3%
c - 10548.37 439 20 196 403445 13447163 228120 32% 16 2009739 184  3%
c W 10739.16 494 20 196 403462 13530316 293082 32% 15 2009739 184  3%
c - 10758.40 448 19 197 403463 13583279 236770 33% 14 2009739 184  3%
c O 10800.50 448 18 197 403501 13695318 330055 33% 14 2009739 184  3%
c 
c   seconds      reductions           redundant     irredundant
c             MB       restarts               trail        variables
c              level          conflicts           glue         remaining
c 
c - 10811.50 449 18 198 403511 13720086 247046 33% 14 2009739 184  3%
c - 10872.41 448 19 199 403555 13857583 245301 33% 15 2009739 184  3%
c B 10873.91 448 19 199 403556 13861320 248105 32% 15 2009739 184  3%
c - 10932.44 448 18 200 403589 13995771 243144 32% 15 2009739 184  3%
c W 11108.00 475 18 200 403590 14028321 267686 32% 14 2009739 184  3%
c - 11157.69 438 18 201 403591 14134651 248080 33% 14 2009739 184  3%
c I 11183.94 438 18 201 403591 14196324 300670 33% 13 2009739 184  3%
c - 11220.85 439 18 202 403622 14274223 248987 33% 14 2009739 184  3%
c B 11258.24 439 18 202 403654 14365325 315235 32% 14 2009739 184  3%
c - 11279.29 438 18 203 403666 14414484 245020 33% 15 2009739 184  3%
c v 11452.97 451 18 203 403666 14414484 245020 33% 15 1931334 184  3%
c w 11577.76 454 18 203 403666 14414484 244339 33% 15 1931334 184  3%
c W 11768.15 451 18 203 403714 14535327 338975 32% 14 1931334 184  3%
c - 11777.86 416 18 204 403716 14555436 249929 33% 14 1931334 184  3%
c - 11837.19 417 19 205 403736 14696019 256724 32% 15 1931334 184  3%
c O 11841.52 417 19 205 403741 14706330 264971 32% 15 1931334 184  3%
c - 11899.54 417 19 206 403781 14837284 253651 33% 15 1931334 184  3%
c B 11915.67 417 19 206 403794 14878335 285143 33% 15 1931334 184  3%
c - 11954.36 416 19 207 403831 14979237 250466 32% 15 1931334 184  3%
c W 12152.50 453 20 207 403844 15051339 308015 32% 16 1931334 184  3%
c 
c   seconds      reductions           redundant     irredundant
c             MB       restarts               trail        variables
c              level          conflicts           glue         remaining
c 
c - 12179.49 424 19 208 403845 15121875 258475 33% 14 1931334 184  3%
c I 12217.38 424 18 208 403846 15225341 346611 33% 13 1931334 184  3%
c - 12236.82 424 18 209 403847 15265198 263072 33% 14 1931334 184  3%
c B 12292.46 424 18 209 403847 15400342 370682 32% 14 1931334 184  3%
c - 12296.96 424 18 210 403847 15409208 261826 32% 14 1931334 184  3%
c - 12367.15 425 17 211 403848 15553903 269132 33% 13 1931334 184  3%
c W 12537.44 446 16 211 403848 15576344 288811 33% 13 1931334 184  3%
c - 12592.18 418 18 212 403848 15699286 269078 33% 14 1931334 184  3%
c O 12614.51 418 18 212 403848 15753345 312626 33% 14 1931334 184  3%
c - 12650.91 418 18 213 403848 15845353 272392 33% 13 1931334 184  3%
c B 12690.73 418 18 213 403848 15931346 344935 33% 14 1931334 184  3%
c - 12721.91 419 19 214 403848 15992106 278461 33% 14 1931334 184  3%
c W 12935.58 465 19 214 403849 16110347 368480 32% 15 1931334 184  3%
c - 12950.82 441 19 215 403849 16139543 271113 33% 15 1931334 184  3%
c - 13021.59 418 18 216 403849 16287668 271370 33% 14 1931334 184  3%
c I 13022.94 418 18 216 403849 16290348 273236 33% 14 1931334 184  3%
c ] 13066.92 418 18 216 403849 16383010 341185 33% 15 1931334 184  3%
c { 13066.92 418 16 216 403849 16383010 341185 32% 11 1931334 184  3%
c - 13116.12 420 17 217 409438 16436480 271264 32% 12 1931334 184  3%
c F 13136.64 420 17 217 412032 16471356 299760 32% 12 1931334 184  3%
c 
c   seconds      reductions           redundant     irredundant
c             MB       restarts               trail        variables
c              level          conflicts           glue         remaining
c 
c - 13218.50 421 16 218 420251 16585980 284206 32% 12 1931334 184  3%
c v 13414.75 431 16 218 420251 16585980 284206 32% 12 1792976 184  3%
c w 13566.58 433 16 218 420251 16585980 283798 32% 12 1792976 184  3%
c B 13603.16 433 17 218 425920 16653357 341521 32% 12 1792976 184  3%
c - 13663.60 426 16 219 431522 16736160 297225 32% 12 1792976 184  3%
c W 13881.89 453 17 219 439492 16836359 382604 32% 12 1792976 184  3%
c - 13902.67 459 17 220 442885 16884895 300269 32% 12 1792976 184  3%
c # 13972.35 437 17 220 453289 17020362 417054 32% 12 1792976 184  3%
c - 13980.59 437 17 221 454113 17034307 295412 32% 12 1792976 184  3%
c - 14078.14 436 16 222 465489 17184398 288336 32% 12 1792976 184  3%
c B 14091.29 436 16 222 467471 17205367 306025 32% 12 1792976 184  3%
c - 14177.71 436 17 223 477568 17335164 289252 32% 12 1792976 184  3%
c W 14377.87 454 17 223 481045 17391368 336385 32% 12 1792976 184  3%
c - 14442.70 439 17 224 487706 17486604 289848 32% 12 1792976 184  3%
c F 14495.58 439 17 224 494022 17578369 367136 32% 12 1792976 184  3%
c - 14529.17 440 16 225 497321 17638722 294107 32% 11 1792976 184  3%
c B 14602.60 440 16 225 507176 17766371 403851 32% 11 1792976 184  3%
c - 14619.94 440 16 226 509152 17791516 305355 32% 12 1792976 184  3%
c - 14699.45 440 16 227 519203 17944985 304203 32% 11 1792976 184  3%
c W 14874.57 457 16 227 519891 17955373 313199 32% 11 1792976 184  3%
c 
c   seconds      reductions           redundant     irredundant
c             MB       restarts               trail        variables
c              level          conflicts           glue         remaining
c 
c - 14952.17 429 17 228 531629 18099129 306718 32% 12 1792976 184  3%
c # 14977.81 429 17 228 535436 18145374 346043 32% 12 1792976 184  3%
c - 15047.63 429 16 229 542881 18253950 304573 32% 12 1792976 184  3%
c B 15091.97 429 16 229 548088 18336375 374372 32% 12 1792976 184  3%
c - 15139.12 429 16 230 553177 18409446 306860 32% 12 1792976 184  3%
c W 15383.27 468 16 230 561195 18528377 408427 32% 12 1792976 184  3%
c - 15411.64 450 16 231 563547 18565618 309120 32% 11 1792976 184  3%
c F 15510.59 413 16 231 574872 18721380 440763 32% 12 1792976 184  3%
c - 15512.53 412 16 232 575054 18722466 310785 32% 12 1792976 184  3%
c - 15598.58 413 16 233 586317 18879990 317868 32% 12 1792976 184  3%
c v 15787.00 413 16 233 586317 18879990 317868 32% 12 1670520 184  3%
c w 15984.26 413 16 233 586317 18879990 317279 32% 12 1670520 184  3%
c B 16004.73 413 16 233 588750 18915385 347908 32% 11 1670520 184  3%
c - 16070.99 407 17 234 598706 19038191 322148 32% 12 1670520 184  3%
c W 16280.32 421 16 234 603238 19110387 383912 32% 12 1670520 184  3%
c - 16331.32 424 17 235 610262 19194902 323332 32% 12 1670520 184  3%
c # 16392.08 424 16 235 618077 19306389 417764 32% 12 1670520 184  3%
c - 16426.10 424 17 236 622325 19352280 322902 32% 12 1670520 184  3%
c B 16534.06 424 17 236 633277 19503390 451202 32% 12 1670520 184  3%
c - 16543.22 424 17 237 634388 19510325 320195 32% 12 1670520 184  3%
c 
c   seconds      reductions           redundant     irredundant
c             MB       restarts               trail        variables
c              level          conflicts           glue         remaining
c 
c - 16650.49 424 16 238 644891 19669036 321907 32% 12 1670520 184  3%
c W 16843.72 431 16 238 647313 19701391 348763 32% 12 1670520 184  3%
c - 16938.70 446 16 239 656853 19828414 324877 32% 12 1670520 184  3%
c F 16985.63 446 16 239 662067 19900392 385292 32% 12 1670520 184  3%
c - 17055.50 446 16 240 668620 19988459 326881 32% 12 1670520 184  3%
c B 17134.88 446 17 240 677837 20100393 421215 32% 12 1670520 184  3%
c - 17177.63 446 17 241 682589 20149171 331257 32% 12 1670520 184  3%
c W 17445.48 459 16 241 692830 20301394 459582 32% 12 1670520 184  3%
c - 17456.11 467 16 242 693768 20310550 331214 32% 12 1670520 184  3%
c - 17568.12 412 17 243 705659 20472595 335438 32% 12 1670520 184  3%
c # 17583.06 412 16 243 707421 20503397 361055 32% 12 1670520 184  3%
c - 17679.37 412 17 244 718215 20635308 337374 32% 12 1670520 184  3%
c B 17715.65 412 16 244 722177 20706401 397549 32% 12 1670520 184  3%
c - 17782.96 412 16 245 728942 20798688 339787 32% 12 1670520 184  3%
c W 18024.77 442 16 245 736570 20910406 432709 32% 12 1670520 184  3%
c - 18065.37 446 16 246 739956 20962734 339183 32% 12 1670520 184  3%
c F 18154.29 446 16 246 749815 21115407 470376 32% 11 1670520 184  3%
c - 18163.87 447 17 247 750911 21127447 349688 32% 12 1670520 184  3%
c - 18275.13 447 16 248 762735 21292827 347888 32% 12 1670520 184  3%
c v 18382.53 447 16 248 762735 21292827 347888 32% 12 1568663 184  3%
c 
c   seconds      reductions           redundant     irredundant
c             MB       restarts               trail        variables
c              level          conflicts           glue         remaining
c 
c w 18556.32 447 16 248 762735 21292827 347084 32% 12 1568663 184  3%
c B 18573.33 447 16 248 764323 21321409 371169 32% 11 1568663 184  3%
c - 18651.52 442 16 249 775538 21458877 352918 32% 12 1568663 184  3%
c W 18858.90 442 16 249 780003 21528415 412200 32% 11 1568663 184  3%
c - 18925.73 446 17 250 789283 21623541 353042 32% 12 1568663 184  3%
c # 18994.61 446 17 250 797027 21736418 448797 32% 12 1568663 184  3%
c - 19037.79 446 17 251 800935 21788864 349181 32% 12 1568663 184  3%
c B 19146.07 446 16 251 811749 21945420 481529 32% 12 1568663 184  3%
c - 19152.61 446 16 252 812443 21954846 349608 32% 12 1568663 184  3%
c - 19277.75 446 17 253 826780 22121487 354046 32% 12 1568663 184  3%
c W 19473.17 447 17 253 828382 22155421 382343 32% 12 1568663 184  3%
c - 19564.24 403 16 254 837115 22288787 355912 32% 12 1568663 184  3%
c F 19616.20 403 17 254 843780 22366423 421330 32% 12 1568663 184  3%
c - 19678.72 404 16 255 849875 22456745 360578 32% 12 1568663 184  3%
c B 19760.86 404 16 255 859567 22578424 461886 32% 12 1568663 184  3%
c - 19800.85 404 16 256 862996 22625364 361461 32% 12 1568663 184  3%
c W 20099.67 438 16 256 874047 22791426 500672 32% 11 1568663 184  3%
c - 20105.49 445 16 257 874598 22794639 362213 32% 12 1568663 184  3%
c - 20246.12 404 17 258 889195 22964572 368611 32% 12 1568663 184  3%
c # 20273.67 404 17 258 892140 23005430 402640 32% 12 1568663 184  3%
c 
c   seconds      reductions           redundant     irredundant
c             MB       restarts               trail        variables
c              level          conflicts           glue         remaining
c 
c - 20373.46 404 16 259 900665 23135165 366566 32% 12 1568663 184  3%
c B 20436.46 404 16 259 907177 23220432 437537 32% 12 1568663 184  3%
c - 20493.22 404 16 260 911626 23306417 370002 32% 12 1568663 184  3%
c W 20778.33 436 16 260 921231 23436436 477353 32% 12 1568663 184  3%
c - 20815.76 446 16 261 924609 23478326 371448 32% 12 1568663 184  3%
c - 20944.73 450 16 262 936843 23650894 375150 32% 12 1568663 184  3%
c F 20945.99 450 16 262 936935 23653437 377286 32% 12 1568663 184  3%
c - 21082.39 405 17 263 950000 23824121 379359 32% 12 1568663 184  3%
c v 21279.82 405 17 263 950000 23824121 379359 32% 12 1401466 184  3%
c w 21541.27 407 17 263 950000 23824121 378569 32% 12 1401466 184  3%
c B 21572.55 407 17 263 953158 23871441 418275 32% 12 1401466 184  3%
c - 21671.23 398 16 264 961706 23998007 380025 32% 12 1401466 184  3%
c W 21911.64 398 16 264 968662 24090442 456241 32% 12 1401466 184  3%
c - 21978.38 409 16 265 974656 24168660 380413 32% 12 1401466 184  3%
c # 22080.13 409 16 265 984612 24310443 499239 32% 12 1401466 184  3%
c - 22104.90 409 16 266 986432 24339958 379381 32% 12 1401466 184  3%
c - 22217.72 409 17 267 999165 24511899 385695 32% 12 1401466 184  3%
c B 22230.43 409 17 267 1001206 24531448 401603 32% 12 1401466 184  3%
c - 22332.08 409 17 268 1011421 24684484 386100 32% 12 1401466 184  3%
c W 22545.90 410 16 268 1015247 24753450 445077 32% 12 1401466 184  3%
c 
c   seconds      reductions            redundant     irredundant
c             MB        restarts               trail        variables
c              level           conflicts           glue         remaining
c 
c - 22637.95 429 17 269 1023930 24857713 386034 32% 12 1401466 184  3%
c F 22728.62 429 16 269 1032174 24976451 483928 32% 12 1401466 184  3%
c - 22771.40 429 16 270 1035256 25031587 387236 32% 12 1401466 184  3%
c B 22887.69 429 16 270 1047346 25200454 528542 32% 12 1401466 184  3%
c - 22893.74 429 16 271 1047876 25206104 394802 32% 12 1401466 184  3%
c - 23019.08 430 16 272 1061172 25381265 397157 32% 12 1401466 184  3%
c W 23226.69 430 16 272 1063538 25425455 433527 32% 12 1401466 184  3%
c - 23346.52 437 17 273 1075909 25557070 395247 32% 12 1401466 184  3%
c # 23408.79 437 17 273 1081987 25651457 471391 32% 12 1401466 184  3%
c - 23470.04 437 16 274 1087092 25733521 394563 32% 12 1401466 184  3%
c B 23582.16 437 16 274 1097573 25878458 513912 32% 12 1401466 184  3%
c - 23609.41 437 16 275 1099645 25910615 396889 32% 12 1401466 184  3%
c - 23742.36 438 16 276 1111855 26088353 401695 32% 12 1401466 184  3%
c W 23931.83 438 16 276 1112970 26106459 416568 32% 12 1401466 184  3%
c - 24067.12 438 16 277 1125287 26266734 405075 32% 12 1401466 184  3%
c F 24122.34 438 16 277 1130860 26335461 462409 32% 12 1401466 184  3%
c - 24213.36 438 16 278 1137774 26445761 407689 32% 12 1401466 184  3%
c v 24707.92 438 16 278 1137774 26445761 407689 32% 12 1401449 184  3%
c w 24953.77 438 16 278 1137774 26445761 406159 32% 12 1401449 184  3%
c B 25055.04 438 16 278 1147924 26565462 505268 32% 12 1401449 184  3%
c 
c   seconds      reductions            redundant     irredundant
c             MB        restarts               trail        variables
c              level           conflicts           glue         remaining
c 
c - 25104.01 438 16 279 1151334 26625429 407859 32% 12 1401449 184  3%
c W 25454.26 439 16 279 1165975 26796463 549772 32% 12 1401449 184  3%
c - 25463.39 440 16 280 1166417 26805745 412535 32% 12 1401449 184  3%
c - 25614.99 440 16 281 1179312 26986701 415749 32% 12 1401449 184  3%
c # 25646.60 440 16 281 1182467 27028464 450044 32% 12 1401449 184  3%
c - 25754.83 440 16 282 1190837 27168301 416349 32% 11 1401449 184  3%
c B 25837.80 440 16 282 1199501 27261465 492954 32% 12 1401449 184  3%
c - 25909.74 441 16 283 1204744 27350547 420582 32% 12 1401449 184  3%
c W 26234.67 441 16 283 1216136 27495467 538228 32% 12 1401449 184  3%
c - 26265.25 441 16 284 1218397 27533437 420770 32% 12 1401449 184  3%
c - 26415.27 441 16 285 1231451 27716969 421301 32% 12 1401449 184  3%
c F 26421.28 441 16 285 1231770 27730468 432493 32% 12 1401449 184  3%
c - 26567.65 441 16 286 1245219 27901147 424676 32% 12 1401449 184  3%
c B 26614.21 441 16 286 1249374 27966471 478913 32% 12 1401449 184  3%
c - 26717.19 442 16 287 1257073 28085968 429933 32% 12 1401449 184  3%
c W 27024.79 442 16 287 1267738 28203476 526735 32% 12 1401449 184  3%
c - 27092.83 443 16 288 1272156 28271432 432110 32% 12 1401449 184  3%
c # 27230.97 443 16 288 1283249 28441482 571359 32% 12 1401449 184  3%
c - 27250.14 443 16 289 1284661 28457542 432773 32% 12 1401449 184  3%
c - 27408.53 443 16 290 1299053 28644295 434908 32% 12 1401449 184  3%
c 
c   seconds      reductions            redundant     irredundant
c             MB        restarts               trail        variables
c              level           conflicts           glue         remaining
c 
c B 27435.01 443 16 290 1301665 28680483 465294 32% 12 1401449 184  3%
c - 27564.12 444 16 291 1311890 28831693 438972 32% 12 1401449 184  3%
c W 27834.98 444 16 291 1318056 28920484 512459 32% 12 1401449 184  3%
c - 27931.53 444 16 292 1325576 29019734 438894 32% 12 1401449 184  3%
c F 28045.93 444 16 292 1335389 29161487 554383 32% 12 1401449 184  3%
c - 28099.94 444 16 293 1339814 29208420 440717 32% 12 1401449 184  3%
c v 28297.96 444 16 293 1339814 29208420 440717 32% 12 1401441 184  3%
c w 28555.14 444 16 293 1339814 29208420 438675 32% 12 1401441 184  3%
c - 28724.92 444 16 294 1353287 29397748 440129 32% 12 1401441 184  3%
c B 28730.70 444 16 294 1353994 29403488 444719 32% 12 1401441 184  3%
c - 28890.45 444 16 295 1366981 29587719 444848 32% 12 1401441 184  3%
c W 29141.68 444 16 295 1370302 29646492 493827 32% 12 1401441 184  3%
c - 29264.80 445 16 296 1380150 29778334 448632 32% 12 1401441 184  3%
c # 29355.71 445 16 296 1387869 29890494 540513 32% 12 1401441 184  3%
c - 29428.51 445 16 297 1392940 29969594 449287 32% 12 1401441 184  3%
c B 29580.80 445 16 297 1405359 30135497 585609 32% 12 1401441 184  3%
c - 29605.93 444 16 298 1407324 30161497 450521 32% 12 1401441 184  3%
c - 29762.36 445 16 299 1419412 30354048 452302 32% 12 1401441 184  3%
c W 30007.22 445 16 299 1422394 30381498 474597 32% 12 1401441 184  3%
c - 30161.24 445 16 300 1434279 30547242 456545 32% 12 1401441 184  3%
c 
c   seconds      reductions            redundant     irredundant
c             MB        restarts               trail        variables
c              level           conflicts           glue         remaining
c 
c F 30226.56 445 16 300 1439678 30628500 522186 32% 12 1401441 184  3%
c - 30341.86 445 16 301 1448688 30741079 458038 32% 12 1401441 184  3%
c B 30458.00 445 16 301 1457960 30876502 568591 32% 12 1401441 184  3%
c - 30514.76 446 16 302 1462055 30935564 462216 32% 12 1401441 184  3%
c W 30921.48 449 16 302 1477287 31125507 617010 32% 12 1401441 184  3%
c - 30927.59 454 16 303 1477598 31130690 465062 32% 12 1401441 184  3%
c - 31099.16 402 16 304 1490952 31326457 468045 32% 12 1401441 184  3%
c # 31128.33 402 16 304 1492683 31375508 508604 32% 12 1401441 184  3%
c - 31277.34 402 16 305 1504857 31522868 467761 32% 12 1401441 184  3%
c B 31371.23 402 16 305 1512603 31626511 552099 32% 12 1401441 184  3%
c - 31462.81 402 16 306 1518777 31719923 472198 32% 12 1401441 184  3%
c W 31837.66 427 16 306 1528993 31878512 600984 32% 12 1401441 184  3%
c - 31890.90 440 16 307 1533152 31917622 473212 32% 12 1401441 184  3%
c - 32082.21 402 17 308 1548092 32115966 476461 32% 13 1401441 184  3%
c w 32559.61 402 17 308 1548092 32115966 475115 32% 13 1401441 184  3%
c F 32568.50 402 17 308 1548674 32131514 488488 32% 12 1401441 184  3%
c - 32741.76 402 17 309 1562320 32314953 478487 32% 12 1401441 184  3%
c B 32790.65 402 16 309 1565415 32385515 537250 32% 12 1401441 184  3%
c - 32920.79 403 16 310 1575760 32514587 482717 32% 12 1401441 184  3%
c W 33259.75 414 16 310 1585273 32640517 585844 32% 12 1401441 184  3%
c 
c   seconds      reductions            redundant     irredundant
c             MB        restarts               trail        variables
c              level           conflicts           glue         remaining
c 
c - 33337.96 426 16 311 1590606 32714863 484097 32% 12 1401441 184  3%
c } 33383.00 426 16 311 1594085 32767010 526250 32% 12 1401441 184  3%
c [ 33383.00 426 18 311 1594085 32767010 526250 33% 15 1401441 184  3%
c B 33434.41 426 19 311 1594085 32896519 631088 33% 14 1401441 184  3%
c - 33441.97 426 19 312 1594085 32915783 477052 33% 15 1401441 184  3%
c - 33527.16 425 18 313 1594085 33117348 455654 33% 14 1401441 184  3%
c W 33768.33 425 18 313 1594085 33153520 484586 33% 14 1401441 184  3%
c - 33866.63 426 18 314 1594085 33319555 456026 33% 14 1401441 184  3%
c O 33919.41 426 18 314 1594085 33411523 531392 33% 14 1401441 184  3%
c - 33983.33 426 17 315 1594100 33522410 462536 33% 13 1401441 184  3%
c B 34075.34 426 18 315 1594148 33670524 582942 33% 14 1401441 184  3%
c - 34110.63 426 18 316 1594166 33725905 465950 33% 14 1401441 184  3%
c - 34212.93 425 18 317 1594212 33930044 458263 33% 14 1401441 184  3%
c W 34460.43 425 18 317 1594212 33930526 458643 33% 14 1401441 184  3%
c - 34584.38 426 18 318 1594275 34134827 460342 33% 14 1401441 184  3%
c I 34617.78 426 18 318 1594296 34191528 504168 33% 14 1401441 184  3%
c - 34708.06 424 18 319 1594338 34340254 450893 33% 14 1401441 184  3%
c B 34764.76 424 18 319 1594340 34453531 533333 33% 14 1401441 184  3%
c - 34813.51 424 19 320 1594340 34546325 452423 33% 15 1401441 184  3%
c W 35163.72 427 18 320 1594403 34716533 586384 32% 15 1401441 184  3%
c 
c   seconds      reductions            redundant     irredundant
c             MB        restarts               trail        variables
c              level           conflicts           glue         remaining
c 
c - 35184.36 430 18 321 1594409 34753040 459244 33% 14 1401441 184  3%
c - 35307.29 430 18 322 1594467 34960399 458184 32% 15 1401441 184  3%
c O 35316.60 430 18 322 1594467 34980534 474037 32% 15 1401441 184  3%
c - 35438.15 430 17 323 1594529 35168402 461930 33% 14 1401441 184  3%
c v 35603.32 430 17 323 1594529 35168402 461930 33% 14 1401417 184  3%
c w 35913.60 430 17 323 1594529 35168402 459642 33% 14 1401417 184  3%
c B 35960.49 430 17 323 1594548 35245535 517484 33% 14 1401417 184  3%
c - 36039.52 430 19 324 1594593 35377050 462894 32% 15 1401417 184  3%
c W 36372.42 430 18 324 1594595 35511537 567047 32% 15 1401417 184  3%
c - 36412.83 432 18 325 1594595 35586342 470235 33% 14 1401417 184  3%
c I 36528.14 432 16 325 1594596 35778538 636956 34% 11 1401417 184  3%
c - 36542.85 433 16 326 1594596 35796276 482547 33% 12 1401417 184  3%
c - 36659.96 431 17 327 1594656 36006855 471902 32% 14 1401417 184  3%
c B 36681.00 431 17 327 1594659 36046539 501969 32% 14 1401417 184  3%
c - 36778.05 432 18 328 1594721 36218077 470371 32% 14 1401417 184  3%
c W 37084.29 432 17 328 1594723 36315541 548296 33% 14 1401417 184  3%
c - 37152.63 433 18 329 1594763 36429943 477653 33% 14 1401417 184  3%
c O 37249.40 433 18 329 1594815 36585542 598921 32% 14 1401417 184  3%
c - 37282.06 433 18 330 1594832 36642453 477894 32% 14 1401417 184  3%
c - 37404.01 432 16 331 1594851 36855607 473873 32% 13 1401417 184  3%
c 
c   seconds      reductions            redundant     irredundant
c             MB        restarts               trail        variables
c              level           conflicts           glue         remaining
c 
c B 37404.52 432 16 331 1594851 36856543 474600 32% 13 1401417 184  3%
c - 37519.64 433 17 332 1594912 37069405 476485 32% 14 1401417 184  3%
c W 37828.60 433 17 332 1594917 37128545 521003 33% 14 1401417 184  3%
c - 37914.41 434 17 333 1594976 37283847 485774 33% 13 1401417 184  3%
c I 37983.94 434 17 333 1594985 37401546 583718 33% 13 1401417 184  3%
c - 38053.16 435 19 334 1595024 37498933 491050 33% 15 1401417 184  3%
c B 38167.60 435 18 334 1595075 37675547 625959 32% 14 1401417 184  3%
c - 38200.05 433 17 335 1595094 37714664 483681 32% 14 1401417 184  3%
c - 38330.26 433 17 336 1595106 37931042 478666 32% 14 1401417 184  3%
c W 38623.14 433 17 336 1595106 37950549 493686 32% 14 1401417 184  3%
c - 38753.82 435 17 337 1595107 38148059 493330 33% 13 1401417 184  3%
c O 38799.89 435 17 337 1595107 38226550 556644 33% 14 1401417 184  3%
c - 38901.51 436 17 338 1595108 38365720 501107 34% 13 1401417 184  3%
c v 39373.74 436 17 338 1595108 38365720 501107 34% 13 1401221 184  3%
c w 39675.58 436 17 338 1595108 38365720 498340 34% 13 1401221 184  3%
c B 39750.55 436 18 338 1595108 38503552 612984 33% 13 1401221 184  3%
c - 39808.87 436 17 339 1595108 38584025 501601 33% 13 1401221 184  3%
c W 40230.43 440 16 339 1595111 38781553 666545 33% 13 1401221 184  3%
c - 40249.50 446 17 340 1595122 38802970 506537 33% 13 1401221 184  3%
c - 40400.72 444 16 341 1595194 39022557 495239 32% 13 1401221 184  3%
c 
c   seconds      reductions            redundant     irredundant
c             MB        restarts               trail        variables
c              level           conflicts           glue         remaining
c 
c I 40421.50 444 16 341 1595203 39060554 526815 32% 13 1401221 184  3%
c - 40530.12 444 17 342 1595237 39242790 489156 33% 14 1401221 184  3%
c B 40590.13 444 17 342 1595276 39340557 562894 32% 14 1401221 184  3%
c - 40678.14 444 18 343 1595312 39463666 492319 32% 15 1401221 184  3%
c W 41070.09 444 18 343 1595361 39621558 613781 33% 14 1401221 184  3%
c - 41116.57 446 18 344 1595362 39685186 495963 33% 14 1401221 184  3%
c O 41257.59 446 16 344 1595394 39903559 681759 33% 12 1401221 184  3%
c - 41261.08 447 16 345 1595394 39907349 508953 33% 12 1401221 184  3%
c - 41417.20 447 17 346 1595465 40130156 511689 33% 14 1401221 184  3%
c B 41450.63 447 17 346 1595488 40186562 555566 33% 14 1401221 184  3%
c - 41557.61 447 18 347 1595519 40353608 508807 33% 15 1401221 184  3%
c W 41944.77 447 18 347 1595553 40470565 597270 32% 14 1401221 184  3%
c - 42031.45 447 17 348 1595584 40577704 515412 33% 14 1401221 184  3%
c I 42171.46 447 17 348 1595617 40755567 663448 33% 13 1401221 184  3%
c - 42210.98 447 18 349 1595618 40802443 521107 33% 14 1401221 184  3%
c - 42367.11 447 18 350 1595619 41027826 514575 33% 14 1401221 184  3%
c B 42375.47 447 18 350 1595619 41041568 525073 33% 14 1401221 184  3%
c - 42516.63 447 18 351 1595658 41253855 513782 33% 14 1401221 184  3%
c W 42863.59 447 18 351 1595682 41328569 572916 33% 14 1401221 184  3%
c - 42965.43 449 18 352 1595735 41480529 519609 33% 14 1401221 184  3%
c 
c   seconds      reductions            redundant     irredundant
c             MB        restarts               trail        variables
c              level           conflicts           glue         remaining
c 
c O 43052.89 449 17 352 1595746 41616573 626268 32% 14 1401221 184  3%
c - 43130.51 448 19 353 1595781 41707845 519437 32% 15 1401221 184  3%
c s 43131.57 448 19 353 1595781 41707845 519436 32% 15 1401183 184  3%
c v 43423.53 448 19 353 1595781 41707845 519436 32% 15 1401139 184  3%
c w 43644.87 448 19 353 1595781 41707845 517878 32% 15 1401139 184  3%
c B 43802.65 448 18 353 1595843 41905576 670300 32% 15 1401139 184  3%
c - 43828.02 448 18 354 1595856 41935804 517003 32% 15 1401139 184  3%
c - 43996.87 448 16 355 1595874 42164405 518318 33% 13 1401139 184  3%
c W 44326.49 448 15 355 1595874 42195578 541614 33% 12 1401139 184  3%
c - 44473.42 448 17 356 1595937 42393649 519893 33% 14 1401139 184  3%
c I 44542.07 448 17 356 1595968 42486582 593875 33% 14 1401139 184  3%
c - 44651.56 449 17 357 1596001 42623537 524582 33% 14 1401139 184  3%
c B 44774.01 449 16 357 1596043 42778584 648353 33% 13 1401139 184  3%
c - 44844.85 449 17 358 1596064 42854069 534341 33% 13 1401139 184  3%
c W 45336.08 449 16 358 1596127 43071585 708760 33% 13 1401139 184  3%
c - 45347.57 450 17 359 1596128 43085246 538099 33% 13 1401139 184  3%
c - 45529.93 451 17 360 1596130 43317065 543001 33% 14 1401139 184  3%
c O 45570.61 451 17 360 1596130 43365586 582531 33% 13 1401139 184  3%
c - 45715.94 452 15 361 1596131 43549532 553462 34% 11 1401139 184  3%
c B 45803.94 452 15 361 1596131 43660587 649472 33% 11 1401139 184  3%
c 
c   seconds      reductions            redundant     irredundant
c             MB        restarts               trail        variables
c              level           conflicts           glue         remaining
c 
c - 45912.72 452 16 362 1596131 43782639 560650 33% 13 1401139 184  3%
c W 46388.96 453 16 362 1596131 43956589 692090 33% 13 1401139 184  3%
c - 46440.64 454 16 363 1596131 44016391 555781 33% 13 1401139 184  3%
c - 46634.38 455 15 364 1596132 44250788 556018 33% 12 1401139 184  3%
c I 46636.69 455 15 364 1596132 44253591 558222 33% 12 1401139 184  3%
c - 46827.03 453 16 365 1596132 44485828 548855 33% 14 1401139 184  3%
c B 46878.54 453 16 365 1596132 44551593 601214 33% 13 1401139 184  3%
c - 47021.50 455 16 366 1596132 44721513 557022 33% 13 1401139 184  3%
c W 47446.20 455 15 366 1596132 44850595 663852 33% 12 1401139 184  3%
c - 47541.90 456 15 367 1596132 44957840 569550 34% 11 1401139 184  3%
c O 47712.60 456 15 367 1596133 45150598 734421 34% 12 1401139 184  3%
c - 47751.03 457 15 368 1596133 45194812 580152 34% 12 1401139 184  3%
c s 47752.11 457 15 368 1596133 45194812 580151 34% 12 1401132 184  3%
c w 48358.33 457 15 368 1596133 45194812 579039 34% 12 1401132 184  3%
c - 48565.74 455 16 369 1596133 45432429 570507 33% 13 1401132 184  3%
c B 48580.30 455 16 369 1596133 45451599 585636 33% 13 1401132 184  3%
c - 48772.11 455 15 370 1596133 45670688 566773 33% 12 1401132 184  3%
c W 49170.35 455 15 370 1596133 45753600 631135 33% 12 1401132 184  3%
c - 49300.97 455 16 371 1596133 45909593 567934 33% 13 1401132 184  3%
c I 49423.68 455 14 371 1596133 46056602 685960 33% 12 1401132 184  3%
c 
c   seconds      reductions            redundant     irredundant
c             MB        restarts               trail        variables
c              level           conflicts           glue         remaining
c 
c - 49504.99 455 14 372 1596133 46149141 574830 33% 12 1401132 184  3%
c B 49686.65 455 14 372 1596133 46360603 742384 33% 11 1401132 184  3%
c - 49714.65 455 14 373 1596133 46389333 575212 33% 12 1401132 184  3%
c - 49928.10 456 15 374 1596133 46630168 581886 33% 12 1401132 184  3%
c W 50290.56 456 15 374 1596133 46665604 609821 33% 12 1401132 184  3%
c - 50454.56 456 15 375 1596133 46871646 585770 33% 12 1401132 184  3%
c O 50537.83 456 14 375 1596133 46971606 667729 33% 11 1401132 184  3%
c - 50645.23 457 14 376 1596133 47113770 590449 33% 11 1401132 184  3%
c B 50793.78 457 14 376 1596154 47278608 728044 33% 12 1401132 184  3%
c - 50875.83 458 16 377 1596182 47356539 602305 33% 13 1401132 184  3%
c W 51448.58 459 15 377 1596258 47586609 782360 33% 12 1401132 184  3%
c - 51462.55 457 16 378 1596258 47599949 589345 33% 13 1401132 184  3%
c - 51701.70 457 13 379 1596321 47844004 595213 34% 11 1401132 184  3%
c I 51746.64 457 12 379 1596323 47895610 635154 34% 10 1401132 184  3%
c i 51757.98 457 12 379 1596330 47909316 644940 34% 10 1401132 183  3%
c s 51759.07 457 12 379 1596330 47909316 644923 34% 10 1400854 183  3%
c v 51920.64 457 12 379 1596330 47909316 644923 34% 10 1370214 183  3%
c w 52131.79 457 12 379 1596330 47909316 638877 34% 10 1370214 183  3%
c i 52246.23 457 12 379 1596382 48035306 739707 34% 10 1323287 182  3%
c i 52263.80 457 12 379 1596385 48054371 754614 34% 10 1323287 181  3%
c 
c   seconds      reductions            redundant     irredundant
c             MB        restarts               trail        variables
c              level           conflicts           glue         remaining
c 
c i 52269.87 457 12 379 1596385 48060709 759593 34% 10 1323287 176  3%
c i 52271.25 457 12 379 1596385 48062304 760713 34% 10 1323287 169  3%
c i 52271.49 457 12 379 1596385 48062521 760847 34% 10 1323287 166  3%
c i 52271.54 457 12 379 1596385 48062569 760885 34% 10 1323287 165  3%
c i 52271.59 457 12 379 1596385 48062617 760904 34% 10 1323287 164  3%
c ] 52271.59 457 12 379 1596385 48062619 760904 34% 10 1323287 146  3%
c 0 52271.59 457 12 379 1596385 48062619 760904 34% 10 1323287 146  3%
c 
c --- [ result ] -------------------------------------------------------------
c 
s UNSATISFIABLE
c 
c --- [ run-time profiling ] -------------------------------------------------
c 
c process time taken by individual solving procedures
c (percentage relative to process time for solving)
c 
c     42975.17   82.22% search
c     14643.26   28.01% unstable
c     14565.84   27.87% stable
c     13765.91   26.34% walk
c      9294.98   17.78% simplify
c      9193.73   17.59% vivify
c        23.95    0.05% ternary
c        20.77    0.04% subsume
c        13.85    0.03% elim
c         2.62    0.01% probe
c         0.16    0.00% lucky
c   =================================
c     52270.15  100.00% solve
c 
c last line shows process time for solving
c (percentage relative to total process time)
c 
c --- [ statistics ] ---------------------------------------------------------
c 
c chronological:           5007005        10.42 %  of conflicts
c conflicts:              48062619       919.50    per second
c decisions:              61648400      1179.42    per second
c fixed:                       350         6.41 %  of all variables
c learned:                47563267        98.96 %  per conflict
c minimized:             174445601        14.04 %  learned literals
c propagations:          898384914         0.02 M  per second
c reduced:                38657853        80.43 %  per conflict
c rephased:                    309    155542.46    interval
c restarts:                1596385        30.11    interval
c stabilizing:                   8        54.55 %  of conflicts
c subsumed:                8942691         8.97 %  of all clauses
c strengthened:              75149         0.08 %  of all clauses
c ternary:                       2         0.03 %  of resolved
c vivified:                 917110         0.92 %  of all clauses
c walked:                      102    471202.15    interval
c 
c seconds are measured in process time for solving
c 
c --- [ resources ] ----------------------------------------------------------
c 
c total process time since initialization:     52271.59    seconds
c total real time since initialization:        52270.09    seconds
c maximum resident set size of process:          618.52    MB
c 
c --- [ shutting down ] ------------------------------------------------------
c 
c exit 20
