c --- [ banner ] -------------------------------------------------------------
c 
c CaDiCaL Radically Simplified CDCL SAT Solver
c Copyright (c) 2016-2021 A. Biere, M. Fleury, N. Froleyks
c 
c Version 1.5.2 5b4083b132cb28b39750cf680227affaa3466db8
c g++ (GCC) 7.3.1 20180712 (Red Hat 7.3.1-13) -Wall -Wextra -O3 -DNDEBUG
c Thu Mar 10 17:58:10 UTC 2022 Linux ip-172-31-15-58.us-east-2.compute.internal 5.10.93-87.444.amzn2.x86_64 x86_64
c 
c --- [ parsing input ] ------------------------------------------------------
c 
c reading DIMACS file from 'ST25-p-W7-nol.cnf'
c opening file to read 'ST25-p-W7-nol.cnf'
c found 'p cnf 528 2603275' header
c parsed 2603275 clauses in 1.28 seconds process time
c closing file 'ST25-p-W7-nol.cnf'
c after reading 115895955 bytes 110.5 MB
c 
c --- [ options ] ------------------------------------------------------------
c 
c   --stabilize=false              (different from default 'true')
c   --walk=false                   (different from default 'true')
c 
c --- [ solving ] ------------------------------------------------------------
c 
c time measured in process time since initialization
c 
c  seconds   reductions  redundant   irredundant
c          MB    restarts       trail       variables
c           level   conflicts       glue        remaining
c 
c *  1.28 268  0 0   0    0    0  0% 0 2602922 175 33%
c {  1.48 346  0 0   0    0    0  0% 0 2602922 175 33%
c -  2.00 363 37 1   0  300  295 89% 17 2602922 175 33%
c I  2.42 369 29 1  17 1002  876 84% 17 2602922 175 33%
c -  3.21 519 25 2  17 1749 1290 81% 16 2602922 175 33%
c B  3.81 523 23 2  17 3005 2239 71% 15 2602922 175 33%
c -  4.43 525 23 3  56 3922 2116 42% 16 2602922 175 33%
c F  5.21 525 22 3  63 6009 3891 41% 15 2602922 175 33%
c -  5.76 526 22 4  63 6822 3105 44% 14 2602922 175 33%
c B  6.99 526 21 4 113 10010 5834 44% 13 2602922 175 33%
c -  8.01 527 21 5 212 10445 4163 44% 14 2602922 175 33%
c -  9.75 527 20 6 299 14792 5131 42% 13 2602922 175 33%
c # 10.21 527 20 6 299 15013 5320 42% 13 2602922 175 33%
c - 11.29 527 19 7 302 19865 6082 40% 12 2602922 175 33%
c B 11.60 527 19 7 320 21014 7074 40% 12 2602922 175 33%
c - 13.70 527 19 8 521 25662 7042 39% 12 2602922 175 33%
c w 19.10 531 19 8 656 27721 8816 39% 12 2602922 175 33%
c ^ 19.84 532 19 8 656 27721 8816 39% 12 2602922 175 33%
c O 20.17 532 19 8 708 28015 9060 39% 12 2602922 175 33%
c - 22.50 532 19 9 1037 32184 7784 39% 12 2602922 175 33%
c 
c  seconds   reductions     redundant    irredundant
c          MB    restarts          trail        variables
c           level     conflicts        glue         remaining
c 
c B 23.63 532 18 9 1132 36017 11011 39% 12 2602922 175 33%
c - 24.72 532 18 10 1159 39430 8725 39% 12 2602922 175 33%
c I 26.92 532 18 10 1601 45018 13400 38% 12 2602922 175 33%
c - 28.37 532 18 11 1792 47401 9723 38% 12 2602922 175 33%
c B 31.86 532 18 11 2187 55020 15716 38% 12 2602922 175 33%
c - 33.69 532 18 12 2337 56096 10337 38% 12 2602922 175 33%
c - 39.11 532 18 13 2564 65517 11587 38% 12 2602922 175 33%
c F 39.50 532 18 13 2618 66022 12012 38% 12 2602922 175 33%
c - 46.73 532 17 14 3219 75662 12756 38% 12 2602922 175 33%
c B 47.44 532 17 14 3388 78025 14703 38% 12 2602922 175 33%
c w 53.20 532 17 14 3527 83164 19161 38% 12 2602922 175 33%
c ^ 53.94 532 17 14 3527 83164 19161 38% 12 2602922 175 33%
c - 56.28 532 17 15 3544 86531 13653 38% 11 2602922 175 33%
c # 58.73 532 17 15 4060 91029 17593 38% 12 2602922 175 33%
c - 63.65 532 17 16 4666 98125 14895 37% 12 2602922 175 33%
c B 69.70 532 17 16 5477 105030 20558 37% 12 2602922 175 33%
c - 73.55 532 17 17 5629 110443 15173 37% 12 2602922 175 33%
c O 80.36 532 17 17 5917 120031 23538 38% 11 2602922 175 33%
c - 85.08 533 17 18 6416 123486 16843 37% 11 2602922 175 33%
c B 92.39 533 17 18 7017 136032 27641 38% 11 2602922 175 33%
c 
c  seconds   reductions       redundant    irredundant
c          MB     restarts           trail        variables
c           level      conflicts         glue         remaining
c 
c - 93.65 533 17 19 7188 137254 18871 38% 11 2602922 175 33%
c - 101.48 533 17 20 7777 151749 18966 38% 11 2602922 175 33%
c I 101.75 533 17 20 7821 153034 20050 38% 11 2602922 175 33%
c w 112.38 533 17 20 8606 166329 31648 38% 11 2602922 175 33%
c ^ 113.13 533 17 20 8606 166329 31648 38% 11 2602922 175 33%
c - 114.31 533 17 21 8642 166966 20180 38% 11 2602922 175 33%
c B 117.44 533 17 21 9118 171036 23719 38% 11 2602922 175 33%
c - 125.19 533 16 22 9653 182909 21035 38% 11 2602922 175 33%
c F 129.58 533 17 22 10441 190038 27250 38% 11 2602922 175 33%
c - 136.89 533 17 23 11136 199578 21890 38% 11 2602922 175 33%
c B 144.57 533 17 23 12373 210042 30859 38% 11 2602922 175 33%
c - 150.83 533 17 24 13421 216969 22252 38% 11 2602922 175 33%
c # 159.89 533 17 24 14100 231043 34715 38% 11 2602922 175 33%
c - 163.47 534 17 25 14327 235084 23424 38% 11 2602922 175 33%
c B 176.61 534 17 25 15212 253044 38807 38% 11 2602922 175 33%
c - 178.77 534 17 26 15399 253931 24990 38% 11 2602922 175 33%
c - 195.26 534 17 27 18105 273498 26211 38% 11 2602922 175 33%
c O 196.36 534 17 27 18193 276047 28395 38% 11 2602922 175 33%
c w 201.47 534 17 27 18193 277213 29449 38% 11 2602922 175 33%
c ^ 202.22 534 17 27 18193 277213 29449 38% 11 2602922 175 33%
c 
c  seconds    reductions        redundant    irredundant
c           MB      restarts           trail        variables
c            level       conflicts         glue         remaining
c 
c - 217.20 534 17 28 20021 293788 26150 38% 11 2602922 175 33%
c B 222.42 534 17 28 20660 300048 31523 38% 12 2602922 175 33%
c - 232.60 534 17 29 21724 314803 27043 38% 12 2602922 175 33%
c I 238.80 534 17 29 22606 325049 35668 37% 12 2602922 175 33%
c - 245.57 534 17 30 23197 336545 27865 37% 12 2602922 175 33%
c B 258.09 534 17 30 24298 351050 39986 37% 12 2602922 175 33%
c - 264.73 534 17 31 24745 359008 28885 37% 12 2602922 175 33%
c F 277.45 534 17 31 26174 378052 45360 37% 12 2602922 175 33%
c - 281.31 534 17 32 26524 382197 30807 37% 12 2602922 175 33%
c B 299.17 534 17 32 27544 406054 51133 38% 11 2602922 175 33%
c - 299.73 534 17 33 27558 406114 31698 38% 11 2602922 175 33%
c w 311.02 534 17 33 28468 415818 39834 38% 11 2602922 175 33%
c ^ 311.80 534 17 33 28468 415818 39834 38% 11 2602922 175 33%
c - 323.40 534 17 34 29513 430752 33345 38% 11 2602922 175 33%
c # 326.87 534 17 34 30184 435056 37007 38% 11 2602922 175 33%
c - 343.50 534 17 35 31846 456114 33774 38% 11 2602922 175 33%
c B 349.34 534 17 35 32285 465058 41413 38% 11 2602922 175 33%
c - 361.27 535 17 36 34768 482201 34936 38% 12 2602922 175 33%
c O 370.09 535 17 36 35630 496059 46987 38% 11 2602922 175 33%
c - 377.73 535 17 37 36504 509016 35828 38% 11 2602922 175 33%
c 
c  seconds    reductions        redundant    irredundant
c           MB      restarts           trail        variables
c            level       conflicts         glue         remaining
c 
c B 391.10 535 17 37 37689 528060 52170 38% 11 2602922 175 33%
c - 395.06 535 17 38 38271 536552 37174 38% 11 2602922 175 33%
c I 411.95 535 17 38 40145 561061 57987 38% 11 2602922 175 33%
c - 414.43 535 17 39 40486 564816 39114 38% 11 2602922 175 33%
c w 431.49 535 17 39 41900 582144 53682 38% 11 2602922 175 33%
c - 440.38 535 17 40 42690 593801 38610 38% 11 2602922 175 33%
c B 441.51 535 17 40 42690 595062 39753 38% 11 2602922 175 33%
c - 459.36 535 17 41 44374 623512 40188 38% 11 2602922 175 33%
c F 462.07 535 17 41 44590 630065 45825 38% 11 2602922 175 33%
c - 473.17 535 16 42 45783 653950 41345 38% 11 2602922 175 33%
c B 484.78 535 17 42 47354 666068 51332 38% 11 2602922 175 33%
c - 500.26 535 16 43 48399 685111 42330 38% 11 2602922 175 33%
c # 514.97 535 17 43 49983 703070 57706 38% 11 2602922 175 33%
c - 520.14 535 17 44 50555 716998 43285 38% 11 2602922 175 33%
c B 534.08 535 17 44 52146 741071 63910 38% 11 2602922 175 33%
c - 539.91 535 17 45 52936 749606 44214 38% 11 2602922 175 33%
c O 564.16 535 17 45 55930 780072 70321 37% 11 2602922 175 33%
c - 567.35 536 17 46 56266 782940 45624 37% 11 2602922 175 33%
c - 587.00 536 17 47 58767 816998 45998 38% 11 2602922 175 33%
c B 589.18 536 17 47 58779 820074 48740 38% 11 2602922 175 33%
c 
c  seconds    reductions        redundant    irredundant
c           MB      restarts           trail        variables
c            level       conflicts         glue         remaining
c 
c - 615.56 536 17 48 62312 851784 48686 38% 12 2602922 175 33%
c I 623.63 536 17 48 62718 861077 56837 38% 11 2602922 175 33%
c - 645.03 536 17 49 64593 887291 48881 38% 11 2602922 175 33%
c B 657.85 536 17 49 65438 903078 62595 38% 11 2602922 175 33%
c - 672.76 536 17 50 66747 923522 50999 38% 11 2602922 175 33%
c F 686.21 536 17 50 68008 946080 70441 38% 11 2602922 175 33%
c - 696.00 536 17 51 69124 960479 51756 38% 11 2602922 175 33%
c B 712.87 538 17 51 71476 990081 77035 38% 11 2602922 175 33%
c - 718.21 539 17 52 72100 998160 52544 38% 11 2602922 175 33%
c # 741.75 539 17 52 74264 1035082 84225 38% 11 2602922 175 33%
c - 742.85 539 17 53 74336 1036565 53554 38% 11 2602922 175 33%
c - 764.89 539 16 54 76686 1075696 54973 38% 11 2602922 175 33%
c B 768.27 539 16 54 77118 1081083 59463 38% 11 2602922 175 33%
c - 793.07 539 16 55 79040 1115551 57355 38% 11 2602922 175 33%
c O 802.01 539 16 55 80103 1128084 67793 38% 11 2602922 175 33%
c - 821.15 539 16 56 82507 1156131 57754 38% 11 2602922 175 33%
c B 832.46 539 16 56 84087 1176088 74995 38% 11 2602922 175 33%
c - 850.46 539 17 57 85887 1197437 58924 38% 11 2602922 175 33%
c I 868.32 539 17 57 88058 1225089 82651 38% 11 2602922 175 33%
c - 878.64 539 17 58 89519 1239466 60285 38% 11 2602922 175 33%
c 
c  seconds    reductions         redundant    irredundant
c           MB      restarts            trail        variables
c            level        conflicts         glue         remaining
c 
c B 897.46 539 17 58 92769 1275093 90918 38% 11 2602922 175 33%
c - 903.13 540 17 59 92963 1282222 60797 38% 11 2602922 175 33%
c - 935.83 540 17 60 96757 1325701 61667 38% 12 2602922 175 33%
c F 936.46 540 17 60 96853 1326094 61998 38% 12 2602922 175 33%
c - 957.96 540 17 61 99140 1369904 62809 38% 11 2602922 175 33%
c B 963.53 540 17 61 99312 1378098 70009 38% 11 2602922 175 33%
c - 990.48 540 16 62 101742 1414833 64390 38% 11 2602922 175 33%
c # 1004.12 540 16 62 102890 1431100 78525 38% 11 2602922 175 33%
c - 1028.04 541 17 63 105056 1460487 66405 38% 11 2602922 175 33%
c B 1044.70 541 17 63 106660 1485102 87324 38% 11 2602922 175 33%
c - 1063.68 543 17 64 108392 1506863 67352 38% 11 2602922 175 33%
c O 1086.66 543 17 64 111563 1540106 94951 38% 11 2602922 175 33%
c - 1096.93 543 17 65 112445 1553966 67646 38% 11 2602922 175 33%
c v 1149.38 543 17 65 112445 1553966 67646 38% 11 2598398 175 33%
c w 1160.58 543 17 65 112445 1553966 67639 38% 11 2598398 175 33%
c B 1187.26 543 17 65 114944 1596108 103965 38% 11 2598398 175 33%
c - 1191.59 543 17 66 115574 1601792 68536 38% 11 2598398 175 33%
c - 1222.61 543 17 67 119159 1650328 69767 38% 11 2598398 175 33%
c I 1224.54 543 17 67 119447 1653114 72130 38% 11 2598398 175 33%
c - 1261.27 543 17 68 122355 1699590 71336 38% 11 2598398 175 33%
c 
c   seconds    reductions          redundant    irredundant
c            MB      restarts             trail        variables
c             level         conflicts         glue         remaining
c 
c B 1269.47 543 16 68 122770 1711116 81190 38% 11 2598398 175 33%
c - 1300.16 543 16 69 125681 1749574 72096 38% 11 2598398 175 33%
c F 1319.14 543 17 69 127877 1770117 89323 38% 11 2598398 175 33%
c - 1332.38 544 17 70 129421 1800282 73617 37% 11 2598398 175 33%
c B 1350.24 544 17 70 131590 1830119 99352 38% 11 2598398 175 33%
c - 1366.09 544 17 71 133000 1851717 75320 38% 11 2598398 175 33%
c # 1395.06 544 17 71 134996 1891121 109202 38% 11 2598398 175 33%
c - 1404.32 544 17 72 135941 1903874 77426 38% 11 2598398 175 33%
c B 1444.09 544 17 72 139999 1953123 119604 38% 11 2598398 175 33%
c - 1448.56 544 17 73 140290 1956756 78765 38% 11 2598398 175 33%
c - 1484.76 550 17 74 143651 2010362 79458 38% 11 2598398 175 33%
c O 1488.67 550 17 74 144094 2016126 84537 39% 11 2598398 175 33%
c - 1519.63 550 17 75 148341 2064693 80540 38% 11 2598398 175 33%
c B 1531.71 550 17 75 149058 2080127 93865 38% 11 2598398 175 33%
c - 1560.21 536 17 76 151636 2119749 81282 38% 11 2598398 175 33%
c I 1580.56 536 16 76 153585 2145129 102771 38% 11 2598398 175 33%
c - 1605.25 544 16 77 156056 2175528 83753 38% 11 2598398 175 33%
c B 1633.69 547 16 77 158153 2211131 114214 38% 11 2598398 175 33%
c - 1646.77 516 16 78 160183 2232032 84730 38% 11 2598398 175 33%
c F 1686.15 528 16 78 163280 2278133 124061 38% 11 2598398 175 33%
c 
c   seconds    reductions          redundant    irredundant
c            MB      restarts             trail        variables
c             level         conflicts         glue         remaining
c 
c - 1696.50 533 16 79 164519 2289262 85486 38% 11 2598398 175 33%
c B 1736.71 533 17 79 170077 2346137 133846 38% 12 2598398 175 33%
c - 1738.42 535 17 80 170276 2347215 87335 38% 12 2598398 175 33%
c - 1776.89 538 17 81 173364 2405892 86791 38% 11 2598398 175 33%
c # 1782.48 538 17 81 174193 2415138 94660 38% 12 2598398 175 33%
c - 1823.17 541 17 82 178410 2465294 88938 38% 12 2598398 175 33%
c B 1834.74 541 17 82 179689 2485139 105860 38% 12 2598398 175 33%
c - 1861.11 516 17 83 182356 2525420 88976 37% 12 2598398 175 33%
c O 1879.88 516 17 83 183702 2556141 114801 37% 11 2598398 175 33%
c - 1903.88 529 17 84 185901 2586270 90897 38% 12 2598398 175 33%
c B 1931.32 534 16 84 187502 2628142 126618 38% 11 2598398 175 33%
c - 1944.88 542 16 85 188863 2647844 92067 38% 11 2598398 175 33%
c I 1980.79 578 16 85 193041 2701143 137593 38% 11 2598398 175 33%
c - 1988.81 559 17 86 194174 2710143 94682 38% 11 2598398 175 33%
c v 2091.57 516 17 86 194174 2710143 94682 38% 11 2588731 175 33%
c w 2105.11 516 17 86 194174 2710143 94664 38% 11 2588731 175 33%
c - 2155.71 519 16 87 198201 2773167 95885 38% 11 2588731 175 33%
c B 2157.53 519 16 87 198201 2775146 97638 38% 11 2588731 175 33%
c - 2205.58 520 17 88 204422 2836872 96623 37% 12 2588731 175 33%
c F 2216.82 520 17 88 206288 2850147 107492 37% 12 2588731 175 33%
c 
c   seconds    reductions          redundant    irredundant
c            MB      restarts             trail        variables
c             level         conflicts         glue         remaining
c 
c - 2239.90 532 16 89 207915 2901302 96710 38% 11 2588731 175 33%
c B 2262.49 532 16 89 209745 2926148 117853 38% 11 2588731 175 33%
c - 2288.79 565 16 90 212884 2966457 99739 38% 11 2588731 175 33%
c # 2321.65 518 16 90 216232 3003153 131041 38% 11 2588731 175 33%
c - 2347.81 520 17 91 219012 3032336 102275 38% 11 2588731 175 33%
c B 2372.18 528 17 91 222219 3081154 143448 38% 11 2588731 175 33%
c - 2381.60 536 17 92 223384 3098937 101450 38% 11 2588731 175 33%
c O 2428.42 516 17 92 227365 3160157 152979 38% 11 2588731 175 33%
c - 2431.70 516 17 93 227490 3166262 101824 38% 11 2588731 175 33%
c - 2484.50 541 17 94 233364 3234311 104050 38% 11 2588731 175 33%
c B 2488.44 541 17 94 234037 3240158 108950 38% 11 2588731 175 33%
c - 2535.08 517 17 95 239130 3303083 106506 38% 12 2588731 175 33%
c I 2544.04 517 17 95 240670 3321161 122069 38% 12 2588731 175 33%
c - 2584.67 528 16 96 243172 3372583 106364 38% 11 2588731 175 33%
c B 2607.43 528 16 96 245284 3403163 131794 38% 11 2588731 175 33%
c - 2639.94 537 16 97 246792 3442803 108383 38% 11 2588731 175 33%
c F 2678.38 546 16 97 250520 3486164 145241 38% 11 2588731 175 33%
c - 2700.77 517 16 98 252868 3513748 112304 38% 11 2588731 175 33%
c B 2737.49 548 16 98 257114 3570166 160235 38% 11 2588731 175 33%
c - 2749.76 536 17 99 258606 3585416 112196 38% 11 2588731 175 33%
c 
c   seconds    reductions          redundant     irredundant
c            MB      restarts              trail        variables
c             level         conflicts          glue         remaining
c 
c # 2802.14 577 17 99 264992 3655170 170979 38% 12 2588731 175 33%
c - 2804.27 517 17 100 265294 3657811 112264 38% 12 2588731 175 33%
c - 2847.08 523 17 101 269740 3730928 112806 38% 11 2588731 175 33%
c B 2855.32 523 17 101 270380 3741171 121591 38% 11 2588731 175 33%
c - 2901.77 535 17 102 274820 3804768 113862 38% 11 2588731 175 33%
c O 2920.92 535 17 102 276872 3828173 133777 38% 11 2588731 175 33%
c - 2957.17 518 16 103 280021 3879334 115985 38% 11 2588731 175 33%
c B 2987.04 520 16 103 282122 3916175 147273 38% 11 2588731 175 33%
c - 3018.86 535 17 104 285962 3954622 119050 38% 11 2588731 175 33%
c I 3058.82 550 17 104 290368 4005177 161629 38% 11 2588731 175 33%
c - 3077.35 518 17 105 292068 4030634 119713 37% 11 2588731 175 33%
c v 3185.33 518 17 105 292068 4030634 119713 37% 11 2575997 175 33%
c w 3203.71 518 17 105 292068 4030634 119679 37% 11 2575997 175 33%
c B 3252.71 534 17 105 296832 4095180 174184 37% 11 2575997 175 33%
c - 3269.90 539 17 106 297978 4107370 120723 37% 11 2575997 175 33%
c - 3315.78 548 16 107 301750 4184761 121685 38% 11 2575997 175 33%
c F 3316.77 548 16 107 301817 4186181 122866 38% 11 2575997 175 33%
c - 3376.27 523 17 108 309492 4262875 123461 37% 12 2575997 175 33%
c B 3387.59 523 17 108 311140 4278182 136123 37% 12 2575997 175 33%
c - 3431.89 545 17 109 314906 4341713 123808 38% 12 2575997 175 33%
c 
c   seconds     reductions          redundant     irredundant
c            MB       restarts              trail        variables
c             level          conflicts          glue         remaining
c 
c # 3453.57 545 16 109 316038 4371183 148897 38% 11 2575997 175 33%
c - 3499.94 522 17 110 320678 4421275 126284 37% 11 2575997 175 33%
c B 3535.19 528 17 110 324548 4465185 163281 37% 12 2575997 175 33%
c - 3563.22 537 17 111 327260 4501559 128069 37% 12 2575997 175 33%
c O 3603.34 540 17 111 331118 4560190 177843 37% 11 2575997 175 33%
c - 3614.24 546 16 112 331912 4582570 128950 38% 11 2575997 175 33%
c B 3675.38 572 16 112 336920 4656192 192127 38% 11 2575997 175 33%
c - 3682.98 518 16 113 337828 4664301 132172 38% 11 2575997 175 33%
c - 3746.98 542 16 114 343980 4746755 134339 38% 11 2575997 175 33%
c I 3752.52 542 17 114 344657 4753193 139867 38% 11 2575997 175 33%
c - 3801.13 578 17 115 350571 4829933 134772 38% 11 2575997 175 33%
c B 3810.87 582 17 115 352004 4851195 152998 38% 11 2575997 175 33%
c - 3858.48 578 17 116 355957 4913834 134836 38% 11 2575997 175 33%
c F 3889.63 579 17 116 358554 4950197 165751 38% 11 2575997 175 33%
c - 3930.12 580 17 117 362749 4998459 137642 38% 11 2575997 175 33%
c B 3974.15 580 17 117 367055 5050198 181446 38% 11 2575997 175 33%
c - 4002.93 580 16 118 368665 5083809 138836 38% 11 2575997 175 33%
c # 4052.67 580 17 118 374880 5151202 195270 37% 11 2575997 175 33%
c - 4059.34 585 17 119 376112 5169880 139951 37% 11 2575997 175 33%
c B 4117.76 618 16 119 381536 5253203 211208 38% 11 2575997 175 33%
c 
c   seconds     reductions          redundant     irredundant
c            MB       restarts              trail        variables
c             level          conflicts          glue         remaining
c 
c - 4122.17 593 16 120 381935 5256676 141092 38% 11 2575997 175 33%
c - 4192.39 598 16 121 388261 5344193 143508 38% 11 2575997 175 33%
c O 4201.22 598 16 121 388823 5356207 153725 38% 11 2575997 175 33%
c - 4265.10 598 16 122 394083 5432433 145260 38% 11 2575997 175 33%
c s 4265.54 598 16 122 394083 5432433 145258 38% 11 2575996 175 33%
c v 4345.29 598 16 122 394083 5432433 145258 38% 11 2562790 175 33%
c w 4364.49 598 16 122 394083 5432433 145224 38% 11 2562790 175 33%
c s 4365.46 598 16 122 394083 5432433 145222 38% 11 2562789 175 33%
c B 4389.60 598 17 122 396976 5460208 168457 38% 11 2562789 175 33%
c - 4440.30 598 17 123 401713 5521396 146012 38% 11 2562789 175 33%
c I 4461.09 598 17 123 404591 5565209 183488 38% 11 2562789 175 33%
c - 4494.47 599 16 124 407208 5611000 146373 38% 11 2562789 175 33%
c B 4546.68 599 17 124 412248 5671212 197744 38% 11 2562789 175 33%
c - 4564.44 609 17 125 414321 5701328 149330 38% 11 2562789 175 33%
c F 4623.48 613 16 125 419024 5778217 215417 38% 11 2562789 175 33%
c - 4635.05 615 16 126 420640 5792378 149844 38% 11 2562789 175 33%
c - 4713.20 615 17 127 429196 5884150 155087 38% 11 2562789 175 33%
c B 4714.17 615 17 127 429439 5886218 156813 38% 12 2562789 175 33%
c - 4766.74 574 17 128 435751 5976644 153053 38% 11 2562789 175 33%
c # 4777.12 574 17 128 436578 5995219 168704 38% 11 2562789 175 33%
c 
c   seconds     reductions          redundant     irredundant
c            MB       restarts              trail        variables
c             level          conflicts          glue         remaining
c 
c - 4828.73 572 17 129 442173 6069863 153026 38% 11 2562789 175 33%
c B 4852.94 572 17 129 445075 6105220 183287 38% 11 2562789 175 33%
c - 4894.49 581 17 130 449582 6163804 155454 38% 11 2562789 175 33%
c O 4940.60 581 16 130 453279 6216223 199467 38% 11 2562789 175 33%
c - 4969.21 597 17 131 457278 6258467 157167 38% 11 2562789 175 33%
c B 5004.32 597 17 131 463097 6328226 216585 38% 12 2562789 175 33%
c - 5021.41 597 17 132 464659 6353852 158229 38% 12 2562789 175 33%
c I 5080.62 625 17 132 470518 6441227 233248 38% 11 2562789 175 33%
c - 5089.50 574 17 133 471094 6449959 158794 39% 11 2562789 175 33%
c - 5147.56 594 17 134 478235 6546791 159716 38% 11 2562789 175 33%
c B 5151.84 594 17 134 478806 6555229 166800 38% 11 2562789 175 33%
c - 5226.22 569 17 135 485564 6644343 162602 38% 11 2562789 175 33%
c F 5246.63 569 17 135 487460 6670231 184391 38% 11 2562789 175 33%
c - 5310.91 573 17 136 492723 6742618 166948 38% 11 2562789 175 33%
c B 5344.75 573 16 136 495446 6786233 203482 38% 11 2562789 175 33%
c - 5392.85 575 16 137 498690 6841618 167062 38% 11 2562789 175 33%
c # 5451.74 588 17 137 504657 6903238 219799 38% 11 2562789 175 33%
c - 5490.10 590 17 138 507911 6941338 170549 38% 11 2562789 175 33%
c B 5552.12 590 17 138 513671 7021241 238381 38% 11 2562789 175 33%
c - 5560.52 594 17 139 514857 7041782 169665 38% 11 2562789 175 33%
c 
c   seconds     reductions          redundant     irredundant
c            MB       restarts              trail        variables
c             level          conflicts          glue         remaining
c 
c s 5561.06 594 17 139 514857 7041782 169659 38% 11 2562787 175 33%
c v 5639.50 594 17 139 514857 7041782 169659 38% 11 2546239 175 33%
c w 5657.68 594 17 139 514857 7041782 169600 38% 11 2546239 175 33%
c s 5658.78 594 17 139 514857 7041782 169595 38% 11 2546237 175 33%
c O 5709.13 594 17 139 521759 7140243 254070 38% 11 2546237 175 33%
c - 5710.40 596 17 140 521768 7142947 169774 38% 11 2546237 175 33%
c - 5787.11 599 17 141 529640 7244716 172959 38% 11 2546237 175 33%
c B 5799.14 599 16 141 530341 7260249 186242 38% 11 2546237 175 33%
c - 5867.86 585 16 142 536967 7347208 174453 38% 11 2546237 175 33%
c I 5886.39 585 17 142 540261 7381250 202958 37% 11 2546237 175 33%
c - 5940.98 572 17 143 545044 7450422 176357 37% 11 2546237 175 33%
c B 5977.89 581 16 143 548787 7503251 221535 38% 11 2546237 175 33%
c - 6017.12 569 16 144 552125 7554356 176751 38% 11 2546237 175 33%
c F 6077.60 588 16 144 557625 7626254 237642 38% 11 2546237 175 33%
c - 6102.54 569 16 145 560683 7659012 178569 38% 11 2546237 175 33%
c B 6146.62 569 17 145 567272 7750257 256107 38% 11 2546237 175 33%
c - 6155.55 569 17 146 568228 7764392 179390 38% 11 2546237 175 33%
c - 6222.49 570 16 147 574640 7870492 179368 38% 11 2546237 175 33%
c # 6227.20 570 16 147 575299 7875261 183339 38% 11 2546237 175 33%
c - 6306.81 620 17 148 584227 7977315 184496 38% 11 2546237 175 33%
c 
c   seconds     reductions          redundant     irredundant
c            MB       restarts              trail        variables
c             level          conflicts          glue         remaining
c 
c B 6319.82 625 17 148 586257 8001262 204635 38% 11 2546237 175 33%
c - 6385.72 599 16 149 591615 8084858 185977 38% 11 2546237 175 33%
c O 6415.67 599 16 149 594784 8128265 223172 38% 11 2546237 175 33%
c - 6468.25 622 17 150 600231 8193123 187526 38% 11 2546237 175 33%
c B 6511.92 600 17 150 606118 8256266 241042 38% 12 2546237 175 33%
c - 6540.65 600 17 151 608279 8302113 187919 38% 11 2546237 175 33%
c I 6591.79 590 16 151 613275 8385268 258580 38% 11 2546237 175 33%
c - 6612.04 570 17 152 616219 8411821 188700 38% 11 2546237 175 33%
c B 6680.93 623 17 152 624581 8515269 276587 38% 12 2546237 175 33%
c - 6684.87 570 17 153 625042 8522252 190080 38% 12 2546237 175 33%
c - 6746.37 571 17 154 631391 8633404 191637 39% 11 2546237 175 33%
c F 6753.51 571 17 154 632610 8646270 202679 39% 11 2546237 175 33%
c - 6805.71 577 17 155 640200 8745278 191848 37% 12 2546237 175 33%
c s 6806.35 577 17 155 640200 8745278 191844 37% 12 2546237 175 33%
c v 6870.30 577 17 155 640200 8745278 191844 37% 12 2521854 175 33%
c w 6887.19 577 17 155 640200 8745278 191680 37% 12 2521854 175 33%
c s 6888.38 577 17 155 640200 8745278 191676 37% 12 2521854 175 33%
c B 6917.58 577 17 155 642791 8778271 219156 37% 12 2521854 175 33%
c - 6978.27 570 17 156 648383 8857876 194268 38% 12 2521854 175 33%
c # 7022.26 572 17 156 652575 8911273 239286 38% 12 2521854 175 33%
c 
c   seconds     reductions          redundant     irredundant
c            MB       restarts              trail        variables
c             level          conflicts          glue         remaining
c 
c - 7051.91 625 17 157 656134 8970998 196915 38% 11 2521854 175 33%
c B 7101.58 627 17 157 661377 9045275 260205 38% 11 2521854 175 33%
c - 7126.95 634 17 158 664113 9084840 198475 39% 11 2521854 175 33%
c O 7191.07 599 17 158 672204 9180278 278360 38% 11 2521854 175 33%
c - 7205.63 600 17 159 674078 9199402 200016 38% 11 2521854 175 33%
c - 7286.05 623 17 160 682965 9314684 201743 38% 12 2521854 175 33%
c B 7286.61 623 17 160 682965 9316279 203206 38% 11 2521854 175 33%
c - 7345.44 623 17 161 691535 9430687 203300 38% 12 2521854 175 33%
c I 7357.02 598 17 161 693345 9453280 222561 38% 12 2521854 175 33%
c - 7430.03 622 17 162 700207 9547411 204885 38% 12 2521854 175 33%
c B 7451.95 570 17 162 703252 9591283 242111 38% 12 2521854 175 33%
c - 7502.82 585 17 163 708615 9664857 205321 38% 12 2521854 175 33%
c F 7535.37 591 17 163 712611 9730285 261186 38% 11 2521854 175 33%
c - 7579.73 593 16 164 715674 9783022 207620 38% 11 2521854 175 33%
c B 7635.11 593 17 164 723025 9870286 281648 38% 11 2521854 175 33%
c - 7657.99 597 17 165 725310 9901907 210276 38% 11 2521854 175 33%
c # 7751.22 598 16 165 733209 10011287 301857 38% 11 2521854 175 33%
c - 7761.88 602 17 166 734131 10021512 211436 38% 11 2521854 175 33%
c - 7861.49 592 17 167 743821 10141838 215394 38% 12 2521854 175 33%
c B 7870.87 592 17 167 744597 10153289 225312 38% 12 2521854 175 33%
c 
c   seconds     reductions           redundant     irredundant
c            MB       restarts               trail        variables
c             level          conflicts           glue         remaining
c 
c - 7956.51 573 17 168 752546 10262885 215409 38% 11 2521854 175 33%
c O 7986.45 573 17 168 754756 10296292 243178 38% 11 2521854 175 33%
c - 8034.32 594 17 169 760807 10384653 216968 38% 11 2521854 175 33%
c B 8075.20 599 16 169 765099 10440293 264356 38% 11 2521854 175 33%
c - 8118.87 577 17 170 770530 10507141 217707 38% 12 2521854 175 33%
c I 8170.17 594 16 170 775791 10585294 284523 38% 11 2521854 175 33%
c - 8206.13 577 16 171 778530 10630349 220256 38% 11 2521854 175 33%
c s 8206.80 577 16 171 778530 10630349 220256 38% 11 2513590 175 33%
c v 8275.70 577 16 171 778530 10630349 220256 38% 11 2488966 175 33%
c w 8295.34 577 16 171 778530 10630349 220221 38% 11 2488966 175 33%
c s 8296.51 577 16 171 778530 10630349 220221 38% 11 2484038 175 33%
c B 8370.60 572 16 171 786635 10731295 305595 38% 11 2484038 175 33%
c - 8388.78 570 17 172 789214 10754277 223834 38% 12 2484038 175 33%
c F 8484.46 615 17 172 797507 10878296 328930 38% 12 2484038 175 33%
c - 8485.67 570 17 173 797524 10878589 224270 38% 12 2484038 175 33%
c - 8584.80 622 16 174 804352 11003616 224469 38% 11 2484038 175 33%
c B 8599.52 632 16 174 805958 11026298 243838 38% 11 2484038 175 33%
c - 8685.87 635 16 175 814883 11129361 228288 37% 11 2484038 175 33%
c # 8718.41 593 17 175 818276 11175300 267166 37% 11 2484038 175 33%
c - 8777.66 570 17 176 824833 11255825 229176 38% 12 2484038 175 33%
c 
c   seconds     reductions           redundant     irredundant
c            MB       restarts               trail        variables
c             level          conflicts           glue         remaining
c 
c B 8834.76 573 17 176 829468 11325301 287620 38% 11 2484038 175 33%
c - 8874.45 629 17 177 834011 11383007 229575 38% 12 2484038 175 33%
c O 8954.53 612 17 177 840829 11476302 308974 38% 12 2484038 175 33%
c - 8985.16 588 17 178 843228 11510908 232930 38% 12 2484038 175 33%
c B 9087.29 610 16 178 851136 11628303 331705 38% 11 2484038 175 33%
c - 9098.64 588 16 179 851622 11639529 232390 38% 11 2484038 175 33%
c - 9217.08 592 16 180 861291 11768867 238057 38% 11 2484038 175 33%
c I 9227.51 592 16 180 861662 11781305 248666 38% 11 2484038 175 33%
c - 9324.14 599 16 181 870584 11898924 241041 39% 11 2484038 175 33%
c B 9357.15 599 16 181 874113 11935306 271871 38% 11 2484038 175 33%
c - 9422.43 575 17 182 881441 12029699 243862 39% 11 2484038 175 33%
c F 9454.70 575 17 182 886379 12090307 295193 38% 11 2484038 175 33%
c - 9509.87 573 17 183 891186 12161195 241287 38% 11 2484038 175 33%
c B 9576.93 573 16 183 896607 12246309 312271 38% 11 2484038 175 33%
c - 9616.70 590 16 184 900002 12293407 242907 37% 11 2484038 175 33%
c # 9704.89 623 17 184 908191 12403311 336053 38% 11 2484038 175 33%
c - 9719.02 572 17 185 909920 12426340 245166 38% 12 2484038 175 33%
c - 9809.91 579 16 186 918291 12559989 245580 38% 11 2484038 175 33%
c B 9810.52 579 16 186 918291 12561312 246746 38% 11 2484038 175 33%
c - 9892.79 627 16 187 928041 12694358 246818 38% 11 2484038 175 33%
c 
c   seconds     reductions           redundant     irredundant
c            MB       restarts               trail        variables
c             level          conflicts           glue         remaining
c 
c s 9893.44 572 16 187 928041 12694358 246818 38% 11 2478844 175 33%
c v 9968.05 572 16 187 928041 12694358 246818 38% 11 2452031 175 33%
c w 9992.82 572 16 187 928041 12694358 246781 38% 11 2452031 175 33%
c O 10008.12 572 16 187 930272 12720315 268791 38% 11 2452031 175 33%
c - 10092.18 595 17 188 939801 12829444 249853 38% 11 2452031 175 33%
c B 10130.31 578 16 188 942749 12880317 292890 38% 11 2452031 175 33%
c - 10183.46 572 16 189 948849 12964930 251850 38% 11 2452031 175 33%
c I 10235.71 585 17 189 956091 13041318 316220 38% 12 2452031 175 33%
c - 10276.42 571 17 190 960318 13101134 254374 37% 12 2452031 175 33%
c B 10352.55 589 17 190 966508 13203320 341513 38% 11 2452031 175 33%
c - 10393.85 579 17 191 970377 13238053 253925 38% 12 2452031 175 33%
c F 10481.46 624 17 191 978123 13366322 361438 38% 11 2452031 175 33%
c - 10491.90 571 17 192 978807 13375691 255773 38% 11 2452031 175 33%
c - 10605.70 585 17 193 989563 13514044 257738 38% 12 2452031 175 33%
c B 10617.47 585 17 193 991124 13530323 271451 38% 12 2452031 175 33%
c - 10727.33 652 17 194 1000737 13653115 261228 38% 12 2452031 175 33%
c # 10743.33 652 17 194 1002326 13695324 297202 38% 11 2452031 175 33%
c - 10837.51 661 17 195 1010437 13792903 261974 38% 12 2452031 175 33%
c B 10904.78 661 17 195 1015122 13861325 320045 38% 11 2452031 175 33%
c - 10970.93 625 17 196 1020996 13933407 265645 37% 12 2452031 175 33%
c 
c   seconds      reductions            redundant     irredundant
c             MB        restarts               trail        variables
c              level           conflicts           glue         remaining
c 
c O 11034.64 625 17 196 1028078 14028326 345510 38% 12 2452031 175 33%
c - 11065.09 625 17 197 1031576 14074627 265209 38% 12 2452031 175 33%
c B 11141.02 629 17 197 1040848 14196329 367714 38% 12 2452031 175 33%
c - 11152.13 632 17 198 1042304 14216566 265062 38% 12 2452031 175 33%
c - 11266.54 634 17 199 1053222 14359220 267914 38% 12 2452031 175 33%
c I 11270.46 582 17 199 1053879 14365330 273020 38% 12 2452031 175 33%
c - 11358.79 580 17 200 1063097 14502591 268625 38% 11 2452031 175 33%
c B 11390.14 580 17 200 1065936 14535332 296147 38% 11 2452031 175 33%
c - 11500.03 586 16 201 1073198 14646679 271343 38% 11 2452031 175 33%
c F 11551.09 586 16 201 1077095 14706334 321859 38% 11 2452031 175 33%
c - 11614.07 607 16 202 1084150 14791488 275941 38% 11 2452031 175 33%
c v 11708.04 607 16 202 1084150 14791488 275941 38% 11 2426155 175 33%
c w 11732.54 607 16 202 1084150 14791488 275899 38% 11 2426155 175 33%
c B 11810.69 617 17 202 1091500 14878336 349732 38% 12 2426155 175 33%
c - 11846.96 628 17 203 1094841 14937011 278560 38% 12 2426155 175 33%
c # 11907.52 583 17 203 1102563 15051339 375762 38% 11 2426155 175 33%
c - 11945.65 578 17 204 1105662 15082968 277490 38% 11 2426155 175 33%
c B 12063.25 599 16 204 1115674 15225340 396588 38% 11 2426155 175 33%
c - 12067.26 522 16 205 1115848 15229640 278291 38% 11 2426155 175 33%
c - 12207.91 532 16 206 1127221 15377027 283220 38% 11 2426155 175 33%
c 
c   seconds      reductions            redundant     irredundant
c             MB        restarts               trail        variables
c              level           conflicts           glue         remaining
c 
c O 12233.69 532 17 206 1129563 15400341 303165 38% 11 2426155 175 33%
c - 12332.61 523 16 207 1137972 15525130 287466 38% 11 2426155 175 33%
c B 12367.17 552 16 207 1142207 15576342 330773 38% 11 2426155 175 33%
c - 12448.24 605 17 208 1150665 15673950 287585 37% 12 2426155 175 33%
c I 12497.98 568 17 208 1156490 15753343 354154 38% 12 2426155 175 33%
c - 12550.10 568 17 209 1160837 15823484 286170 38% 11 2426155 175 33%
c B 12617.34 588 17 209 1168820 15931344 378073 38% 11 2426155 175 33%
c - 12639.51 523 17 210 1171656 15973733 288170 38% 11 2426155 175 33%
c F 12761.52 596 16 210 1181212 16110347 405035 38% 11 2426155 175 33%
c - 12773.03 524 16 211 1182391 16124699 293876 38% 11 2426155 175 33%
c - 12895.85 568 16 212 1194698 16276380 293998 37% 11 2426155 175 33%
c B 12904.07 524 16 212 1195285 16290350 305712 37% 11 2426155 175 33%
c - 13030.61 524 17 213 1206005 16428778 295127 38% 11 2426155 175 33%
c # 13069.77 558 17 213 1209558 16471351 331465 38% 12 2426155 175 33%
c - 13149.27 624 17 214 1217876 16581889 297490 38% 12 2426155 175 33%
c B 13205.77 626 17 214 1223066 16653353 358345 38% 12 2426155 175 33%
c - 13283.09 626 16 215 1228453 16735716 298884 38% 11 2426155 175 33%
c O 13367.25 613 17 215 1237532 16836354 383702 38% 12 2426155 175 33%
c - 13421.97 574 17 216 1241007 16890259 301989 38% 11 2426155 175 33%
c B 13522.45 591 16 216 1250311 17020357 412662 38% 11 2426155 175 33%
c 
c   seconds      reductions            redundant     irredundant
c             MB        restarts               trail        variables
c              level           conflicts           glue         remaining
c 
c - 13547.72 604 16 217 1252288 17045520 304503 38% 11 2426155 175 33%
c v 13660.15 559 16 217 1252288 17045520 304503 38% 11 2400725 175 33%
c w 13689.04 559 16 217 1252288 17045520 304133 38% 11 2400725 175 33%
c - 13807.35 618 17 218 1265089 17201493 305392 38% 12 2400725 175 33%
c I 13810.06 523 17 218 1265709 17205358 308446 38% 12 2400725 175 33%
c - 13924.39 614 17 219 1275548 17357882 306379 38% 11 2400725 175 33%
c B 13943.65 524 17 219 1279188 17391359 334684 38% 12 2400725 175 33%
c - 14022.07 601 17 220 1287501 17514984 307366 38% 11 2400725 175 33%
c F 14066.84 566 17 220 1292342 17578360 360986 38% 12 2400725 175 33%
c - 14123.88 549 17 221 1299401 17672802 305287 38% 12 2400725 175 33%
c B 14187.55 593 17 221 1306427 17766361 384956 38% 12 2400725 175 33%
c - 14225.15 603 16 222 1310531 17831332 308918 39% 11 2400725 175 33%
c # 14300.89 564 16 222 1319546 17955367 414092 38% 11 2400725 175 33%
c - 14323.43 599 17 223 1322482 17990578 311317 38% 11 2400725 175 33%
c B 14433.16 619 17 223 1334114 18145370 441227 38% 12 2400725 175 33%
c - 14436.95 579 17 224 1334614 18150541 311379 38% 12 2400725 175 33%
c - 14541.71 574 16 225 1345716 18311214 314466 38% 11 2400725 175 33%
c O 14553.54 532 16 225 1347352 18336373 335535 38% 11 2400725 175 33%
c - 14667.96 535 17 226 1358679 18472603 318502 38% 12 2400725 175 33%
c B 14697.01 535 17 226 1361960 18528375 365372 38% 11 2400725 175 33%
c 
c   seconds      reductions            redundant     irredundant
c             MB        restarts               trail        variables
c              level           conflicts           glue         remaining
c 
c - 14770.95 601 17 227 1370069 18634704 318312 38% 12 2400725 175 33%
c I 14824.46 524 17 227 1376383 18721376 391473 38% 12 2400725 175 33%
c - 14891.38 524 17 228 1381958 18797520 320638 38% 12 2400725 175 33%
c B 14963.85 579 17 228 1389834 18915379 420308 38% 12 2400725 175 33%
c - 15010.29 525 16 229 1392699 18961049 323434 38% 11 2400725 175 33%
c F 15127.33 612 17 229 1404801 19110382 449385 38% 12 2400725 175 33%
c - 15138.85 525 17 230 1405851 19125292 325308 37% 12 2400725 175 33%
c - 15275.19 555 17 231 1418154 19290249 325996 38% 12 2400725 175 33%
c B 15289.09 525 17 231 1419280 19306383 339749 38% 12 2400725 175 33%
c - 15394.29 583 17 232 1429991 19455924 326843 37% 12 2400725 175 33%
c v 15494.12 551 17 232 1429991 19455924 326843 37% 12 2378013 175 33%
c w 15524.90 551 17 232 1429991 19455924 326580 37% 12 2378013 175 33%
c # 15554.00 551 17 232 1433246 19503384 366017 38% 12 2378013 175 33%
c - 15637.60 603 17 233 1441097 19622310 328471 38% 11 2378013 175 33%
c B 15705.98 650 16 233 1446219 19701385 395820 38% 11 2378013 175 33%
c - 15792.79 616 16 234 1452386 19789122 333084 38% 11 2378013 175 33%
c O 15881.61 651 17 234 1462017 19900390 425994 38% 12 2378013 175 33%
c - 15921.31 616 17 235 1466041 19956645 335613 38% 12 2378013 175 33%
c B 16015.70 589 16 235 1475528 20100392 457872 38% 11 2378013 175 33%
c - 16030.65 550 16 236 1476293 20124880 336506 39% 11 2378013 175 33%
c 
c   seconds      reductions            redundant     irredundant
c             MB        restarts               trail        variables
c              level           conflicts           glue         remaining
c 
c - 16163.61 554 16 237 1489298 20293830 341141 38% 11 2378013 175 33%
c I 16167.25 554 16 237 1489745 20301397 347728 38% 11 2378013 175 33%
c - 16298.86 632 17 238 1503284 20463491 343249 38% 12 2378013 175 33%
c B 16319.67 525 17 238 1505573 20503401 376374 38% 11 2378013 175 33%
c - 16398.27 566 17 239 1515814 20633866 339616 38% 12 2378013 175 33%
c F 16445.03 525 17 239 1522102 20706403 399855 38% 12 2378013 175 33%
c - 16515.02 571 16 240 1527282 20804953 341250 39% 11 2378013 175 33%
c B 16602.03 612 16 240 1535942 20910404 430227 38% 11 2378013 175 33%
c - 16648.61 597 17 241 1542518 20976753 345108 38% 12 2378013 175 33%
c # 16746.34 622 17 241 1553050 21115407 462705 38% 12 2378013 175 33%
c - 16769.06 584 17 242 1555156 21149268 349618 38% 12 2378013 175 33%
c B 16878.48 579 16 242 1566062 21321409 495724 39% 11 2378013 175 33%
c - 16880.48 526 16 243 1566333 21322494 350421 39% 11 2378013 175 33%
c - 17026.62 642 16 244 1578773 21496433 353668 38% 11 2378013 175 33%
c O 17042.23 643 16 244 1580427 21528411 380752 38% 11 2378013 175 33%
c - 17146.01 671 16 245 1592396 21671085 354267 38% 11 2378013 175 33%
c B 17188.56 671 16 245 1597199 21736412 409424 38% 11 2378013 175 33%
c - 17270.89 526 17 246 1606482 21846449 354790 38% 12 2378013 175 33%
c I 17357.25 569 16 246 1612127 21945413 438432 38% 11 2378013 175 33%
c - 17436.75 637 16 247 1616951 22022527 357816 38% 11 2378013 175 33%
c 
c   seconds      reductions            redundant     irredundant
c             MB        restarts               trail        variables
c              level           conflicts           glue         remaining
c 
c v 17533.85 536 16 247 1616951 22022527 357816 38% 11 2371004 175 33%
c w 17572.47 536 16 247 1616951 22022527 357582 38% 11 2371004 175 33%
c s 17573.64 537 16 247 1616951 22022527 357582 38% 11 2365838 175 33%
c B 17684.70 589 16 247 1627905 22155416 469547 38% 11 2365838 175 33%
c - 17716.69 526 16 248 1632195 22199318 361425 38% 11 2365838 175 33%
c F 17826.71 603 17 248 1643720 22366417 502709 38% 12 2365838 175 33%
c - 17833.29 581 16 249 1644052 22376656 363720 38% 11 2365838 175 33%
c - 17972.03 526 16 250 1657672 22554705 364209 38% 11 2365838 175 33%
c B 17996.13 526 17 250 1659751 22578420 384142 38% 11 2365838 175 33%
c - 18104.30 527 16 251 1670228 22733468 368625 38% 11 2365838 175 33%
c # 18145.00 540 16 251 1675332 22791422 417925 38% 11 2365838 175 33%
c - 18226.91 552 17 252 1685000 22912942 369385 38% 12 2365838 175 33%
c B 18308.65 598 17 252 1691552 23005427 446378 37% 12 2365838 175 33%
c - 18372.38 610 16 253 1696960 23093128 370044 38% 11 2365838 175 33%
c O 18465.00 611 16 253 1706475 23220428 476930 38% 11 2365838 175 33%
c - 18517.69 527 17 254 1711628 23274030 373787 38% 12 2365838 175 33%
c B 18664.07 620 16 254 1723425 23436429 511968 39% 11 2365838 175 33%
c - 18684.15 548 16 255 1724857 23455642 376493 38% 11 2365838 175 33%
c - 18808.72 527 17 256 1738531 23637965 379012 39% 11 2365838 175 33%
c I 18817.84 527 17 256 1739734 23653430 391973 38% 11 2365838 175 33%
c 
c   seconds      reductions            redundant     irredundant
c             MB        restarts               trail        variables
c              level           conflicts           glue         remaining
c 
c - 18950.79 582 17 257 1752142 23821000 378764 38% 11 2365838 175 33%
c B 18980.54 587 17 257 1756241 23871431 420728 38% 12 2365838 175 33%
c - 19109.78 574 16 258 1765386 24004747 379870 38% 12 2365838 175 33%
c F 19178.06 603 16 258 1771566 24090435 451447 38% 12 2365838 175 33%
c - 19246.42 629 17 259 1779637 24189205 380003 38% 12 2365838 175 33%
c B 19335.80 603 16 259 1786635 24310437 481630 38% 11 2365838 175 33%
c - 19380.61 650 16 260 1791520 24374375 381219 38% 11 2365838 175 33%
c # 19501.44 654 16 260 1803202 24531439 514978 38% 11 2365838 175 33%
c - 19526.21 657 17 261 1806753 24560259 386895 38% 12 2365838 175 33%
c - 19683.74 648 16 262 1819521 24746856 392611 38% 11 2365838 175 33%
c s 19684.45 529 16 262 1819521 24746856 392611 38% 11 2346771 175 33%
c v 19821.88 533 16 262 1819521 24746856 392611 38% 11 2344415 175 33%
c w 19860.71 535 16 262 1819521 24746856 392430 38% 11 2344415 175 33%
c s 19861.90 536 16 262 1819521 24746856 392430 38% 11 2332682 175 33%
c B 19870.65 536 16 262 1820166 24753441 397896 38% 11 2332682 175 33%
c - 20031.89 631 16 263 1833481 24934165 391684 37% 11 2332682 175 33%
c O 20062.51 586 16 263 1836687 24976442 427575 38% 11 2332682 175 33%
c - 20162.51 585 16 264 1846745 25121704 392583 38% 11 2332682 175 33%
c B 20215.40 585 17 264 1853599 25200443 459258 38% 12 2332682 175 33%
c - 20296.24 577 16 265 1860351 25309949 392777 39% 11 2332682 175 33%
c 
c   seconds      reductions            redundant     irredundant
c             MB        restarts               trail        variables
c              level           conflicts           glue         remaining
c 
c I 20398.17 637 16 265 1868857 25425445 489785 38% 11 2332682 175 33%
c - 20472.74 573 16 266 1873793 25498905 395575 38% 11 2332682 175 33%
c B 20579.28 627 17 266 1886087 25651448 523965 38% 12 2332682 175 33%
c - 20605.08 634 17 267 1888866 25688571 399175 38% 12 2332682 175 33%
c F 20755.07 635 17 267 1903015 25878449 558869 38% 11 2332682 175 33%
c - 20756.02 639 17 268 1903025 25878946 398708 38% 11 2332682 175 33%
c - 20912.24 535 16 269 1916954 26070033 402235 38% 12 2332682 175 33%
c B 20944.24 582 16 269 1920138 26106450 432466 38% 12 2332682 175 33%
c - 21075.90 577 17 270 1932896 26261830 403512 38% 12 2332682 175 33%
c # 21143.59 590 17 270 1938026 26335456 465126 38% 12 2332682 175 33%
c - 21243.10 528 16 271 1945668 26454339 405685 38% 11 2332682 175 33%
c B 21332.87 589 16 271 1952030 26565458 497876 38% 11 2332682 175 33%
c - 21410.67 595 16 272 1959197 26647556 407511 38% 12 2332682 175 33%
c O 21567.03 570 16 272 1969807 26796459 532311 38% 11 2332682 175 33%
c - 21621.99 547 16 273 1973027 26841483 410852 38% 11 2332682 175 33%
c B 21767.73 630 16 273 1987364 27028460 568330 38% 11 2332682 175 33%
c - 21777.63 591 16 274 1988045 27036122 416127 38% 11 2332682 175 33%
c - 21924.29 639 17 275 2002809 27231471 417263 38% 11 2332682 175 33%
c I 21943.18 639 17 275 2005820 27261463 442383 38% 12 2332682 175 33%
c - 22060.75 605 17 276 2019138 27427529 414065 38% 12 2332682 175 33%
c 
c   seconds      reductions            redundant     irredundant
c             MB        restarts               trail        variables
c              level           conflicts           glue         remaining
c 
c B 22134.22 620 17 276 2023440 27495464 471552 38% 11 2332682 175 33%
c - 22228.34 530 17 277 2033747 27624298 417984 38% 12 2332682 175 33%
c s 22229.02 530 17 277 2033747 27624298 417983 38% 12 2332682 175 33%
c v 22370.41 538 17 277 2033747 27624298 417983 38% 12 2329904 175 33%
c w 22417.63 539 17 277 2033747 27624298 417820 38% 12 2329904 175 33%
c F 22488.76 548 16 277 2040345 27730465 507315 38% 11 2329904 175 33%
c - 22560.87 562 17 278 2047796 27821777 418985 38% 12 2329904 175 33%
c B 22661.04 601 16 278 2057555 27966467 539484 38% 11 2329904 175 33%
c - 22717.63 651 16 279 2061623 28019925 421149 38% 11 2329904 175 33%
c # 22863.47 609 16 279 2075960 28203468 574042 38% 11 2329904 175 33%
c - 22875.39 536 17 280 2077344 28218783 424429 38% 12 2329904 175 33%
c - 23078.44 581 17 281 2092598 28418350 428652 38% 12 2329904 175 33%
c B 23098.31 542 17 281 2094071 28441471 447877 38% 12 2329904 175 33%
c - 23217.50 626 16 282 2105201 28618627 427237 38% 11 2329904 175 33%
c O 23257.15 597 17 282 2110648 28680474 479514 38% 12 2329904 175 33%
c - 23367.54 626 16 283 2119922 28819613 431133 39% 11 2329904 175 33%
c B 23444.85 630 17 283 2128642 28920476 515827 38% 12 2329904 175 33%
c - 23522.87 674 16 284 2135738 29021310 430927 38% 11 2329904 175 33%
c I 23656.68 686 16 284 2145368 29161479 549508 39% 11 2329904 175 33%
c - 23713.33 608 17 285 2151597 29223717 434808 38% 12 2329904 175 33%
c 
c   seconds      reductions            redundant     irredundant
c             MB        restarts               trail        variables
c              level           conflicts           glue         remaining
c 
c B 23859.81 651 16 285 2163957 29403481 584506 38% 12 2329904 175 33%
c - 23882.31 530 16 286 2164580 29426834 436993 38% 11 2329904 175 33%
c - 24069.77 614 17 287 2181172 29630662 439885 38% 12 2329904 175 33%
c F 24078.44 614 16 287 2181673 29646482 453608 39% 11 2329904 175 33%
c - 24242.98 649 16 288 2194774 29835203 443936 39% 11 2329904 175 33%
c B 24281.44 651 16 288 2198536 29890485 490555 39% 11 2329904 175 33%
c - 24405.31 656 16 289 2211780 30040451 449247 38% 11 2329904 175 33%
c # 24484.77 660 17 289 2218997 30135493 529516 38% 11 2329904 175 33%
c - 24577.80 630 17 290 2228290 30246411 450223 38% 12 2329904 175 33%
c B 24705.28 621 16 290 2237586 30381494 563842 38% 11 2329904 175 33%
c - 24759.24 678 17 291 2243724 30453079 452129 38% 11 2329904 175 33%
c O 24877.62 652 17 291 2258344 30628496 598945 38% 12 2329904 175 33%
c - 24896.19 654 17 292 2259770 30660457 453009 38% 12 2329904 175 33%
c s 24896.84 531 17 292 2259770 30660457 453008 38% 12 2329898 175 33%
c v 25051.50 546 17 292 2259770 30660457 453008 38% 12 2326358 175 33%
c w 25102.23 551 17 292 2259770 30660457 452902 38% 12 2326358 175 33%
c s 25103.38 551 17 292 2259770 30660457 452902 38% 12 2326358 175 33%
c - 25292.50 575 17 293 2276185 30868546 452867 38% 12 2326358 175 33%
c B 25296.69 575 17 293 2276571 30876497 459657 38% 12 2326358 175 33%
c - 25457.65 610 16 294 2289774 31077286 452075 38% 11 2326358 175 33%
c 
c   seconds      reductions            redundant     irredundant
c             MB        restarts               trail        variables
c              level           conflicts           glue         remaining
c 
c I 25489.03 570 16 294 2293047 31125499 492453 38% 11 2326358 175 33%
c - 25648.08 542 16 295 2304853 31286737 458790 38% 11 2326358 175 33%
c B 25734.59 602 16 295 2312543 31375501 533226 38% 12 2326358 175 33%
c - 25840.90 563 16 296 2321347 31496899 462126 38% 11 2326358 175 33%
c F 25952.79 617 17 296 2332455 31626502 570619 38% 12 2326358 175 33%
c - 26019.03 578 16 297 2338628 31707769 464952 38% 11 2326358 175 33%
c B 26145.61 623 16 297 2350598 31878504 607527 38% 11 2326358 175 33%
c - 26190.73 637 16 298 2353785 31919349 464570 38% 11 2326358 175 33%
c # 26364.78 689 16 298 2369226 32131505 642667 38% 11 2326358 175 33%
c - 26365.61 658 16 299 2369261 32131639 467406 38% 11 2326358 175 33%
c - 26520.02 659 17 300 2386066 32344641 468493 38% 12 2326358 175 33%
c B 26563.98 631 17 300 2388653 32385507 503163 38% 12 2326358 175 33%
c - 26718.21 641 16 301 2400749 32558353 471037 39% 11 2326358 175 33%
c O 26775.65 545 16 301 2407035 32640509 540507 39% 11 2326358 175 33%
c - 26876.38 600 17 302 2417374 32772773 472405 39% 11 2326358 175 33%
c B 26990.18 630 17 302 2426617 32896511 576918 39% 11 2326358 175 33%
c - 27090.11 593 17 303 2433776 32987904 476655 38% 12 2326358 175 33%
c I 27211.86 590 16 303 2446611 33153512 615131 38% 12 2326358 175 33%
c - 27260.74 591 17 304 2450647 33203745 477072 38% 12 2326358 175 33%
c B 27422.02 601 16 304 2465171 33411514 650913 39% 11 2326358 175 33%
c 
c   seconds      reductions            redundant     irredundant
c             MB        restarts               trail        variables
c              level           conflicts           glue         remaining
c 
c - 27432.20 608 16 305 2466458 33420295 478218 39% 11 2326358 175 33%
c - 27608.37 568 17 306 2481778 33637557 481577 38% 12 2326358 175 33%
c F 27634.08 560 16 306 2483527 33670517 509566 39% 11 2326358 175 33%
c - 27805.58 558 16 307 2497835 33855528 481855 38% 12 2326358 175 33%
c s 27806.22 558 16 307 2497835 33855528 481855 38% 12 2326358 175 33%
c v 27967.85 560 16 307 2497835 33855528 481855 38% 12 2322363 175 33%
c w 28020.11 561 16 307 2497835 33855528 481593 38% 12 2322363 175 33%
c s 28021.27 561 16 307 2497835 33855528 481593 38% 12 2322362 175 33%
c B 28094.63 533 16 307 2503024 33930519 544209 38% 11 2322362 175 33%
c - 28228.06 654 16 308 2514510 34074211 485819 38% 11 2322362 175 33%
c # 28349.24 648 16 308 2523694 34191522 583009 38% 12 2322362 175 33%
c - 28442.68 641 17 309 2531941 34293533 489168 38% 12 2322362 175 33%
c B 28567.32 662 17 309 2543116 34453525 623489 38% 12 2322362 175 33%
c - 28624.16 676 17 310 2548155 34513564 490606 38% 12 2322362 175 33%
c O 28816.05 660 16 310 2561585 34716526 662099 39% 11 2322362 175 33%
c - 28838.90 602 16 311 2563073 34734307 493768 38% 11 2322362 175 33%
c - 29054.23 587 16 312 2580255 34955758 497034 38% 11 2322362 175 33%
c B 29076.02 539 16 312 2581552 34980528 517916 38% 11 2322362 175 33%
c - 29251.64 569 16 313 2597608 35177920 500316 38% 12 2322362 175 33%
c I 29323.50 603 16 313 2602656 35245530 556432 38% 12 2322362 175 33%
c 
c   seconds      reductions            redundant     irredundant
c             MB        restarts               trail        variables
c              level           conflicts           glue         remaining
c 
c - 29483.41 559 16 314 2614302 35400791 500670 38% 11 2322362 175 33%
c B 29565.93 621 17 314 2623980 35511531 593758 38% 12 2322362 175 33%
c - 29699.94 630 16 315 2630042 35624372 507729 39% 11 2322362 175 33%
c F 29865.76 623 16 315 2642802 35778532 637534 38% 11 2322362 175 33%
c - 29949.91 579 16 316 2647496 35848665 511230 38% 11 2322362 175 33%
c B 30116.63 652 16 316 2663001 36046533 676786 38% 12 2322362 175 33%
c - 30153.84 567 16 317 2664860 36073666 511638 38% 12 2322362 175 33%
c - 30382.64 535 17 318 2682071 36299375 512044 37% 12 2322362 175 33%
c # 30398.05 535 17 318 2682426 36315535 525287 38% 12 2322362 175 33%
c - 30601.15 549 17 319 2697673 36525796 511792 38% 12 2322362 175 33%
c B 30661.57 576 17 319 2702152 36585536 560579 37% 12 2322362 175 33%
c - 30824.71 535 16 320 2713639 36752926 513120 38% 12 2322362 175 33%
c O 30916.58 622 16 320 2720419 36856538 598960 38% 11 2322362 175 33%
c - 31041.16 671 16 321 2730594 36980768 515898 38% 12 2322362 175 33%
c B 31167.76 676 16 321 2740129 37128539 641120 39% 11 2322362 175 33%
c - 31260.86 667 16 322 2747437 37209316 522714 38% 11 2322362 175 33%
c v 31429.15 547 16 322 2747437 37209316 522714 38% 11 2317952 175 33%
c w 31476.09 547 16 322 2747437 37209316 522376 38% 11 2317952 175 33%
c s 31477.23 547 16 322 2747437 37209316 522376 38% 11 2317951 175 33%
c I 31667.56 673 16 322 2761550 37401541 681593 38% 11 2317951 175 33%
c 
c   seconds      reductions            redundant     irredundant
c             MB        restarts               trail        variables
c              level           conflicts           glue         remaining
c 
c - 31704.32 557 16 323 2764129 37438577 521686 38% 11 2317951 175 33%
c - 31924.77 565 16 324 2782408 37668467 525390 38% 12 2317951 175 33%
c B 31928.53 565 16 324 2782674 37675542 531368 38% 11 2317951 175 33%
c - 32152.96 536 16 325 2799616 37899064 529202 38% 11 2317951 175 33%
c F 32203.74 582 17 325 2803912 37950545 572019 38% 12 2317951 175 33%
c - 32387.53 536 16 326 2816631 38130371 529615 38% 11 2317951 175 33%
c B 32506.75 645 17 326 2825155 38226546 609692 38% 12 2317951 175 33%
c - 32621.94 697 17 327 2834383 38362388 530737 38% 12 2317951 175 33%
c # 32780.91 689 16 327 2844754 38503549 648325 38% 11 2317951 175 33%
c - 32872.25 657 16 328 2852371 38595116 532163 38% 12 2317951 175 33%
c B 33057.34 570 16 328 2866148 38781553 686012 37% 12 2317951 175 33%
c - 33104.53 566 17 329 2870443 38828553 535935 38% 12 2317951 175 33%
c O 33353.19 686 16 329 2886253 39060554 730843 38% 11 2317951 175 33%
c - 33355.05 549 16 330 2886261 39062698 540098 38% 11 2317951 175 33%
c - 33553.40 576 16 331 2902938 39297552 542950 38% 11 2317951 175 33%
c B 33600.45 607 16 331 2906457 39340555 578824 38% 12 2317951 175 33%
c - 33772.75 632 17 332 2922047 39533116 542441 38% 12 2317951 175 33%
c I 33829.63 602 16 332 2927106 39621559 616722 38% 11 2317951 175 33%
c - 34010.34 613 16 333 2939538 39769390 543779 38% 12 2317951 175 33%
c B 34142.39 657 16 333 2949375 39903560 655299 38% 12 2317951 175 33%
c 
c   seconds      reductions            redundant     irredundant
c             MB        restarts               trail        variables
c              level           conflicts           glue         remaining
c 
c - 34257.96 625 16 334 2955792 40006373 548677 38% 11 2317951 175 33%
c F 34449.44 667 16 334 2970122 40186561 697870 38% 11 2317951 175 33%
c - 34493.98 662 16 335 2973518 40244066 553415 38% 11 2317951 175 33%
c B 34741.10 680 17 335 2991698 40470562 742093 38% 12 2317951 175 33%
c - 34752.46 686 17 336 2992710 40482469 554631 38% 12 2317951 175 33%
c - 34972.94 628 16 337 3008488 40721581 552108 38% 11 2317951 175 33%
c v 35108.44 553 16 337 3008488 40721581 552108 38% 11 2313575 175 33%
c w 35155.36 559 16 337 3008488 40721581 551464 38% 11 2313575 175 33%
c s 35156.54 559 16 337 3008488 40721581 551463 38% 11 2313573 175 33%
c # 35195.72 576 17 337 3011158 40755563 580016 38% 12 2313573 175 33%
c - 35405.96 549 17 338 3026354 40961402 556945 38% 12 2313573 175 33%
c B 35485.55 631 16 338 3031750 41041564 624859 38% 11 2313573 175 33%
c - 35656.29 604 17 339 3045011 41201850 560326 38% 12 2313573 175 33%
c O 35795.54 645 17 339 3053967 41328566 666284 38% 12 2313573 175 33%
c - 35932.97 565 16 340 3061485 41443006 562932 38% 11 2313573 175 33%
c B 36118.32 638 16 340 3074495 41616567 707737 38% 11 2313573 175 33%
c - 36202.33 562 16 341 3079798 41684873 565559 38% 11 2313573 175 33%
c I 36434.97 683 16 341 3096785 41905568 748724 38% 12 2313573 175 33%
c - 36466.09 598 16 342 3098634 41927448 569744 38% 12 2313573 175 33%
c - 36723.75 610 16 343 3115637 42170732 571429 38% 11 2313573 175 33%
c 
c   seconds      reductions            redundant     irredundant
c             MB        restarts               trail        variables
c              level           conflicts           glue         remaining
c 
c B 36759.95 550 16 343 3117537 42195570 592469 38% 11 2313573 175 33%
c - 36975.47 588 16 344 3134464 42414726 576095 38% 11 2313573 175 33%
c F 37057.38 634 16 344 3140813 42486572 635966 38% 12 2313573 175 33%
c - 37273.73 683 16 345 3153217 42659431 579131 38% 11 2313573 175 33%
c B 37386.27 704 16 345 3163311 42778574 677852 38% 12 2313573 175 33%
c - 37547.80 707 16 346 3171286 42904844 581379 38% 11 2313573 175 33%
c # 37741.03 712 16 346 3184361 43071575 719221 38% 11 2313573 175 33%
c - 37817.67 635 17 347 3191118 43150966 581502 38% 12 2313573 175 33%
c B 38049.22 700 16 347 3205584 43365579 759229 38% 11 2313573 175 33%
c - 38088.58 603 16 348 3207531 43397799 581529 38% 11 2313573 175 33%
c - 38341.83 624 17 349 3228196 43645341 583366 38% 12 2313573 175 33%
c O 38357.62 624 17 349 3228986 43660580 596108 38% 12 2313573 175 33%
c - 38639.26 630 16 350 3244922 43893591 588165 38% 11 2313573 175 33%
c B 38702.04 655 16 350 3251030 43956581 640208 38% 12 2313573 175 33%
c - 38903.21 599 16 351 3264604 44142550 592606 38% 12 2313573 175 33%
c I 39018.60 671 16 351 3272615 44253584 684778 38% 12 2313573 175 33%
c - 39162.41 683 16 352 3281919 44392219 591335 39% 11 2313573 175 33%
c s 39163.07 599 16 352 3281919 44392219 591335 39% 11 2313569 175 33%
c v 39276.70 599 16 352 3281919 44392219 591335 39% 11 2309577 175 33%
c w 39328.47 599 16 352 3281919 44392219 590982 39% 11 2309577 175 33%
c 
c   seconds      reductions            redundant     irredundant
c             MB        restarts               trail        variables
c              level           conflicts           glue         remaining
c 
c B 39496.72 650 16 352 3293244 44551585 723069 38% 11 2309577 175 33%
c - 39586.33 622 16 353 3300451 44642596 593537 38% 12 2309577 175 33%
c F 39833.69 691 17 353 3315532 44850586 767047 39% 12 2309577 175 33%
c - 39881.31 599 16 354 3318637 44893603 596269 39% 11 2309577 175 33%
c - 40154.80 692 16 355 3337649 45145320 598737 38% 12 2309577 175 33%
c B 40160.53 694 16 355 3337710 45150587 603263 38% 12 2309577 175 33%
c - 40425.75 626 16 356 3354619 45397745 602092 39% 11 2309577 175 33%
c # 40493.78 664 16 356 3360056 45451589 646720 38% 12 2309577 175 33%
c - 40706.55 622 16 357 3372904 45650879 606280 38% 11 2309577 175 33%
c B 40834.06 663 16 357 3380048 45753590 691151 38% 11 2309577 175 33%
c - 41009.15 650 16 358 3392549 45904723 604277 38% 12 2309577 175 33%
c O 41179.40 689 16 358 3403552 46056592 730645 38% 11 2309577 175 33%
c - 41309.06 627 16 359 3412069 46159275 609929 38% 11 2309577 175 33%
c B 41543.18 685 16 359 3425450 46360593 778064 38% 11 2309577 175 33%
c - 41615.14 724 17 360 3431262 46414536 615311 38% 12 2309577 175 33%
c I 41862.78 714 16 360 3449111 46665595 825133 38% 11 2309577 175 33%
c - 41871.96 651 16 361 3449387 46670507 615647 38% 11 2309577 175 33%
c - 42180.84 665 16 362 3467614 46927186 618377 38% 11 2309577 175 33%
c B 42237.77 648 16 362 3470319 46971596 656220 38% 11 2309577 175 33%
c - 42477.84 721 16 363 3486622 47184575 619805 38% 11 2309577 175 33%
c 
c   seconds      reductions            redundant     irredundant
c             MB        restarts               trail        variables
c              level           conflicts           glue         remaining
c 
c F 42586.22 696 16 363 3492508 47278601 698509 39% 11 2309577 175 33%
c - 42785.71 696 16 364 3504570 47442672 626450 38% 11 2309577 175 33%
c B 42967.20 701 16 364 3516006 47586604 745737 38% 12 2309577 175 33%
c - 43069.99 686 16 365 3522884 47701479 626050 38% 11 2309577 175 33%
c # 43298.53 718 16 365 3538269 47895606 786540 38% 12 2309577 175 33%
c - 43354.97 611 16 366 3543654 47960999 628501 38% 12 2309577 175 33%
c s 43355.65 611 16 366 3543654 47960999 628501 38% 12 2309575 175 33%
c v 43484.99 611 16 366 3543654 47960999 628501 38% 12 2304656 175 33%
c w 43537.25 611 16 366 3543654 47960999 628143 38% 12 2304656 175 33%
c B 43797.69 706 17 366 3562542 48205607 830010 38% 12 2304656 175 33%
c - 43815.20 601 17 367 3562933 48221225 625402 37% 12 2304656 175 33%
c - 44075.17 704 17 368 3580550 48482057 626833 39% 12 2304656 175 33%
c O 44109.13 655 17 368 3583358 48516608 655228 38% 12 2304656 175 33%
c - 44359.42 602 16 369 3598814 48743598 630221 39% 11 2304656 175 33%
c B 44458.97 668 16 369 3605339 48828609 700450 38% 11 2304656 175 33%
c - 44690.60 602 16 370 3618837 49005848 633354 38% 12 2304656 175 33%
c I 44850.59 668 16 370 3627650 49141610 746023 38% 11 2304656 175 33%
c - 45008.19 608 16 371 3638312 49268806 638005 38% 12 2304656 175 33%
c B 45211.90 700 16 371 3651535 49455612 794222 38% 11 2304656 175 33%
c - 45302.41 641 16 372 3656373 49532472 641585 38% 11 2304656 175 33%
c 
c   seconds      reductions            redundant     irredundant
c             MB        restarts               trail        variables
c              level           conflicts           glue         remaining
c 
c F 45592.06 709 16 372 3674175 49770615 839941 38% 11 2304656 175 33%
c - 45632.17 624 16 373 3676080 49796848 647390 38% 11 2304656 175 33%
c - 45964.31 669 16 374 3695912 50061932 650472 38% 11 2304656 175 33%
c B 45999.35 669 16 374 3697789 50086616 671199 38% 11 2304656 175 33%
c - 46285.09 682 16 375 3715332 50327726 651427 39% 11 2304656 175 33%
c # 46362.43 683 16 375 3720915 50403619 714262 38% 11 2304656 175 33%
c - 46550.28 720 16 376 3733811 50594227 654987 39% 11 2304656 175 33%
c B 46676.21 703 16 376 3744505 50721623 760127 38% 11 2304656 175 33%
c - 46869.61 652 16 377 3754523 50861437 654400 38% 11 2304656 175 33%
c O 47093.09 700 16 377 3768594 51040625 803205 38% 12 2304656 175 33%
c - 47203.21 610 16 378 3775385 51129358 659201 38% 11 2304656 175 33%
c B 47455.12 697 16 378 3793289 51360627 847803 38% 11 2304656 175 33%
c - 47501.81 609 16 379 3795167 51397989 658872 38% 11 2304656 175 33%
c - 47836.38 703 16 380 3814945 51667326 661038 38% 11 2304656 175 33%
c v 47930.13 606 16 380 3814945 51667326 661038 38% 11 2294879 175 33%
c w 47990.19 606 16 380 3814945 51667326 660840 38% 11 2294879 175 33%
c s 47991.38 606 16 380 3814945 51667326 660840 38% 11 2294879 175 33%
c I 48005.25 606 16 380 3816591 51681628 672567 38% 11 2294879 175 33%
c - 48330.95 641 16 381 3836867 51937371 666488 38% 12 2294879 175 33%
c B 48404.70 640 16 381 3841552 52003629 720681 38% 11 2294879 175 33%
c 
c   seconds      reductions            redundant     irredundant
c             MB        restarts               trail        variables
c              level           conflicts           glue         remaining
c 
c - 48648.85 658 16 382 3856144 52207914 667330 38% 12 2294879 175 33%
c F 48772.88 668 16 382 3864415 52326633 767478 39% 11 2294879 175 33%
c - 48969.90 617 17 383 3877016 52479167 672403 38% 12 2294879 175 33%
c B 49197.37 698 16 383 3889871 52650634 813587 38% 12 2294879 175 33%
c - 49336.79 665 16 384 3898401 52751127 672224 38% 12 2294879 175 33%
c # 49569.07 684 16 384 3912872 52975635 857897 38% 11 2294879 175 33%
c - 49628.61 735 16 385 3916863 53023794 676714 38% 11 2294879 175 33%
c - 49938.48 621 17 386 3937124 53297169 675511 38% 12 2294879 175 33%
c B 49942.15 621 17 386 3937327 53301638 679344 38% 12 2294879 175 33%
c - 50269.03 618 17 387 3958413 53571253 675569 38% 12 2294879 175 33%
c O 50336.31 650 16 387 3961125 53628639 723113 38% 12 2294879 175 33%
c - 50628.48 625 16 388 3975599 53846045 678279 38% 11 2294879 175 33%
c B 50771.25 685 16 388 3985038 53956640 769099 38% 11 2294879 175 33%
c - 50965.71 605 16 389 3997846 54121546 685978 38% 12 2294879 175 33%
c I 51156.46 701 16 389 4010131 54285641 820147 38% 11 2294879 175 33%
c - 51315.06 631 16 390 4018732 54397754 689143 38% 11 2294879 175 33%
c B 51551.59 709 16 390 4034965 54615642 866632 38% 12 2294879 175 33%
c - 51626.86 704 16 391 4039156 54674671 689798 38% 12 2294879 175 33%
c F 51970.67 743 17 391 4058867 54946643 914309 38% 12 2294879 175 33%
c - 51979.40 656 17 392 4059044 54952301 689862 38% 12 2294879 175 33%
c 
c   seconds      reductions            redundant     irredundant
c             MB        restarts               trail        variables
c              level           conflicts           glue         remaining
c 
c - 52304.22 660 16 393 4078006 55230634 691030 37% 12 2294879 175 33%
c B 52370.78 660 16 393 4082114 55278644 729789 37% 12 2294879 175 33%
c - 52658.36 747 16 394 4096927 55509675 696347 38% 11 2294879 175 33%
c s 52659.07 638 16 394 4096927 55509675 696343 38% 11 2294868 175 33%
c v 52702.21 638 16 394 4096927 55509675 696343 38% 11 2289107 175 33%
c w 52750.85 638 16 394 4096927 55509675 696207 38% 11 2289107 175 33%
c # 52860.87 691 17 394 4106067 55611645 780053 37% 12 2289107 175 33%
c - 53097.29 610 16 395 4118206 55789427 698577 38% 12 2289107 175 33%
c B 53278.32 711 16 395 4128029 55945646 826945 38% 11 2289107 175 33%
c - 53460.19 679 16 396 4137658 56069756 700197 38% 12 2289107 175 33%
c O 53755.50 707 16 396 4152044 56280647 875812 39% 11 2289107 175 33%
c - 53841.30 641 16 397 4158629 56350792 709229 38% 12 2289107 175 33%
c B 54176.50 702 15 397 4175969 56616648 929893 38% 11 2289107 175 33%
c - 54202.23 645 15 398 4176886 56632541 713779 39% 11 2289107 175 33%
c - 54586.35 675 16 399 4200350 56914993 716664 38% 12 2289107 175 33%
c I 54614.72 675 16 399 4202688 56953651 749339 39% 11 2289107 175 33%
c - 54949.11 646 16 400 4221189 57198154 718901 38% 12 2289107 175 33%
c B 55068.28 687 16 400 4228092 57291652 795934 38% 11 2289107 175 33%
c - 55348.44 694 16 401 4242109 57482023 719894 38% 11 2289107 175 33%
c F 55560.16 701 16 401 4252831 57630653 840665 38% 11 2289107 175 33%
c 
c   seconds      reductions            redundant     irredundant
c             MB        restarts               trail        variables
c              level           conflicts           glue         remaining
c 
c - 55747.35 660 16 402 4264328 57766598 723359 38% 12 2289107 175 33%
c B 55979.73 732 16 402 4279074 57970655 890861 38% 12 2289107 175 33%
c - 56104.76 674 16 403 4284013 58051883 725881 38% 11 2289107 175 33%
c # 56442.92 746 16 403 4303506 58311658 941798 38% 12 2289107 175 33%
c - 56468.82 669 16 404 4305174 58337874 727058 38% 12 2289107 175 33%
c - 56859.89 666 16 405 4324880 58624573 729061 38% 11 2289107 175 33%
c B 56906.85 667 16 405 4327749 58653662 753119 38% 11 2289107 175 33%
c - 57279.63 647 16 406 4347179 58911981 735834 38% 11 2289107 175 33%
c O 57376.95 679 16 406 4352574 58996664 805253 38% 11 2289107 175 33%
c - 57635.54 672 16 407 4369404 59200096 734914 38% 12 2289107 175 33%
c B 57797.75 701 16 407 4378737 59340667 849866 38% 11 2289107 175 33%
c - 58005.76 642 16 408 4391314 59488919 736171 38% 12 2289107 175 33%
c s 58006.45 572 16 408 4391314 59488919 736171 38% 12 2289098 175 33%
c v 58122.30 572 16 408 4391314 59488919 736171 38% 12 2269267 175 33%
c w 58167.38 572 16 408 4391314 59488919 733274 38% 12 2269267 175 33%
c s 58168.60 572 16 408 4391314 59488919 733273 38% 12 2269262 175 33%
c I 58430.81 572 16 408 4404622 59685668 894237 37% 12 2269262 175 33%
c - 58553.79 653 16 409 4411278 59778450 735590 38% 12 2269262 175 33%
c B 58916.83 717 16 409 4430188 60031669 943662 38% 12 2269262 175 33%
c - 58978.85 656 16 410 4433217 60068225 739004 38% 12 2269262 175 33%
c 
c   seconds      reductions            redundant     irredundant
c             MB        restarts               trail        variables
c              level           conflicts           glue         remaining
c 
c - 59397.61 723 16 411 4454394 60358705 745321 38% 12 2269262 175 33%
c F 59418.50 590 16 411 4455814 60378671 762044 38% 12 2269262 175 33%
c - 59745.83 713 16 412 4475057 60649894 747741 38% 11 2269262 175 33%
c B 59853.44 699 16 412 4480556 60726672 811412 38% 11 2269262 175 33%
c - 60153.97 717 16 413 4495430 60941788 749648 38% 11 2269262 175 33%
c # 60337.48 725 16 413 4507200 61075676 859913 38% 12 2269262 175 33%
c - 60588.69 662 16 414 4519333 61234388 751802 38% 12 2269262 175 33%
c B 60849.28 700 16 414 4532984 61425677 909093 38% 12 2269262 175 33%
c - 61001.93 573 16 415 4540107 61527695 755728 38% 12 2269262 175 33%
c O 61377.18 711 16 415 4557614 61776680 959698 38% 11 2269262 175 33%
c - 61447.88 606 16 416 4560566 61821710 757999 38% 11 2269262 175 33%
c - 61878.28 630 16 417 4583172 62116433 764461 38% 12 2269262 175 33%
c B 61894.80 630 16 417 4583701 62128681 774872 38% 12 2269262 175 33%
c - 62270.30 619 16 418 4602703 62411861 768080 39% 11 2269262 175 33%
c I 62378.33 667 16 418 4610480 62481682 824959 38% 12 2269262 175 33%
c - 62704.02 619 16 419 4626091 62707997 772166 38% 11 2269262 175 33%
c B 62899.46 643 16 419 4636072 62835683 874424 38% 12 2269262 175 33%
c - 63184.15 629 16 420 4649016 63004839 767279 37% 12 2269262 175 33%
c F 63454.34 706 16 420 4662903 63190684 918166 38% 12 2269262 175 33%
c - 63612.59 644 16 421 4670671 63302387 772894 38% 12 2269262 175 33%
c 
c   seconds      reductions            redundant     irredundant
c             MB        restarts               trail        variables
c              level           conflicts           glue         remaining
c 
c B 63981.74 734 16 421 4686987 63546685 973961 38% 11 2269262 175 33%
c - 64060.69 661 16 422 4690578 63600641 780077 38% 11 2269262 175 33%
c s 64061.45 661 16 422 4690578 63600641 780077 38% 11 2269244 175 33%
c v 64228.94 661 16 422 4690578 63600641 780077 38% 11 2237398 175 33%
c w 64278.11 661 16 422 4690578 63600641 779782 38% 11 2237398 175 33%
c - 64725.79 618 16 423 4714179 63899603 781063 38% 12 2237398 175 33%
c # 64732.94 618 16 423 4714374 63903686 784601 38% 12 2237398 175 33%
c - 65178.07 618 16 424 4737684 64198490 780737 37% 12 2237398 175 33%
c B 65260.77 664 17 424 4742730 64261687 832186 37% 12 2237398 175 33%
c - 65612.90 693 16 425 4759640 64498083 787614 38% 12 2237398 175 33%
c O 65797.11 688 16 425 4768646 64620695 887206 38% 12 2237398 175 33%
c - 66065.12 682 16 426 4780951 64798381 788802 38% 11 2237398 175 33%
c B 66371.91 714 16 426 4795382 64980697 937883 38% 12 2237398 175 33%
c - 66555.82 627 17 427 4804992 65099383 792969 38% 12 2237398 175 33%
c I 66918.24 731 16 427 4820587 65341698 990716 38% 11 2237398 175 33%
c - 67016.57 648 16 428 4825918 65401091 794988 38% 11 2237398 175 33%
c - 67478.65 752 16 429 4848858 65703506 803019 38% 12 2237398 175 33%
c B 67479.00 620 16 429 4848894 65703699 803186 38% 12 2237398 175 33%
c - 67940.67 619 16 430 4871802 66006624 796311 38% 12 2237398 175 33%
c F 68035.67 649 16 430 4874906 66066700 846752 39% 11 2237398 175 33%
c 
c   seconds      reductions            redundant     irredundant
c             MB        restarts               trail        variables
c              level           conflicts           glue         remaining
c 
c - 68451.02 698 16 431 4894764 66310447 801485 38% 12 2237398 175 33%
c B 68629.73 692 16 431 4902370 66430702 897726 38% 11 2237398 175 33%
c - 68935.28 665 16 432 4916519 66614976 807136 38% 12 2237398 175 33%
c # 69185.68 727 16 432 4930047 66795703 952606 38% 12 2237398 175 33%
c - 69353.36 707 15 433 4937885 66920209 808340 38% 11 2237398 175 33%
c B 69741.56 737 16 433 4957241 67161705 1003137 37% 12 2237398 175 33%
c - 69850.01 636 16 434 4961743 67226148 811480 37% 12 2237398 175 33%
c O 70328.96 732 16 434 4983423 67528707 1055650 38% 12 2237398 175 33%
c - 70334.14 620 16 435 4983457 67532789 812604 38% 12 2237398 175 33%
c - 70787.70 651 16 436 5007088 67840135 817386 38% 12 2237398 175 33%
c v 70957.45 651 16 436 5007088 67840135 817386 38% 12 2201194 175 33%
c w 71009.41 651 16 436 5007088 67840135 817129 38% 12 2201194 175 33%
c B 71101.97 659 16 436 5011102 67896710 862965 38% 12 2201194 175 33%
c - 71489.24 619 16 437 5029727 68148188 820915 38% 12 2201194 175 33%
c I 71671.97 659 16 437 5038415 68265713 914272 37% 12 2201194 175 33%
c - 71943.01 619 16 438 5051553 68456013 820715 38% 12 2201194 175 33%
c B 72228.64 721 16 438 5065821 68635714 965736 37% 12 2201194 175 33%
c - 72428.36 688 16 439 5073954 68764543 824822 38% 11 2201194 175 33%
c F 72820.28 715 16 439 5092320 69006715 1021577 39% 12 2201194 175 33%
c - 72933.90 620 16 440 5097481 69073773 830505 39% 12 2201194 175 33%
c 
c   seconds      reductions             redundant     irredundant
c             MB        restarts                trail        variables
c              level           conflicts            glue         remaining
c 
c B 73421.09 732 16 440 5119672 69378716 1078489 38% 12 2201194 175 33%
c - 73431.56 708 16 441 5120263 69383706 832928 38% 12 2201194 175 33%
c - 73949.92 679 16 442 5141572 69694346 837916 38% 11 2201194 175 33%
c # 74039.98 624 15 442 5145541 69751718 885145 38% 11 2201194 175 33%
c - 74407.24 621 16 443 5165817 70005686 841327 38% 11 2201194 175 33%
c B 74566.71 692 16 443 5174393 70125719 940085 38% 11 2201194 175 33%
c - 74896.02 686 16 444 5188718 70317729 849087 39% 11 2201194 175 33%
c O 75182.38 736 16 444 5203264 70500720 997682 38% 12 2201194 175 33%
c - 75391.49 621 16 445 5214547 70630475 852323 38% 12 2201194 175 33%
c B 75760.52 715 16 445 5232852 70876722 1052406 38% 12 2201194 175 33%
c - 75878.30 651 16 446 5237194 70943922 851789 38% 12 2201194 175 33%
c I 76377.41 760 16 446 5262045 71253724 1103210 38% 12 2201194 175 33%
c - 76384.02 621 16 447 5262231 71258072 854707 38% 12 2201194 175 33%
c - 76880.50 754 16 448 5284137 71572926 856068 37% 12 2201194 175 33%
c B 76965.68 676 16 448 5289436 71631726 903435 37% 12 2201194 175 33%
c - 77355.64 698 16 449 5307280 71888482 863211 38% 12 2201194 175 33%
c F 77532.75 714 16 449 5316646 72010728 963093 38% 12 2201194 175 33%
c - 77858.38 659 16 450 5330209 72204741 865788 38% 12 2201194 175 33%
c s 77859.14 659 16 450 5330209 72204741 865787 38% 12 2201190 175 33%
c v 78022.52 659 16 450 5330209 72204741 865787 38% 12 2155777 175 33%
c 
c   seconds      reductions            redundant     irredundant
c             MB        restarts               trail        variables
c              level           conflicts           glue         remaining
c 
c w 78076.30 659 16 450 5330209 72204741 865461 38% 12 2155777 175 33%
c s 78077.62 659 16 450 5330209 72204741 865459 38% 12 2155769 175 33%
c B 78384.90 726 16 450 5343678 72390729 1016581 38% 12 2155769 175 33%
c - 78591.38 620 16 451 5353839 72521702 869645 38% 12 2155769 175 33%
c # 78994.30 706 16 451 5372170 72771731 1072229 38% 12 2155769 175 33%
c - 79113.29 643 16 452 5376251 72838141 871141 39% 12 2155769 175 33%
c B 79578.38 723 16 452 5397921 73153732 1124219 38% 11 2155769 175 33%
c - 79582.31 632 16 453 5397997 73155277 872605 38% 11 2155769 175 33%
c - 80109.87 631 16 454 5422721 73473113 874072 38% 12 2155769 175 33%
c O 80216.53 633 16 454 5428304 73536733 924731 38% 12 2155769 175 33%
c - 80634.68 770 16 455 5446806 73791649 878847 38% 12 2155769 175 33%
c B 80827.13 680 16 455 5455511 73920734 982812 38% 11 2155769 175 33%
c - 81155.52 620 16 456 5471754 74110885 880416 37% 12 2155769 175 33%
c I 81434.17 692 15 456 5483391 74305736 1035513 38% 11 2155769 175 33%
c - 81671.21 640 16 457 5493945 74430822 884636 38% 12 2155769 175 33%
c B 82097.56 729 16 457 5513224 74691737 1090512 37% 12 2155769 175 33%
c - 82190.68 621 16 458 5516558 74751458 885988 38% 11 2155769 175 33%
c - 82727.89 621 16 459 5540841 75072795 890589 38% 12 2155769 175 33%
c F 82735.39 621 16 459 5540882 75078738 895360 38% 12 2155769 175 33%
c - 83286.52 629 16 460 5566195 75394835 894281 37% 12 2155769 175 33%
c 
c   seconds      reductions            redundant     irredundant
c             MB        restarts               trail        variables
c              level           conflicts           glue         remaining
c 
c B 83397.20 649 16 460 5571910 75466741 951667 37% 12 2155769 175 33%
c - 83834.20 741 16 461 5589097 75717574 901837 38% 12 2155769 175 33%
c # 84053.29 711 16 461 5600169 75855745 1011450 38% 12 2155769 175 33%
c - 84373.22 625 16 462 5613984 76041012 906394 37% 12 2155769 175 33%
c B 84709.17 706 16 462 5629382 76245748 1068019 37% 12 2155769 175 33%
c - 84884.57 649 15 463 5636085 76365149 909543 38% 11 2155769 175 33%
c O 85318.78 740 15 463 5656518 76636751 1125046 38% 11 2155769 175 33%
c - 85416.20 623 15 464 5659687 76689987 913754 39% 11 2155769 175 33%
c s 85416.80 623 15 464 5659687 76689987 913750 39% 11 2155753 175 33%
c v 85575.13 623 15 464 5659687 76689987 913750 39% 11 2113691 175 33%
c w 85629.26 623 15 464 5659687 76689987 913518 39% 11 2113691 175 33%
c s 85630.51 623 15 464 5659687 76689987 907459 39% 11 2113648 175 33%
c - 86195.04 651 16 465 5685757 77015525 911182 38% 12 2113648 175 33%
c B 86219.54 651 16 465 5687169 77028753 921496 38% 12 2113648 175 33%
c - 86768.73 621 16 466 5712537 77340566 914294 38% 12 2113648 175 33%
c I 86892.84 644 16 466 5718587 77421755 978303 37% 12 2113648 175 33%
c - 87328.79 642 16 467 5736624 77666304 915485 37% 12 2113648 175 33%
c B 87572.04 662 16 467 5745654 77815756 1032977 38% 12 2113648 175 33%
c - 87857.76 657 15 468 5757870 77992738 918219 38% 11 2113648 175 33%
c F 88221.89 724 16 468 5777007 78210757 1087970 37% 12 2113648 175 33%
c 
c   seconds      reductions            redundant     irredundant
c             MB        restarts               trail        variables
c              level           conflicts           glue         remaining
c 
c - 88412.32 652 16 469 5784276 78319870 921143 38% 12 2113648 175 33%
c B 88874.67 715 16 469 5805633 78606758 1142403 37% 12 2113648 175 33%
c - 88935.45 661 16 470 5808643 78647700 918762 37% 12 2113648 175 33%
c - 89518.39 635 16 471 5833623 78976227 926270 37% 12 2113648 175 33%
c # 89560.03 635 16 471 5835349 79003759 948523 38% 12 2113648 175 33%
c - 90063.41 682 16 472 5856566 79305453 930413 38% 12 2113648 175 33%
c B 90195.33 699 16 472 5865063 79401761 1006819 37% 12 2113648 175 33%
c - 90600.14 660 16 473 5882948 79635376 933866 37% 12 2113648 175 33%
c O 90891.63 709 15 473 5895362 79800764 1064102 38% 12 2113648 175 33%
c - 91223.52 679 16 474 5908837 79965998 939933 38% 12 2113648 175 33%
c B 91619.73 703 16 474 5924848 80200768 1127005 38% 12 2113648 175 33%
c - 91796.78 629 16 475 5932281 80297315 947371 38% 12 2113648 175 33%
c I 92308.42 691 16 475 5955898 80601770 1180522 38% 12 2113648 175 33%
c - 92349.94 714 16 476 5957676 80629329 947080 38% 12 2113648 175 33%
c - 92963.19 652 16 477 5985027 80962043 948730 38% 12 2113648 175 33%
c B 93026.44 652 15 477 5986976 81003771 980669 38% 12 2113648 175 33%
c - 93545.63 701 16 478 6009157 81295456 955887 38% 12 2113648 175 33%
c F 93738.93 668 15 478 6017033 81406774 1041240 38% 12 2113648 175 33%
c - 94151.65 623 15 479 6034875 81629564 956258 38% 12 2113648 175 33%
c s 94152.30 623 15 479 6034875 81629564 956232 38% 12 2113646 175 33%
c 
c   seconds      reductions            redundant     irredundant
c             MB        restarts               trail        variables
c              level           conflicts           glue         remaining
c 
c v 94284.95 623 15 479 6034875 81629564 956232 38% 12 2072163 175 33%
c w 94358.99 623 15 479 6034875 81629564 955617 38% 12 2072163 175 33%
c s 94360.21 623 15 479 6034875 81629564 955507 38% 12 2072147 175 33%
c B 94643.47 691 16 479 6048591 81810776 1097182 38% 12 2072147 175 33%
c - 94923.84 645 15 480 6060576 81964371 964704 38% 12 2072147 175 33%
c # 95399.01 703 16 480 6081800 82215777 1158765 37% 12 2072147 175 33%
c - 95555.90 647 16 481 6089957 82298630 968374 37% 12 2072147 175 33%
c B 96100.58 721 16 481 6113138 82621781 1218799 38% 12 2072147 175 33%
c - 96122.37 626 16 482 6114123 82633584 975078 38% 12 2072147 175 33%
c - 96715.59 623 16 483 6140329 82969235 975443 37% 12 2072147 175 33%
c O 96808.46 623 15 483 6144560 83028782 1019806 37% 12 2072147 175 33%
c - 97327.85 649 16 484 6169121 83305581 972721 36% 13 2072147 175 33%
c B 97533.09 672 16 484 6175796 83436783 1070304 37% 12 2072147 175 33%
c - 97922.06 622 16 485 6192677 83642620 974592 37% 12 2072147 175 33%
c I 98288.49 684 15 485 6207148 83845784 1129995 37% 12 2072147 175 33%
c - 98525.31 655 16 486 6220255 83980355 979078 36% 13 2072147 175 33%
c B 98981.65 717 16 486 6239665 84255786 1188655 38% 12 2072147 175 33%
c - 99098.28 641 16 487 6244766 84318784 985853 37% 12 2072147 175 33%
c - 99682.38 659 15 488 6270181 84657907 987101 37% 12 2072147 175 33%
c F 99695.57 659 15 488 6270181 84666792 994166 38% 12 2072147 175 33%
c 
c    seconds      reductions            redundant     irredundant
c              MB        restarts               trail        variables
c               level           conflicts           glue         remaining
c 
c - 100303.74 710 16 489 6297513 84997726 993345 37% 12 2072147 175 33%
c B 100433.28 639 16 489 6304225 85078794 1052925 37% 12 2072147 175 33%
c - 100901.62 653 16 490 6322831 85338239 997128 37% 12 2072147 175 33%
c # 101150.80 685 15 490 6332248 85491795 1111220 37% 12 2072147 175 33%
c - 101516.46 680 16 491 6348470 85679447 997961 37% 12 2072147 175 33%
c B 101876.77 687 16 491 6365091 85905796 1164644 36% 12 2072147 175 33%
c - 102086.53 624 16 492 6373747 86021352 1001956 36% 12 2072147 175 33%
c O 102596.13 724 15 492 6393968 86320797 1224261 39% 12 2072147 175 33%
c - 102683.64 628 15 493 6397320 86363951 1010850 39% 12 2072147 175 33%
c - 103299.10 665 16 494 6423332 86707244 1014803 38% 12 2072147 175 33%
c s 103299.79 625 16 494 6423332 86707244 1014735 38% 12 2072135 175 33%
c v 103417.09 625 16 494 6423332 86707244 1014735 38% 12 2028804 175 33%
c w 103464.55 625 16 494 6423332 86707244 1014071 38% 12 2028804 175 33%
c s 103465.85 625 16 494 6423332 86707244 1014008 38% 12 2028733 175 33%
c B 103523.35 641 16 494 6424816 86736800 1037829 38% 12 2028733 175 33%
c - 104098.91 651 15 495 6449514 87051232 1017301 37% 12 2028733 175 33%
c I 104275.22 659 15 495 6455889 87153804 1095900 38% 12 2028733 175 33%
c - 104713.10 686 15 496 6475044 87394548 1020163 36% 12 2028733 175 33%
c B 105005.97 690 15 496 6487679 87571806 1150516 37% 12 2028733 175 33%
c - 105313.45 652 15 497 6499820 87738558 1023030 36% 12 2028733 175 33%
c 
c    seconds      reductions             redundant     irredundant
c              MB        restarts                trail        variables
c               level           conflicts            glue         remaining
c 
c F 105765.30 703 15 497 6518572 87990807 1202559 37% 12 2028733 175 33%
c - 105950.11 645 15 498 6526877 88083257 1026933 37% 12 2028733 175 33%
c B 106537.24 723 15 498 6550668 88410808 1255625 36% 12 2028733 175 33%
c - 106571.77 663 15 499 6551581 88428649 1025154 35% 12 2028733 175 33%
c - 107190.24 661 15 500 6574143 88774732 1033042 37% 12 2028733 175 33%
c # 107291.98 662 15 500 6578942 88831812 1074056 37% 12 2028733 175 33%
c - 107821.02 623 15 501 6601516 89121509 1035522 35% 13 2028733 175 33%
c B 108019.66 661 15 501 6608165 89253813 1129441 35% 12 2028733 175 33%
c - 108390.92 623 15 502 6623676 89468977 1033237 34% 12 2028733 175 33%
c O 108728.84 695 15 502 6637507 89676814 1179596 36% 12 2028733 175 33%
c - 108980.87 650 15 503 6647722 89817137 1041985 35% 12 2028733 175 33%
c B 109505.77 725 15 503 6667324 90100815 1243289 37% 12 2028733 175 33%
c - 109619.69 637 15 504 6671875 90165989 1050097 35% 12 2028733 175 33%
c - 110297.40 646 15 505 6696892 90515535 1058348 36% 12 2028733 175 33%
c I 110312.57 646 15 505 6697667 90525816 1064912 36% 12 2028733 175 33%
c - 110970.83 625 15 506 6722033 90865774 1061619 37% 12 2028733 175 33%
c B 111124.65 647 15 506 6727666 90951818 1120900 37% 12 2028733 175 33%
c - 111656.09 640 15 507 6747540 91216705 1059437 37% 12 2028733 175 33%
c F 111967.50 670 15 507 6758544 91378819 1172435 37% 12 2028733 175 33%
c - 112363.45 672 15 508 6771941 91568327 1066242 37% 12 2028733 175 33%
c 
c    seconds      reductions             redundant     irredundant
c              MB        restarts                trail        variables
c               level           conflicts            glue         remaining
c 
c s 112364.39 625 15 508 6771941 91568327 1065979 37% 12 2028733 175 33%
c v 112509.95 625 15 508 6771941 91568327 1065979 37% 12 1967665 175 33%
c w 112545.21 625 15 508 6771941 91568327 1065688 37% 12 1967665 175 33%
c s 112546.64 625 15 508 6771941 91568327 1061908 37% 12 1967665 175 33%
c B 113013.34 685 15 508 6789224 91806821 1227183 37% 12 1967665 175 33%
c - 113282.51 659 15 509 6799427 91920641 1063347 39% 12 1967665 175 33%
c # 113912.77 713 15 509 6822390 92235825 1294761 40% 12 1967665 175 33%
c - 113994.58 623 15 510 6824113 92271615 1074220 41% 12 1967665 175 33%
c - 114767.14 652 15 511 6852334 92623279 1077801 42% 12 1967665 175 33%
c B 114860.41 652 15 511 6856254 92665828 1109012 43% 12 1967665 175 33%
c - 115580.92 623 15 512 6882659 92975629 1075390 42% 12 1967665 175 33%
c O 115833.88 649 15 512 6891510 93096831 1160393 42% 12 1967665 175 33%
c - 116357.51 623 15 513 6908729 93328668 1078066 44% 12 1967665 175 33%
c B 116791.36 669 15 513 6922201 93528833 1218525 44% 12 1967665 175 33%
c - 117126.87 649 15 514 6933044 93682396 1072153 44% 12 1967665 175 33%
c I 117630.02 692 14 514 6951227 93961835 1266337 46% 11 1967665 175 33%
c - 117721.35 653 13 515 6954566 94036812 1055553 45% 11 1967665 175 33%
c i 117733.35 653 13 515 6955079 94054469 1065944 46% 11 1967665 174 33%
c s 117734.01 653 13 515 6955079 94054469 1065934 46% 11 1967248 174 33%
c v 117799.96 653 13 515 6955079 94054469 1065934 46% 11 1934817 174 33%
c 
c    seconds      reductions             redundant     irredundant
c              MB        restarts                trail        variables
c               level           conflicts            glue         remaining
c 
c w 117824.34 653 13 515 6955079 94054469 1062785 46% 11 1934817 174 33%
c t 117824.37 653 13 515 6955079 94054469 1062770 46% 11 1934817 173 33%
c s 117825.47 653 13 515 6955079 94054469 1062716 46% 11 1812193 173 33%
c i 117843.41 653 12 515 6955120 94067236 1069814 46% 10 1812193 164 31%
c - 118466.40 573 13 516 6977503 94391915 684150 46% 10 1420022 164 31%
c B 118470.71 573 13 516 6977587 94395836 686512 46% 10 1420022 164 31%
c d 118800.48 573 13 516 6991020 94575151 785466 46% 10 1365224 159 30%
c 2 118800.74 573 13 516 6991020 94575151 785267 46% 10 1365197 159 30%
c - 119097.92 511 13 517 7000810 94725738 730720 44% 10 1365197 159 30%
c F 119294.21 511 13 517 7008511 94830838 802056 44% 10 1365197 159 30%
c - 119732.76 516 13 518 7023096 95057548 758495 45% 10 1365197 159 30%
c s 119754.04 516 13 518 7023811 95069429 764880 45% 10 1358761 159 30%
c v 119785.27 516 13 518 7023811 95069429 764880 45% 10 1336736 159 30%
c w 119798.54 516 13 518 7023811 95069429 761080 45% 10 1336736 159 30%
c t 119798.56 516 13 518 7023811 95069429 761078 45% 10 1336736 159 30%
c s 119799.48 516 13 518 7023811 95069429 759990 45% 10 1333361 159 30%
c B 120151.11 538 13 518 7036104 95266841 883784 45% 10 1333361 159 30%
c - 120367.72 493 12 519 7043221 95389998 754898 45% 10 1333361 159 30%
c i 120464.00 493 12 519 7046231 95460908 797481 46% 10 1333361 158 30%
c p 120588.95 493 12 519 7052638 95550153 854919 46% 10 1333361 158 30%
c 
c    seconds      reductions            redundant    irredundant
c              MB        restarts               trail       variables
c               level           conflicts           glue        remaining
c 
c i 120704.48 493 11 519 7057586 95646581 913199 46% 9 1333361 157 30%
c i 120708.42 493 11 519 7057604 95651817 916078 46% 9 1333361 156 30%
c i 120709.69 493 11 519 7057681 95652914 916758 46% 9 1333361 148 28%
c i 120712.03 493 11 519 7057747 95655873 918538 46% 9 1333361 146 28%
c i 120712.14 493 11 519 7057747 95655987 918559 46% 9 1333361 145 27%
c i 120715.82 493 11 519 7057877 95665696 923848 46% 9 1333361 144 27%
c i 120715.83 493 11 519 7057877 95665698 923849 46% 9 1333361 143 27%
c i 120716.81 493 11 519 7057887 95667462 924855 46% 9 1333361 142 27%
c i 120716.82 493 11 519 7057887 95667463 924855 46% 9 1333361 141 27%
c i 120716.89 493 11 519 7057887 95667527 924883 46% 9 1333361 138 26%
c } 120716.91 493 11 519 7057887 95667550 924891 46% 9 1333361 137 26%
c 0 120716.91 493 11 519 7057887 95667550 924891 46% 9 1333361 137 26%
c 
c --- [ result ] -------------------------------------------------------------
c 
s UNSATISFIABLE
c 
c --- [ run-time profiling ] -------------------------------------------------
c 
c process time taken by individual solving procedures
c (percentage relative to process time for solving)
c 
c    115753.11   95.89% search
c    115752.90   95.89% unstable
c      4962.53    4.11% simplify
c      4805.49    3.98% vivify
c        42.57    0.04% subsume
c        23.62    0.02% elim
c        21.01    0.02% ternary
c         4.08    0.00% probe
c         1.28    0.00% parse
c         0.20    0.00% lucky
c   =================================
c    120715.64  100.00% solve
c 
c last line shows process time for solving
c (percentage relative to total process time)
c 
c --- [ statistics ] ---------------------------------------------------------
c 
c chronological:          10963024        11.46 %  of conflicts
c conflicts:              95667550       792.50    per second
c decisions:             146000059      1209.45    per second
c fixed:                       386        73.11 %  of all variables
c learned:                94385669        98.66 %  per conflict
c learned_lits:         2427660617       100.00 %  learned literals
c minimized:                     0         0.00 %  learned literals
c shrunken:              265783330        10.95 %  learned literals
c minishrunken:          107821783         4.44 %  learned literals
c propagations:         1180420573         0.01 M  per second
c reduced:                76250099        79.70 %  per conflict
c rephased:                    436    219420.99    interval
c restarts:                7057887        13.55    interval
c substituted:                   5         0.95 %  of all variables
c subsumed:               17315195         8.92 %  of all clauses
c strengthened:              46882         0.02 %  of all clauses
c ternary:                     165         0.62 %  of resolved
c vivified:                 673136         0.35 %  of all clauses
c weakened:                     10         2.00    average size
c 
c seconds are measured in process time for solving
c 
c --- [ resources ] ----------------------------------------------------------
c 
c total process time since initialization:    120716.91    seconds
c total real time since initialization:       120717.02    seconds
c maximum resident set size of process:          958.48    MB
c 
c --- [ shutting down ] ------------------------------------------------------
c 
c exit 20
