c --- [ banner ] -------------------------------------------------------------
c 
c CaDiCaL Radically Simplified CDCL SAT Solver
c Copyright (c) 2016-2021 A. Biere, M. Fleury, N. Froleyks
c 
c Version 1.5.2 5b4083b132cb28b39750cf680227affaa3466db8
c g++ (GCC) 7.3.1 20180712 (Red Hat 7.3.1-13) -Wall -Wextra -O3 -DNDEBUG
c Thu Mar 10 17:58:10 UTC 2022 Linux ip-172-31-15-58.us-east-2.compute.internal 5.10.93-87.444.amzn2.x86_64 x86_64
c 
c --- [ parsing input ] ------------------------------------------------------
c 
c reading DIMACS file from 'ST25-p-H6-nol.cnf'
c opening file to read 'ST25-p-H6-nol.cnf'
c found 'p cnf 496 1687063' header
c parsed 1687063 clauses in 0.80 seconds process time
c closing file 'ST25-p-H6-nol.cnf'
c after reading 74752227 bytes 71.3 MB
c 
c --- [ options ] ------------------------------------------------------------
c 
c   --stabilize=false              (different from default 'true')
c   --walk=false                   (different from default 'true')
c 
c --- [ solving ] ------------------------------------------------------------
c 
c time measured in process time since initialization
c 
c  seconds   reductions  redundant   irredundant
c          MB    restarts       trail       variables
c           level   conflicts       glue        remaining
c 
c *  0.80 175  0 0   0    0    0  0% 0 1686717 150 30%
c {  0.93 221  0 0   0    0    0  0% 0 1686717 150 30%
c -  1.41 226 31 1   0  302  278 88% 21 1686717 150 30%
c I  1.89 249 25 1   0 1002  756 85% 18 1686717 150 30%
c -  2.47 344 25 2   0 1638 1128 84% 17 1686717 150 30%
c B  2.96 346 25 2   8 3003 2279 76% 16 1686717 150 30%
c -  3.34 347 24 3  12 3645 2014 36% 16 1686717 150 30%
c F  3.97 347 22 3  12 6007 3946 39% 14 1686717 150 30%
c -  4.26 348 22 4  12 6319 2902 39% 14 1686717 150 30%
c -  5.12 348 21 5  36 9663 3891 42% 13 1686717 150 30%
c B  5.32 348 21 5 118 10008 4180 42% 13 1686717 150 30%
c -  6.44 348 20 6 207 13671 4720 42% 13 1686717 150 30%
c #  6.92 348 20 6 328 15009 5749 42% 13 1686717 150 30%
c -  7.59 349 19 7 359 18347 5466 42% 12 1686717 150 30%
c B  8.07 349 18 7 360 21010 7586 42% 12 1686717 150 30%
c -  9.00 349 18 8 555 23693 6383 42% 12 1686717 150 30%
c w 13.51 349 18 8 892 26915 9077 43% 12 1686717 150 30%
c ^ 13.97 349 18 8 892 26915 9077 43% 12 1686717 150 30%
c O 14.78 349 18 8 951 28011 10048 43% 12 1686717 150 30%
c - 16.44 349 18 9 951 29706 7529 44% 12 1686717 150 30%
c 
c  seconds   reductions     redundant    irredundant
c          MB    restarts          trail        variables
c           level     conflicts        glue         remaining
c 
c B 19.66 349 18 9 1348 36013 12997 44% 12 1686717 150 30%
c - 20.13 349 18 10 1396 36387 8307 44% 12 1686717 150 30%
c - 23.30 349 18 11 1820 43737 8895 44% 12 1686717 150 30%
c I 23.87 349 18 11 1980 45014 9967 44% 12 1686717 150 30%
c - 27.24 349 18 12 2503 51754 9759 43% 12 1686717 150 30%
c B 28.11 349 18 12 2528 55015 12393 43% 12 1686717 150 30%
c - 30.76 350 18 13 2997 60440 10410 43% 12 1686717 150 30%
c F 32.92 350 18 13 3282 66018 15235 43% 12 1686717 150 30%
c - 34.81 350 18 14 3512 69794 11401 43% 12 1686717 150 30%
c B 38.77 350 18 14 3991 78019 18645 44% 12 1686717 150 30%
c - 40.83 350 18 15 4226 79817 12598 44% 12 1686717 150 30%
c w 45.05 350 18 15 4226 80743 13439 44% 12 1686717 150 30%
c ^ 45.54 350 18 15 4226 80743 13439 44% 12 1686717 150 30%
c - 51.81 350 17 16 4533 90506 13149 44% 12 1686717 150 30%
c # 52.65 350 17 16 4589 91022 13593 44% 12 1686717 150 30%
c - 55.88 350 17 17 4901 101863 14277 44% 11 1686717 150 30%
c B 56.99 350 17 17 4996 105024 16840 44% 11 1686717 150 30%
c - 62.68 350 17 18 5765 113889 15041 44% 11 1686717 150 30%
c O 66.14 350 17 18 6069 120026 20264 44% 11 1686717 150 30%
c - 70.22 350 17 19 6899 126585 15639 44% 12 1686717 150 30%
c 
c  seconds   reductions       redundant    irredundant
c          MB     restarts           trail        variables
c           level      conflicts         glue         remaining
c 
c B 73.65 350 17 19 7303 136027 23729 44% 11 1686717 150 30%
c - 75.37 350 17 20 7566 139947 16725 44% 11 1686717 150 30%
c I 82.97 350 17 20 8203 153029 27891 44% 11 1686717 150 30%
c - 84.10 350 17 21 8444 153979 17770 44% 11 1686717 150 30%
c w 91.06 350 17 21 8542 161485 24436 44% 11 1686717 150 30%
c ^ 91.55 350 17 21 8542 161485 24436 44% 11 1686717 150 30%
c - 95.22 350 17 22 8908 168678 19004 44% 11 1686717 150 30%
c B 95.53 350 16 22 8934 171034 21007 44% 11 1686717 150 30%
c - 104.55 350 17 23 10542 184046 20174 44% 11 1686717 150 30%
c F 106.75 350 16 23 10576 190036 25283 44% 11 1686717 150 30%
c - 112.59 350 17 24 11823 200080 20209 43% 11 1686717 150 30%
c B 118.03 350 17 24 12383 210038 28845 44% 11 1686717 150 30%
c - 121.88 351 17 25 13032 216784 21608 44% 11 1686717 150 30%
c # 129.36 351 17 25 14354 231040 33776 44% 11 1686717 150 30%
c - 131.42 351 17 26 14603 234157 22485 44% 11 1686717 150 30%
c - 143.54 352 17 27 16370 252196 23032 44% 12 1686717 150 30%
c B 143.87 352 17 27 16432 253042 23771 44% 12 1686717 150 30%
c w 152.49 353 17 27 17419 269143 37478 44% 12 1686717 150 30%
c ^ 153.00 373 17 27 17419 269143 37478 44% 12 1686717 150 30%
c - 154.67 373 17 28 17586 270903 23507 43% 12 1686717 150 30%
c 
c  seconds    reductions        redundant    irredundant
c           MB      restarts           trail        variables
c            level       conflicts         glue         remaining
c 
c O 156.86 373 17 28 17699 276044 28051 44% 12 1686717 150 30%
c - 162.53 374 17 29 18188 290278 24598 44% 11 1686717 150 30%
c B 166.53 374 17 29 19071 300047 32686 44% 11 1686717 150 30%
c - 171.14 374 17 30 19821 310323 25556 44% 11 1686717 150 30%
c I 177.86 374 17 30 20411 325053 38091 44% 11 1686717 150 30%
c - 181.96 374 17 31 21167 331034 26301 44% 11 1686717 150 30%
c B 191.31 374 17 31 23073 351055 43453 44% 12 1686717 150 30%
c - 192.45 374 17 32 23359 352413 27342 44% 12 1686717 150 30%
c - 199.69 374 17 33 24342 374460 28186 44% 11 1686717 150 30%
c F 200.69 374 17 33 24478 378057 31231 44% 11 1686717 150 30%
c - 207.67 374 17 34 25182 397175 30374 44% 11 1686717 150 30%
c w 213.10 374 16 34 25248 403713 35757 44% 11 1686717 150 30%
c ^ 213.60 374 16 34 25248 403713 35757 44% 11 1686717 150 30%
c B 214.50 374 16 34 25256 406062 37533 44% 11 1686717 150 30%
c - 220.93 374 16 35 26255 420560 31029 44% 11 1686717 150 30%
c # 229.03 374 17 35 27492 435064 43575 44% 11 1686717 150 30%
c - 236.09 374 17 36 28237 444612 32730 44% 11 1686717 150 30%
c B 247.61 374 17 36 29755 465065 50370 44% 11 1686717 150 30%
c - 250.36 374 17 37 30089 469334 33016 44% 11 1686717 150 30%
c - 262.91 375 17 38 32001 494725 34202 44% 11 1686717 150 30%
c 
c  seconds    reductions        redundant    irredundant
c           MB      restarts           trail        variables
c            level       conflicts         glue         remaining
c 
c O 263.25 375 17 38 32013 496066 35323 44% 11 1686717 150 30%
c - 273.72 375 17 39 34027 520781 35105 44% 11 1686717 150 30%
c B 276.34 375 17 39 34279 528068 41414 44% 11 1686717 150 30%
c - 284.53 375 17 40 35978 547506 35789 44% 11 1686717 150 30%
c I 289.30 375 16 40 36256 561069 47402 44% 11 1686717 150 30%
c w 295.16 375 16 40 36817 565197 50839 44% 11 1686717 150 30%
c - 300.02 375 17 41 37808 574900 36751 44% 11 1686717 150 30%
c B 314.53 376 17 41 40202 595071 53785 44% 11 1686717 150 30%
c - 319.41 377 17 42 40676 602961 37875 44% 11 1686717 150 30%
c F 334.36 377 17 42 42701 630072 61199 44% 11 1686717 150 30%
c - 335.50 377 17 43 42903 631689 38621 44% 11 1686717 150 30%
c - 348.41 377 16 44 43838 661085 39370 44% 11 1686717 150 30%
c B 351.81 377 16 44 44228 666075 43710 44% 11 1686717 150 30%
c - 367.14 377 16 45 45874 691150 41935 44% 11 1686717 150 30%
c # 373.05 377 16 45 46586 703076 52125 44% 11 1686717 150 30%
c - 385.77 387 16 46 48422 721883 42599 44% 11 1686717 150 30%
c B 394.39 387 17 46 50247 741078 59061 44% 11 1686717 150 30%
c - 401.29 387 17 47 51513 753286 43202 44% 11 1686717 150 30%
c O 419.33 387 17 47 54200 780080 65922 44% 11 1686717 150 30%
c - 422.45 387 17 48 54581 785356 43573 44% 11 1686717 150 30%
c 
c  seconds    reductions        redundant    irredundant
c           MB      restarts           trail        variables
c            level       conflicts         glue         remaining
c 
c - 443.97 389 17 49 56931 818093 44965 44% 11 1686717 150 30%
c B 444.80 389 17 49 56935 820083 46779 44% 11 1686717 150 30%
c - 463.35 389 17 50 59172 851500 45965 44% 11 1686717 150 30%
c I 470.23 389 17 50 59954 861085 54247 44% 11 1686717 150 30%
c - 486.21 389 17 51 61484 885576 47578 44% 11 1686717 150 30%
c B 495.57 389 16 51 62363 903087 62135 44% 11 1686717 150 30%
c - 507.49 389 17 52 63969 920321 49043 44% 11 1686717 150 30%
c F 521.62 389 17 52 66340 946088 71153 44% 11 1686717 150 30%
c - 525.84 389 17 53 66959 955733 49844 44% 11 1686717 150 30%
c B 538.54 389 17 53 69388 990092 79353 44% 11 1686717 150 30%
c - 540.09 390 17 54 69502 991811 50636 44% 11 1686717 150 30%
c - 560.30 390 17 55 71899 1028559 51307 44% 11 1686717 150 30%
c # 563.58 390 17 55 71952 1035093 56925 44% 11 1686717 150 30%
c - 581.86 390 17 56 75418 1065973 52528 44% 12 1686717 150 30%
c B 590.56 390 17 56 76105 1081094 65699 44% 11 1686717 150 30%
c - 603.69 391 17 57 77833 1104058 53159 44% 11 1686717 150 30%
c O 614.33 391 17 57 80504 1128096 73362 44% 12 1686717 150 30%
c - 620.10 391 17 58 81184 1142808 54209 44% 12 1686717 150 30%
c B 632.82 391 17 58 83146 1176097 81640 44% 12 1686717 150 30%
c - 636.12 391 17 59 83760 1182227 54034 44% 12 1686717 150 30%
c 
c  seconds    reductions         redundant    irredundant
c           MB      restarts            trail        variables
c            level        conflicts         glue         remaining
c 
c - 654.56 392 17 60 86722 1222314 54903 44% 12 1686717 150 30%
c I 655.64 392 17 60 86739 1225099 57381 44% 12 1686717 150 30%
c - 675.20 392 17 61 89868 1263068 57412 44% 12 1686717 150 30%
c B 681.98 392 17 61 90406 1275101 67871 44% 12 1686717 150 30%
c - 702.10 394 17 62 92259 1304491 59454 44% 11 1686717 150 30%
c F 711.44 394 16 62 93067 1326105 77842 44% 11 1686717 150 30%
c - 724.03 394 17 63 95078 1346584 60277 44% 11 1686717 150 30%
c B 744.37 394 16 63 96887 1378106 87661 45% 11 1686717 150 30%
c - 751.58 395 16 64 97113 1389343 62057 45% 11 1686717 150 30%
c # 781.72 395 16 64 101054 1431110 97846 44% 11 1686717 150 30%
c - 784.14 395 16 65 101393 1432770 64731 44% 11 1686717 150 30%
c - 810.34 395 17 66 104996 1476868 63664 44% 11 1686717 150 30%
c B 817.63 395 17 66 105828 1485111 70726 44% 11 1686717 150 30%
c - 833.11 395 17 67 108752 1521633 64406 44% 11 1686717 150 30%
c v 859.15 395 17 67 108752 1521633 64406 44% 11 1676841 150 30%
c w 868.25 395 17 67 108752 1521633 64402 44% 11 1676841 150 30%
c O 879.77 395 17 67 110180 1540113 80266 44% 12 1676841 150 30%
c - 890.53 395 17 68 111195 1567064 65704 45% 11 1676841 150 30%
c B 902.52 395 17 68 114036 1596115 90183 44% 12 1676841 150 30%
c - 908.87 395 17 69 115152 1613110 65783 44% 11 1676841 150 30%
c 
c  seconds    reductions          redundant    irredundant
c           MB      restarts             trail        variables
c            level         conflicts         glue         remaining
c 
c I 927.87 395 17 69 117100 1653116 99878 44% 11 1676841 150 30%
c - 931.54 395 17 70 117742 1659824 67153 44% 11 1676841 150 30%
c - 961.36 395 16 71 120539 1707207 69394 45% 11 1676841 150 30%
c B 964.30 395 16 71 121074 1711118 72597 45% 11 1676841 150 30%
c - 985.22 395 17 72 124767 1755259 71144 45% 11 1676841 150 30%
c F 992.88 395 17 72 126368 1770123 83735 45% 11 1676841 150 30%
c - 1009.07 395 17 73 128472 1803975 70514 44% 11 1676841 150 30%
c B 1021.44 395 17 73 130272 1830126 93079 45% 11 1676841 150 30%
c - 1032.14 396 17 74 131737 1853360 72198 45% 11 1676841 150 30%
c # 1053.56 396 17 74 135365 1891128 104176 45% 12 1676841 150 30%
c - 1061.88 396 17 75 135985 1903411 73134 45% 12 1676841 150 30%
c B 1089.68 403 17 75 139410 1953130 114505 44% 12 1676841 150 30%
c - 1090.81 407 17 76 139599 1954131 73489 44% 12 1676841 150 30%
c - 1114.93 352 17 77 143360 2005518 75125 44% 12 1676841 150 30%
c O 1118.32 352 17 77 143426 2016132 84039 44% 11 1676841 150 30%
c - 1137.05 352 16 78 146249 2057572 75564 44% 11 1676841 150 30%
c B 1147.62 352 16 78 148205 2080134 94710 44% 11 1676841 150 30%
c - 1164.39 372 17 79 150306 2110293 79654 44% 11 1676841 150 30%
c I 1183.72 374 17 79 153180 2145136 109391 44% 11 1676841 150 30%
c - 1193.69 377 17 80 154828 2163681 79798 44% 11 1676841 150 30%
c 
c   seconds    reductions          redundant     irredundant
c            MB      restarts              trail        variables
c             level         conflicts          glue         remaining
c 
c B 1215.11 377 17 80 158178 2211137 120213 44% 11 1676841 150 30%
c - 1219.26 377 17 81 158467 2217738 80567 44% 11 1676841 150 30%
c - 1243.43 378 17 82 161846 2272462 81565 44% 11 1676841 150 30%
c F 1246.21 378 17 82 162454 2278141 86328 44% 11 1676841 150 30%
c - 1271.47 378 17 83 166200 2327851 83055 45% 11 1676841 150 30%
c B 1280.07 378 17 83 167572 2346143 98954 45% 11 1676841 150 30%
c - 1299.49 378 17 84 170653 2383908 84352 44% 12 1676841 150 30%
c # 1314.60 378 17 84 172681 2415147 111279 45% 11 1676841 150 30%
c - 1327.68 378 17 85 174696 2440634 85676 44% 12 1676841 150 30%
c B 1350.11 378 17 85 177974 2485149 122439 44% 12 1676841 150 30%
c - 1355.09 378 17 86 178720 2498025 85669 44% 11 1676841 150 30%
c - 1383.79 378 17 87 182994 2556084 87595 44% 11 1676841 150 30%
c O 1383.82 378 17 87 182994 2556151 87655 44% 11 1676841 150 30%
c - 1410.00 378 17 88 186734 2614812 87319 44% 11 1676841 150 30%
c s 1410.23 380 17 88 186734 2614812 87317 44% 11 1676841 150 30%
c v 1453.41 380 17 88 186734 2614812 87317 44% 11 1661218 150 30%
c w 1464.09 380 17 88 186734 2614812 87300 44% 11 1661218 150 30%
c s 1464.65 380 17 88 186734 2614812 87297 44% 11 1661216 150 30%
c B 1471.47 380 17 88 187589 2628152 98777 44% 11 1661216 150 30%
c - 1499.64 380 16 89 189533 2674205 89256 44% 11 1661216 150 30%
c 
c   seconds    reductions          redundant     irredundant
c            MB      restarts              trail        variables
c             level         conflicts          glue         remaining
c 
c I 1515.01 380 16 89 190674 2701153 112187 44% 11 1661216 150 30%
c - 1539.05 394 16 90 194319 2734156 91670 44% 11 1661216 150 30%
c B 1557.66 394 16 90 197166 2775155 126866 44% 11 1661216 150 30%
c - 1569.79 394 17 91 199337 2794775 94147 44% 11 1661216 150 30%
c F 1598.23 394 17 91 204107 2850159 141020 44% 11 1661216 150 30%
c - 1602.89 394 17 92 204964 2856058 93914 44% 12 1661216 150 30%
c - 1632.37 394 17 93 208749 2918008 94856 44% 11 1661216 150 30%
c B 1637.37 394 17 93 209642 2926161 101856 44% 11 1661216 150 30%
c - 1675.19 353 17 94 214754 2980627 96935 45% 12 1661216 150 30%
c # 1683.15 353 17 94 215873 3003162 116293 45% 12 1661216 150 30%
c - 1702.15 354 17 95 219256 3043911 97082 44% 12 1661216 150 30%
c B 1717.87 354 17 95 221243 3081169 128863 44% 12 1661216 150 30%
c - 1731.15 354 17 96 222762 3107860 98282 45% 11 1661216 150 30%
c O 1757.81 368 16 96 225297 3160170 142319 44% 11 1661216 150 30%
c - 1766.29 378 16 97 226241 3172474 99500 44% 11 1661216 150 30%
c - 1807.40 413 17 98 232107 3237754 102182 44% 11 1661216 150 30%
c B 1808.07 413 17 98 232255 3240174 104203 44% 11 1661216 150 30%
c - 1838.44 415 17 99 236465 3303700 103986 44% 11 1661216 150 30%
c I 1848.38 354 17 99 237862 3321178 118966 45% 11 1661216 150 30%
c - 1877.90 380 17 100 241544 3370313 103990 44% 11 1661216 150 30%
c 
c   seconds     reductions          redundant     irredundant
c            MB       restarts              trail        variables
c             level          conflicts          glue         remaining
c 
c B 1898.96 385 17 100 244594 3403181 132051 44% 12 1661216 150 30%
c - 1920.27 354 17 101 246697 3437591 104675 44% 11 1661216 150 30%
c F 1952.38 393 17 101 250880 3486182 145537 44% 12 1661216 150 30%
c - 1966.33 354 17 102 251810 3505536 104888 44% 11 1661216 150 30%
c B 1996.15 354 17 102 256663 3570183 158377 44% 12 1661216 150 30%
c - 1998.53 354 17 103 257014 3574149 105488 44% 12 1661216 150 30%
c - 2038.38 354 17 104 260909 3643426 106922 44% 11 1661216 150 30%
c # 2043.69 354 17 104 262093 3655184 116880 44% 12 1661216 150 30%
c - 2072.72 357 17 105 265653 3713374 109408 44% 11 1661216 150 30%
c B 2085.93 357 17 105 268036 3741187 133172 44% 12 1661216 150 30%
c - 2113.08 355 17 106 271241 3783984 111124 44% 12 1661216 150 30%
c O 2133.22 369 16 106 272835 3828188 148384 44% 11 1661216 150 30%
c - 2147.12 384 16 107 275086 3855261 111616 44% 11 1661216 150 30%
c s 2147.42 386 16 107 275086 3855261 111613 44% 11 1661212 150 30%
c v 2195.86 386 16 107 275086 3855261 111613 44% 11 1643812 150 30%
c w 2209.52 386 16 107 275086 3855261 111573 44% 11 1643812 150 30%
c s 2210.16 386 16 107 275086 3855261 111572 44% 11 1643812 150 30%
c B 2243.12 386 16 107 279836 3916190 163491 44% 11 1643812 150 30%
c - 2247.89 386 16 108 280532 3927203 115370 44% 11 1643812 150 30%
c - 2294.67 354 16 109 285253 3999661 116040 44% 11 1643812 150 30%
c 
c   seconds     reductions          redundant     irredundant
c            MB       restarts              trail        variables
c             level          conflicts          glue         remaining
c 
c I 2296.25 354 16 109 285602 4005192 120545 44% 11 1643812 150 30%
c - 2335.57 394 17 110 291595 4072786 117133 44% 11 1643812 150 30%
c B 2351.81 403 17 110 293582 4095199 136198 44% 11 1643812 150 30%
c - 2381.26 410 17 111 297655 4146575 117790 44% 12 1643812 150 30%
c F 2400.30 410 17 111 300367 4186200 151652 44% 11 1643812 150 30%
c - 2420.50 422 17 112 303368 4221027 118487 44% 11 1643812 150 30%
c B 2454.85 422 16 112 306370 4278201 167693 44% 11 1643812 150 30%
c - 2469.12 423 17 113 308371 4296144 120950 44% 11 1643812 150 30%
c # 2510.63 424 16 113 313405 4371203 184990 44% 11 1643812 150 30%
c - 2511.42 426 16 114 313451 4371928 122879 44% 11 1643812 150 30%
c - 2552.43 426 16 115 318808 4448375 124591 44% 11 1643812 150 30%
c B 2561.19 426 16 115 319969 4465204 138959 44% 11 1643812 150 30%
c - 2591.39 370 17 116 324615 4525486 125639 44% 11 1643812 150 30%
c O 2608.58 370 17 116 326909 4560205 154893 44% 11 1643812 150 30%
c - 2628.57 370 16 117 329572 4603265 125959 44% 11 1643812 150 30%
c B 2653.51 370 16 117 333585 4656210 170520 44% 11 1643812 150 30%
c - 2670.02 355 17 118 335403 4681707 126972 44% 11 1643812 150 30%
c I 2708.71 380 16 118 340220 4753211 187024 44% 11 1643812 150 30%
c - 2716.83 387 17 119 341064 4760815 127011 44% 11 1643812 150 30%
c - 2756.39 391 17 120 347589 4840585 128685 44% 12 1643812 150 30%
c 
c   seconds     reductions          redundant     irredundant
c            MB       restarts              trail        variables
c             level          conflicts          glue         remaining
c 
c B 2761.08 391 17 120 348220 4851213 137564 44% 11 1643812 150 30%
c - 2795.84 394 17 121 352857 4921021 129794 45% 11 1643812 150 30%
c F 2810.02 394 16 121 354470 4950215 154549 45% 11 1643812 150 30%
c - 2837.10 395 16 122 358193 5002124 133097 45% 11 1643812 150 30%
c B 2863.39 395 17 122 362688 5050217 173941 44% 11 1643812 150 30%
c - 2886.99 356 17 123 365740 5083888 135325 44% 11 1643812 150 30%
c # 2921.45 395 17 123 370489 5151218 191603 44% 11 1643812 150 30%
c - 2928.03 356 17 124 371253 5166319 135189 44% 11 1643812 150 30%
c - 2970.28 356 16 125 376318 5249416 137215 44% 11 1643812 150 30%
c s 2970.68 382 16 125 376318 5249416 137214 44% 11 1643811 150 30%
c v 3020.68 382 16 125 376318 5249416 137214 44% 11 1630395 150 30%
c w 3035.31 382 16 125 376318 5249416 137180 44% 11 1630395 150 30%
c B 3038.23 382 16 125 376590 5253220 140392 44% 11 1630395 150 30%
c - 3088.58 382 16 126 383338 5333175 140968 44% 11 1630395 150 30%
c O 3101.91 382 17 126 385716 5356222 160489 45% 11 1630395 150 30%
c - 3136.15 381 17 127 391063 5417464 140984 44% 12 1630395 150 30%
c B 3157.73 381 17 127 394788 5460225 176571 44% 12 1630395 150 30%
c - 3174.28 381 17 128 396269 5502417 139497 44% 11 1630395 150 30%
c I 3202.69 381 17 128 400938 5565229 192416 44% 12 1630395 150 30%
c - 3217.33 388 17 129 402286 5588032 141844 44% 11 1630395 150 30%
c 
c   seconds     reductions          redundant     irredundant
c            MB       restarts              trail        variables
c             level          conflicts          glue         remaining
c 
c B 3260.37 388 16 129 407949 5671230 212494 44% 11 1630395 150 30%
c - 3263.28 389 17 130 408342 5674312 143677 44% 11 1630395 150 30%
c - 3316.54 400 17 131 415684 5761255 144711 44% 12 1630395 150 30%
c F 3324.19 400 16 131 416311 5778233 159113 44% 11 1630395 150 30%
c - 3361.45 401 16 132 420916 5848861 146130 45% 11 1630395 150 30%
c B 3383.51 401 17 132 424786 5886234 177424 44% 11 1630395 150 30%
c - 3409.02 402 16 133 427810 5937131 148875 44% 11 1630395 150 30%
c # 3440.89 402 17 133 432739 5995235 197703 44% 12 1630395 150 30%
c - 3456.82 402 17 134 434507 6026065 149962 44% 11 1630395 150 30%
c B 3495.25 402 16 134 439032 6105236 216320 45% 11 1630395 150 30%
c - 3502.39 402 16 135 439744 6115666 151170 45% 11 1630395 150 30%
c - 3548.42 402 16 136 444889 6205927 152789 44% 11 1630395 150 30%
c O 3555.44 402 16 136 446130 6216238 161575 44% 11 1630395 150 30%
c - 3605.42 402 16 137 453618 6296853 156913 44% 11 1630395 150 30%
c B 3623.89 402 17 137 456848 6328240 183026 44% 12 1630395 150 30%
c - 3667.90 373 16 138 459246 6388441 157130 44% 11 1630395 150 30%
c I 3697.31 373 16 138 464205 6441241 201952 44% 11 1630395 150 30%
c - 3720.30 386 17 139 467471 6480697 159002 44% 11 1630395 150 30%
c B 3765.93 429 17 139 472951 6555242 222331 44% 11 1630395 150 30%
c - 3778.71 387 17 140 474451 6573613 158860 44% 11 1630395 150 30%
c 
c   seconds     reductions          redundant     irredundant
c            MB       restarts              trail        variables
c             level          conflicts          glue         remaining
c 
c - 3824.88 387 17 141 481329 6667192 159990 44% 12 1630395 150 30%
c F 3827.01 387 17 141 481792 6670246 162562 44% 12 1630395 150 30%
c - 3877.49 391 17 142 488742 6761436 159884 44% 12 1630395 150 30%
c s 3877.96 399 17 142 488742 6761436 159875 44% 12 1630392 150 30%
c v 3931.32 399 17 142 488742 6761436 159875 44% 12 1613869 150 30%
c w 3944.61 399 17 142 488742 6761436 159807 44% 12 1613869 150 30%
c s 3945.43 399 17 142 488742 6761436 159805 44% 12 1613867 150 30%
c B 3958.92 399 17 142 490365 6786247 180435 44% 12 1613867 150 30%
c - 4000.54 404 17 143 495019 6856344 160926 44% 12 1613867 150 30%
c # 4030.65 404 17 143 498120 6903252 200865 44% 11 1613867 150 30%
c - 4056.98 414 17 144 501943 6951724 162487 44% 11 1613867 150 30%
c B 4093.08 414 16 144 506632 7021253 221696 44% 11 1613867 150 30%
c - 4107.87 414 16 145 508328 7047766 166038 45% 11 1613867 150 30%
c O 4161.97 418 17 145 515239 7140255 244225 44% 11 1613867 150 30%
c - 4166.18 373 17 146 515792 7144470 167891 44% 11 1613867 150 30%
c - 4219.21 373 16 147 523009 7241841 168151 44% 11 1613867 150 30%
c B 4229.30 373 16 147 524300 7260256 183848 44% 11 1613867 150 30%
c - 4280.51 373 16 148 529090 7339870 170876 44% 11 1613867 150 30%
c I 4309.13 395 16 148 532399 7381259 206710 44% 11 1613867 150 30%
c - 4343.73 373 17 149 538565 7438563 171979 44% 12 1613867 150 30%
c 
c   seconds     reductions          redundant     irredundant
c            MB       restarts              trail        variables
c             level          conflicts          glue         remaining
c 
c B 4376.39 373 17 149 544664 7503262 224916 43% 12 1613867 150 30%
c - 4393.18 385 17 150 546009 7537917 172444 43% 12 1613867 150 30%
c F 4441.33 385 17 150 552552 7626263 247024 44% 12 1613867 150 30%
c - 4447.71 386 17 151 553029 7637933 172332 44% 12 1613867 150 30%
c - 4497.13 386 16 152 559176 7738612 174826 44% 11 1613867 150 30%
c B 4503.92 386 16 152 559597 7750266 185043 44% 11 1613867 150 30%
c - 4556.35 386 16 153 566956 7839955 178494 45% 11 1613867 150 30%
c # 4574.90 386 16 153 569820 7875268 207961 44% 11 1613867 150 30%
c - 4617.96 386 17 154 575761 7941959 180422 44% 12 1613867 150 30%
c B 4650.94 386 17 154 579823 8001273 229605 44% 12 1613867 150 30%
c - 4673.84 375 16 155 582714 8044628 179328 44% 12 1613867 150 30%
c O 4729.06 410 17 155 589346 8128274 250120 44% 12 1613867 150 30%
c - 4742.61 423 17 156 590710 8147956 182893 44% 12 1613867 150 30%
c - 4798.77 429 17 157 598287 8251947 183952 44% 12 1613867 150 30%
c B 4800.88 429 17 157 598825 8256276 187471 44% 12 1613867 150 30%
c - 4871.42 406 17 158 605874 8356599 185023 44% 12 1613867 150 30%
c I 4892.32 406 17 158 608090 8385280 209510 44% 12 1613867 150 30%
c - 4933.98 436 17 159 613217 8461914 187519 44% 11 1613867 150 30%
c s 4934.55 400 17 159 613217 8461914 187514 44% 11 1608851 150 30%
c v 5000.42 400 17 159 613217 8461914 187514 44% 11 1587628 150 30%
c 
c   seconds     reductions          redundant     irredundant
c            MB       restarts              trail        variables
c             level          conflicts          glue         remaining
c 
c w 5012.90 400 17 159 613217 8461914 187378 44% 11 1587628 150 30%
c s 5013.81 400 17 159 613217 8461914 187378 44% 11 1581210 150 30%
c B 5047.82 400 17 159 618041 8515282 232439 44% 12 1581210 150 30%
c - 5079.32 400 17 160 622176 8567891 188447 44% 12 1581210 150 30%
c F 5117.32 400 17 160 626854 8646287 254259 44% 12 1581210 150 30%
c - 5130.39 400 17 161 628083 8674102 187099 44% 11 1581210 150 30%
c B 5199.00 430 16 161 635051 8778289 275672 44% 11 1581210 150 30%
c - 5201.94 377 17 162 635519 8780973 191430 44% 11 1581210 150 30%
c - 5261.42 377 16 163 644270 8888503 191415 44% 12 1581210 150 30%
c # 5274.11 377 17 163 645962 8911291 210580 44% 12 1581210 150 30%
c - 5325.00 398 16 164 651752 8996693 193177 44% 11 1581210 150 30%
c B 5355.18 398 17 164 656700 9045294 234044 44% 12 1581210 150 30%
c - 5392.78 406 17 165 660561 9105542 195437 44% 12 1581210 150 30%
c O 5433.27 406 16 165 665444 9180296 259224 45% 11 1581210 150 30%
c - 5453.67 410 16 166 667228 9215051 196480 44% 11 1581210 150 30%
c B 5521.14 433 16 166 674652 9316298 282319 44% 11 1581210 150 30%
c - 5528.01 436 16 167 675651 9325222 200329 44% 11 1581210 150 30%
c - 5584.63 374 17 168 683800 9436051 202326 44% 12 1581210 150 30%
c I 5597.57 374 17 168 686376 9453302 216666 44% 12 1581210 150 30%
c - 5649.19 374 17 169 692507 9547540 201719 44% 12 1581210 150 30%
c 
c   seconds     reductions          redundant     irredundant
c            MB       restarts              trail        variables
c             level          conflicts          glue         remaining
c 
c B 5673.41 374 16 169 694813 9591305 239061 44% 11 1581210 150 30%
c - 5723.08 374 17 170 700315 9659688 204630 44% 11 1581210 150 30%
c F 5765.10 401 16 170 705174 9730307 264592 44% 11 1581210 150 30%
c - 5791.33 414 17 171 708870 9772496 205581 44% 11 1581210 150 30%
c B 5847.76 414 17 171 716606 9870308 287416 44% 12 1581210 150 30%
c - 5857.89 414 17 172 717862 9885963 206773 44% 12 1581210 150 30%
c - 5933.13 374 16 173 724970 10000090 207898 45% 11 1581210 150 30%
c # 5942.55 374 17 173 726118 10011310 217355 44% 11 1581210 150 30%
c - 5995.14 384 16 174 733491 10114878 208501 44% 11 1581210 150 30%
c B 6020.26 384 17 174 737399 10153314 240884 44% 12 1581210 150 30%
c - 6069.69 375 17 175 742760 10230327 211077 44% 12 1581210 150 30%
c s 6070.28 400 17 175 742760 10230327 211077 44% 12 1579713 150 30%
c v 6147.73 400 17 175 742760 10230327 211077 44% 12 1559658 150 30%
c w 6161.89 400 17 175 742760 10230327 211046 44% 12 1559658 150 30%
c s 6162.80 400 17 175 742760 10230327 211045 44% 12 1559658 150 30%
c O 6202.72 400 17 175 748327 10296318 266449 44% 12 1559658 150 30%
c - 6232.08 399 16 176 751395 10346434 213014 45% 11 1559658 150 30%
c B 6290.46 416 16 176 758702 10440319 292127 45% 12 1559658 150 30%
c - 6305.10 376 16 177 759467 10462883 214424 45% 11 1559658 150 30%
c - 6370.52 386 16 178 768440 10579990 214359 44% 11 1559658 150 30%
c 
c   seconds     reductions           redundant     irredundant
c            MB       restarts               trail        variables
c             level          conflicts           glue         remaining
c 
c I 6372.67 387 16 178 768820 10585321 218678 44% 11 1559658 150 30%
c - 6440.54 389 17 179 778253 10697757 216408 44% 12 1559658 150 30%
c B 6457.63 389 16 179 779672 10731322 244534 44% 11 1559658 150 30%
c - 6512.47 389 17 180 786533 10816180 217215 44% 12 1559658 150 30%
c F 6553.73 424 17 180 791278 10878324 270060 44% 12 1559658 150 30%
c - 6588.44 428 16 181 795424 10935261 220690 44% 11 1559658 150 30%
c B 6645.27 400 16 181 802006 11026327 298050 45% 11 1559658 150 30%
c - 6662.68 405 16 182 804129 11055000 224417 45% 11 1559658 150 30%
c # 6737.29 425 17 182 813312 11175329 326394 44% 12 1559658 150 30%
c - 6737.67 381 17 183 813313 11175399 225191 44% 12 1559658 150 30%
c - 6820.05 418 17 184 821519 11296456 223833 44% 12 1559658 150 30%
c B 6833.25 421 16 184 823282 11325331 248443 44% 11 1559658 150 30%
c - 6884.44 422 17 185 830388 11418169 227018 44% 12 1559658 150 30%
c O 6919.17 393 17 185 834815 11476332 276181 44% 12 1559658 150 30%
c - 6960.17 403 17 186 839613 11540540 228600 45% 12 1559658 150 30%
c B 7008.19 410 16 186 845382 11628333 302248 44% 11 1559658 150 30%
c - 7030.46 435 16 187 847403 11663569 229988 44% 11 1559658 150 30%
c I 7103.71 394 17 187 856908 11781336 329231 44% 12 1559658 150 30%
c - 7106.29 395 16 188 857074 11787255 232124 44% 12 1559658 150 30%
c - 7183.49 395 17 189 866368 11911599 234019 44% 12 1559658 150 30%
c 
c   seconds     reductions           redundant     irredundant
c            MB       restarts               trail        variables
c             level          conflicts           glue         remaining
c 
c B 7196.77 395 16 189 867911 11935338 254022 44% 12 1559658 150 30%
c - 7258.71 395 16 190 875264 12036602 233657 44% 11 1559658 150 30%
c F 7296.09 395 16 190 879381 12090340 278875 44% 12 1559658 150 30%
c - 7348.11 360 16 191 883784 12162262 237353 45% 11 1559658 150 30%
c v 7401.30 385 16 191 883784 12162262 237353 45% 11 1542272 150 30%
c w 7417.24 385 16 191 883784 12162262 237288 45% 11 1542272 150 30%
c s 7418.18 385 16 191 883784 12162262 237288 45% 11 1541654 150 30%
c B 7472.64 408 16 191 890527 12246342 309070 45% 11 1541654 150 30%
c - 7502.15 359 17 192 895337 12288580 241253 45% 12 1541654 150 30%
c # 7568.42 359 17 192 903855 12403346 337623 44% 12 1541654 150 30%
c - 7574.37 360 16 193 904151 12415265 239817 45% 11 1541654 150 30%
c - 7656.83 410 16 194 913188 12542607 242501 45% 11 1541654 150 30%
c B 7667.44 410 16 194 914740 12561350 258139 45% 11 1541654 150 30%
c - 7736.55 419 17 195 923318 12670604 244214 45% 12 1541654 150 30%
c O 7767.49 360 17 195 927299 12720352 286199 44% 12 1541654 150 30%
c - 7818.22 366 17 196 932528 12799258 244743 44% 12 1541654 150 30%
c B 7870.45 397 16 196 937845 12880353 313382 45% 11 1541654 150 30%
c - 7904.61 360 17 197 942718 12928568 247122 44% 12 1541654 150 30%
c I 7977.77 360 17 197 951204 13041355 342309 45% 12 1541654 150 30%
c - 7993.22 360 17 198 952538 13058534 250475 44% 12 1541654 150 30%
c 
c   seconds     reductions           redundant     irredundant
c            MB       restarts               trail        variables
c             level          conflicts           glue         remaining
c 
c - 8080.00 397 17 199 962859 13189156 249315 44% 12 1541654 150 30%
c B 8087.29 397 17 199 963596 13203359 260034 44% 12 1541654 150 30%
c - 8161.76 394 17 200 971782 13320435 250668 44% 12 1541654 150 30%
c F 8185.09 394 16 200 973925 13366362 289931 45% 11 1541654 150 30%
c - 8238.95 394 17 201 981777 13452370 253344 44% 12 1541654 150 30%
c B 8282.67 394 16 201 985399 13530364 319283 44% 11 1541654 150 30%
c - 8326.14 361 17 202 991044 13584963 254851 44% 12 1541654 150 30%
c # 8396.56 409 16 202 997633 13695368 347774 45% 11 1541654 150 30%
c - 8415.97 363 17 203 1000647 13718211 256678 44% 12 1541654 150 30%
c - 8498.13 396 17 204 1010722 13852115 255563 43% 12 1541654 150 30%
c B 8504.09 360 17 204 1011075 13861372 263521 44% 12 1541654 150 30%
c - 8577.44 386 17 205 1018615 13986677 258315 44% 12 1541654 150 30%
c O 8599.72 386 16 205 1020971 14028373 293653 44% 11 1541654 150 30%
c - 8659.84 387 17 206 1028665 14121894 261636 44% 12 1541654 150 30%
c B 8705.52 406 16 206 1033740 14196374 323784 44% 12 1541654 150 30%
c - 8746.01 378 17 207 1037997 14257770 263304 45% 12 1541654 150 30%
c s 8746.64 386 17 207 1037997 14257770 263304 45% 12 1526955 150 30%
c v 8803.03 386 17 207 1037997 14257770 263304 45% 12 1510554 150 30%
c w 8822.00 386 17 207 1037997 14257770 263269 45% 12 1510554 150 30%
c s 8822.94 386 17 207 1037997 14257770 263269 45% 12 1504441 150 30%
c 
c   seconds     reductions            redundant     irredundant
c            MB        restarts               trail        variables
c             level           conflicts           glue         remaining
c 
c I 8884.85 386 16 207 1044749 14365376 352332 44% 11 1504441 150 30%
c - 8906.77 385 17 208 1047872 14394300 264058 44% 12 1504441 150 30%
c - 8994.55 416 16 209 1057606 14530821 267202 44% 12 1504441 150 30%
c B 8997.41 360 16 209 1057893 14535377 271145 44% 12 1504441 150 30%
c - 9083.77 360 16 210 1067775 14667995 269895 44% 11 1504441 150 30%
c F 9106.50 360 17 210 1071399 14706378 301377 44% 12 1504441 150 30%
c - 9164.75 360 16 211 1077869 14805823 271861 44% 11 1504441 150 30%
c B 9214.45 396 17 211 1084308 14878381 332950 44% 12 1504441 150 30%
c - 9266.37 389 17 212 1088611 14944304 272989 44% 12 1504441 150 30%
c # 9330.26 389 17 212 1097183 15051385 362245 44% 12 1504441 150 30%
c - 9352.46 392 17 213 1099261 15083438 275164 44% 12 1504441 150 30%
c - 9443.01 398 16 214 1108522 15223225 276432 44% 11 1504441 150 30%
c B 9444.12 398 16 214 1108524 15225388 278296 44% 11 1504441 150 30%
c - 9537.21 400 16 215 1118669 15363665 280962 45% 11 1504441 150 30%
c O 9559.35 400 17 215 1121904 15400389 311640 44% 12 1504441 150 30%
c - 9625.46 401 16 216 1129175 15504760 280427 44% 11 1504441 150 30%
c B 9676.22 415 16 216 1134326 15576390 340822 44% 11 1504441 150 30%
c - 9727.71 361 16 217 1140067 15646508 281186 44% 12 1504441 150 30%
c I 9803.14 410 17 217 1147945 15753392 371799 44% 12 1504441 150 30%
c - 9828.41 419 17 218 1150791 15788910 284346 44% 12 1504441 150 30%
c 
c   seconds     reductions            redundant     irredundant
c            MB        restarts               trail        variables
c             level           conflicts           glue         remaining
c 
c B 9912.19 420 17 218 1161902 15931395 402231 44% 12 1504441 150 30%
c - 9913.32 421 17 219 1162045 15931967 283465 44% 12 1504441 150 30%
c - 10002.25 371 17 220 1171396 16075674 281883 44% 12 1504441 150 30%
c F 10021.93 371 17 220 1173850 16110397 310266 43% 12 1504441 150 30%
c - 10091.74 378 17 221 1181944 16220034 284905 44% 12 1504441 150 30%
c B 10136.22 378 17 221 1185956 16290399 344430 45% 12 1504441 150 30%
c - 10186.81 386 16 222 1191083 16365052 288164 45% 12 1504441 150 30%
c # 10259.24 406 16 222 1199037 16471401 376002 44% 12 1504441 150 30%
c - 10290.99 366 16 223 1202174 16510718 291239 44% 12 1504441 150 30%
c s 10291.61 386 16 223 1202174 16510718 291239 44% 12 1500340 150 30%
c v 10365.55 386 16 223 1202174 16510718 291239 44% 12 1495459 150 30%
c w 10384.65 386 16 223 1202174 16510718 290737 44% 12 1495459 150 30%
c s 10385.58 386 16 223 1202174 16510718 290737 44% 12 1495458 150 30%
c B 10479.94 415 17 223 1212750 16653404 409692 44% 12 1495458 150 30%
c - 10483.56 361 17 224 1212914 16657038 290124 44% 12 1495458 150 30%
c - 10582.25 433 17 225 1223735 16803836 291571 44% 12 1495458 150 30%
c O 10597.69 434 17 225 1226085 16836406 318260 44% 12 1495458 150 30%
c - 10677.71 450 17 226 1233920 16951286 292780 44% 12 1495458 150 30%
c B 10728.76 404 16 226 1237825 17020407 351227 44% 11 1495458 150 30%
c - 10780.42 435 16 227 1244740 17099389 296157 44% 12 1495458 150 30%
c 
c   seconds      reductions            redundant     irredundant
c             MB        restarts               trail        variables
c              level           conflicts           glue         remaining
c 
c I 10841.50 435 16 227 1251188 17205409 385407 45% 11 1495458 150 30%
c - 10870.36 375 16 228 1254115 17248143 300006 45% 11 1495458 150 30%
c B 10978.58 442 16 228 1265333 17391411 419193 44% 11 1495458 150 30%
c - 10983.51 445 16 229 1266007 17397550 302762 44% 11 1495458 150 30%
c - 11076.93 370 16 230 1276773 17547609 306080 45% 11 1495458 150 30%
c F 11096.56 371 16 230 1279737 17578413 331561 45% 11 1495458 150 30%
c - 11175.84 368 16 231 1288637 17698320 306768 44% 11 1495458 150 30%
c B 11215.29 372 16 231 1293504 17766416 363666 44% 11 1495458 150 30%
c - 11279.64 421 17 232 1300986 17849685 306991 44% 12 1495458 150 30%
c # 11349.64 375 17 232 1309236 17955420 394372 44% 12 1495458 150 30%
c - 11379.59 381 17 233 1311969 18001701 307521 44% 12 1495458 150 30%
c B 11473.77 381 17 233 1322503 18145421 427904 45% 12 1495458 150 30%
c - 11482.72 362 17 234 1323126 18154370 310200 45% 12 1495458 150 30%
c - 11587.13 362 17 235 1334914 18307693 308797 44% 12 1495458 150 30%
c O 11603.85 362 17 235 1336983 18336423 332710 44% 12 1495458 150 30%
c - 11688.64 368 16 236 1345531 18461668 311882 44% 12 1495458 150 30%
c B 11732.37 368 17 236 1351295 18528425 367310 44% 12 1495458 150 30%
c - 11793.13 372 17 237 1357869 18616294 315442 44% 12 1495458 150 30%
c I 11866.80 374 17 237 1365891 18721428 401284 44% 12 1495458 150 30%
c - 11902.67 377 17 238 1369328 18771573 316434 44% 12 1495458 150 30%
c 
c   seconds      reductions            redundant     irredundant
c             MB        restarts               trail        variables
c              level           conflicts           glue         remaining
c 
c s 11903.29 388 17 238 1369328 18771573 316434 44% 12 1495457 150 30%
c v 11991.93 388 17 238 1369328 18771573 316434 44% 12 1493214 150 30%
c w 12016.82 388 17 238 1369328 18771573 316120 44% 12 1493214 150 30%
c s 12017.76 388 17 238 1369328 18771573 316120 44% 12 1493213 150 30%
c B 12120.59 397 17 238 1379735 18915431 437225 45% 12 1493213 150 30%
c - 12126.63 404 17 239 1379956 18927504 319135 45% 12 1493213 150 30%
c - 12231.29 381 16 240 1391192 19084040 321536 45% 11 1493213 150 30%
c F 12250.34 381 16 240 1393586 19110432 343319 45% 12 1493213 150 30%
c - 12340.67 363 16 241 1401957 19241229 325995 45% 11 1493213 150 30%
c B 12384.66 363 16 241 1407456 19306435 380742 44% 12 1493213 150 30%
c - 12456.34 384 17 242 1415374 19399071 328940 44% 12 1493213 150 30%
c # 12528.60 384 17 242 1423658 19503436 416342 44% 12 1493213 150 30%
c - 12566.32 383 17 243 1427026 19557564 329384 44% 12 1493213 150 30%
c B 12674.62 388 17 243 1438923 19701438 448901 44% 12 1493213 150 30%
c - 12686.94 395 17 244 1439886 19716712 329906 44% 12 1493213 150 30%
c - 12802.32 364 16 245 1451432 19876509 330318 44% 12 1493213 150 30%
c O 12816.47 364 16 245 1452942 19900440 350141 44% 12 1493213 150 30%
c - 12914.61 376 16 246 1462080 20036963 332682 44% 12 1493213 150 30%
c B 12959.19 378 17 246 1467354 20100443 385358 44% 12 1493213 150 30%
c - 13025.55 371 16 247 1473726 20198065 335316 44% 12 1493213 150 30%
c 
c   seconds      reductions            redundant     irredundant
c             MB        restarts               trail        variables
c              level           conflicts           glue         remaining
c 
c I 13096.43 372 17 247 1482165 20301444 419046 43% 12 1493213 150 30%
c - 13141.85 397 17 248 1486708 20359820 335905 44% 12 1493213 150 30%
c B 13242.32 399 17 248 1496592 20503445 455635 45% 12 1493213 150 30%
c - 13253.93 403 16 249 1497377 20522226 337641 44% 12 1493213 150 30%
c - 13369.02 376 16 250 1508524 20685285 339484 44% 12 1493213 150 30%
c F 13384.11 376 16 250 1510414 20706446 357026 44% 12 1493213 150 30%
c - 13487.57 387 16 251 1520509 20849001 343867 45% 11 1493213 150 30%
c B 13530.64 389 16 251 1525578 20910447 394179 44% 12 1493213 150 30%
c - 13608.30 434 16 252 1533123 21013364 346851 44% 12 1493213 150 30%
c # 13672.31 438 16 252 1540165 21115451 432174 45% 12 1493213 150 30%
c - 13721.88 452 16 253 1545184 21178383 349560 45% 12 1493213 150 30%
c v 13818.24 401 16 253 1545184 21178383 349560 45% 12 1490651 150 30%
c w 13844.94 401 16 253 1545184 21178383 349263 45% 12 1490651 150 30%
c s 13845.87 401 16 253 1545184 21178383 349263 45% 12 1490650 150 30%
c B 13945.21 429 16 253 1555595 21321453 468990 45% 12 1490650 150 30%
c - 13961.23 397 17 254 1557913 21344051 348428 44% 12 1490650 150 30%
c - 14074.96 365 16 255 1568342 21510314 349316 45% 11 1490650 150 30%
c O 14085.01 365 16 255 1568686 21528456 364803 45% 11 1490650 150 30%
c - 14202.62 424 17 256 1582339 21677230 351674 44% 12 1490650 150 30%
c B 14244.16 365 17 256 1586686 21736457 400959 45% 12 1490650 150 30%
c 
c   seconds      reductions            redundant     irredundant
c             MB        restarts               trail        variables
c              level           conflicts           glue         remaining
c 
c - 14325.96 380 17 257 1594263 21844797 354611 44% 12 1490650 150 30%
c I 14399.16 382 17 257 1601950 21945458 437852 44% 12 1490650 150 30%
c - 14447.53 390 17 258 1606393 22013019 354366 44% 12 1490650 150 30%
c B 14552.98 392 17 258 1617386 22155460 471373 44% 12 1490650 150 30%
c - 14574.66 398 17 259 1619291 22181890 355598 44% 12 1490650 150 30%
c - 14693.62 402 16 260 1630603 22351413 356711 44% 12 1490650 150 30%
c F 14704.23 402 16 260 1631844 22366463 369001 44% 12 1490650 150 30%
c - 14813.46 383 16 261 1641727 22521591 360047 45% 12 1490650 150 30%
c B 14853.26 389 16 261 1646579 22578466 407434 45% 12 1490650 150 30%
c - 14941.94 419 17 262 1655826 22692418 363410 44% 12 1490650 150 30%
c # 15009.17 424 16 262 1662331 22791467 444348 44% 12 1490650 150 30%
c - 15067.75 374 17 263 1668037 22863899 364986 44% 12 1490650 150 30%
c B 15167.71 398 16 263 1677758 23005472 483823 45% 12 1490650 150 30%
c - 15192.63 409 16 264 1680180 23036031 368679 45% 12 1490650 150 30%
c - 15311.74 413 16 265 1691295 23208814 368331 45% 11 1490650 150 30%
c O 15320.22 367 16 265 1692235 23220473 377976 45% 11 1490650 150 30%
c - 15451.86 389 16 266 1705169 23382249 371679 44% 12 1490650 150 30%
c B 15493.67 389 17 266 1710635 23436474 416388 44% 12 1490650 150 30%
c - 15583.99 439 16 267 1717968 23556336 377152 45% 11 1490650 150 30%
c I 15659.48 392 17 267 1726556 23653475 457074 44% 12 1490650 150 30%
c 
c   seconds      reductions            redundant     irredundant
c             MB        restarts               trail        variables
c              level           conflicts           glue         remaining
c 
c - 15721.27 368 16 268 1730606 23731075 379253 45% 11 1490650 150 30%
c v 15825.14 393 16 268 1730606 23731075 379253 45% 11 1487673 150 30%
c w 15850.92 394 16 268 1730606 23731075 379043 45% 11 1487673 150 30%
c s 15851.84 395 16 268 1730606 23731075 379041 45% 11 1487672 150 30%
c B 15967.82 425 17 268 1743237 23871478 495523 44% 12 1487672 150 30%
c - 16001.27 378 17 269 1745691 23906466 380884 44% 12 1487672 150 30%
c - 16132.29 405 17 270 1757122 24082440 378953 45% 12 1487672 150 30%
c F 16138.04 406 16 270 1757564 24090479 385768 45% 12 1487672 150 30%
c - 16264.34 411 17 271 1770876 24259065 379070 45% 12 1487672 150 30%
c B 16299.43 411 17 271 1774357 24310482 422238 45% 12 1487672 150 30%
c - 16403.91 454 16 272 1783509 24436341 383845 45% 12 1487672 150 30%
c # 16481.03 392 17 272 1791735 24531484 461958 44% 12 1487672 150 30%
c - 16548.16 398 17 273 1797485 24614270 387429 44% 12 1487672 150 30%
c B 16651.83 375 16 273 1806026 24753485 502992 45% 12 1487672 150 30%
c - 16689.06 463 16 274 1808930 24792852 386502 45% 12 1487672 150 30%
c - 16826.06 443 16 275 1822082 24972086 390886 45% 12 1487672 150 30%
c O 16829.71 376 16 275 1822246 24976487 394773 45% 11 1487672 150 30%
c - 16971.50 442 17 276 1835686 25151969 394748 45% 12 1487672 150 30%
c B 17007.08 376 17 276 1839896 25200489 434386 44% 12 1487672 150 30%
c - 17109.18 444 17 277 1849834 25332504 394120 44% 12 1487672 150 30%
c 
c   seconds      reductions            redundant     irredundant
c             MB        restarts               trail        variables
c              level           conflicts           glue         remaining
c 
c I 17163.91 445 16 277 1854629 25425493 469184 44% 12 1487672 150 30%
c - 17243.88 449 17 278 1862319 25513691 391564 44% 12 1487672 150 30%
c B 17345.39 451 16 278 1870549 25651494 505539 44% 12 1487672 150 30%
c - 17382.68 431 16 279 1873885 25695529 395629 44% 11 1487672 150 30%
c - 17525.40 475 16 280 1887612 25878019 399495 44% 12 1487672 150 30%
c F 17525.66 431 16 280 1887612 25878495 399815 44% 12 1487672 150 30%
c - 17659.68 432 17 281 1901117 26061162 402014 45% 12 1487672 150 30%
c B 17689.30 432 16 281 1904284 26106496 437699 44% 12 1487672 150 30%
c - 17804.07 433 16 282 1914156 26244956 398177 44% 12 1487672 150 30%
c # 17880.11 462 16 282 1920158 26335499 475073 45% 12 1487672 150 30%
c - 17954.15 473 16 283 1926561 26429402 405922 45% 12 1487672 150 30%
c s 17954.79 439 16 283 1926561 26429402 405922 45% 12 1487670 150 30%
c v 18063.26 439 16 283 1926561 26429402 405922 45% 12 1483113 150 30%
c w 18091.82 439 16 283 1926561 26429402 405738 45% 12 1483113 150 30%
c B 18199.48 460 17 283 1938256 26565501 516807 44% 12 1483113 150 30%
c - 18239.21 460 17 284 1941570 26614500 407363 45% 12 1483113 150 30%
c O 18377.70 434 16 284 1952697 26796504 556436 44% 11 1483113 150 30%
c - 18381.75 433 16 285 1953003 26800136 405707 44% 11 1483113 150 30%
c - 18522.99 434 16 286 1967511 26986422 409816 44% 12 1483113 150 30%
c B 18554.22 434 16 286 1970650 27028505 443932 44% 12 1483113 150 30%
c 
c   seconds      reductions            redundant     irredundant
c             MB        restarts               trail        variables
c              level           conflicts           glue         remaining
c 
c - 18669.02 434 16 287 1980151 27173360 411349 45% 12 1483113 150 30%
c I 18739.13 434 16 287 1987228 27261509 484045 45% 12 1483113 150 30%
c - 18820.00 434 16 288 1993889 27360949 414035 45% 12 1483113 150 30%
c B 18928.28 445 17 288 2003536 27495511 525340 44% 12 1483113 150 30%
c - 18982.64 459 17 289 2008892 27549190 417991 44% 12 1483113 150 30%
c F 19123.50 459 16 289 2020976 27730513 566439 44% 12 1483113 150 30%
c - 19134.01 459 17 290 2021987 27738083 417534 44% 12 1483113 150 30%
c - 19279.74 459 17 291 2035040 27927626 420369 43% 12 1483113 150 30%
c B 19312.60 459 17 291 2038137 27966514 451843 44% 12 1483113 150 30%
c - 19422.91 463 16 292 2047750 28117825 418542 44% 12 1483113 150 30%
c # 19493.24 463 16 292 2054295 28203519 488578 44% 12 1483113 150 30%
c - 19576.88 464 16 293 2061471 28308673 426715 45% 12 1483113 150 30%
c B 19681.48 464 16 293 2071410 28441522 536863 45% 12 1483113 150 30%
c - 19740.34 464 17 294 2077246 28500170 428574 44% 12 1483113 150 30%
c O 19880.72 464 16 294 2088484 28680526 576467 44% 12 1483113 150 30%
c - 19893.68 464 16 295 2089676 28692319 427786 44% 12 1483113 150 30%
c - 20054.56 474 16 296 2103254 28885119 434708 45% 12 1483113 150 30%
c B 20082.16 474 16 296 2106089 28920529 463679 44% 12 1483113 150 30%
c - 20220.31 478 17 297 2119348 29078570 436577 44% 12 1483113 150 30%
c I 20285.81 478 16 297 2125106 29161530 505035 45% 12 1483113 150 30%
c 
c   seconds      reductions            redundant     irredundant
c             MB        restarts               trail        variables
c              level           conflicts           glue         remaining
c 
c - 20382.30 480 17 298 2133812 29272673 438387 45% 12 1483113 150 30%
c s 20382.94 480 17 298 2133812 29272673 438386 45% 12 1483077 150 30%
c v 20442.18 480 17 298 2133812 29272673 438386 45% 12 1481438 150 30%
c w 20483.54 480 17 298 2133812 29272673 438207 45% 12 1481438 150 30%
c B 20592.83 480 16 298 2143253 29403533 544811 44% 12 1481438 150 30%
c - 20658.98 480 17 299 2148411 29467428 438238 44% 12 1481438 150 30%
c F 20801.19 481 17 299 2161296 29646534 584117 45% 12 1481438 150 30%
c - 20819.87 436 17 300 2162091 29662790 437976 45% 12 1481438 150 30%
c - 20975.28 461 16 301 2176024 29858802 440531 44% 12 1481438 150 30%
c B 21004.80 461 17 301 2179576 29890536 466206 44% 12 1481438 150 30%
c - 21148.19 464 17 302 2192273 30055465 445139 44% 12 1481438 150 30%
c # 21212.46 464 17 302 2198320 30135539 510608 44% 12 1481438 150 30%
c - 21322.08 437 16 303 2205959 30252781 447487 45% 12 1481438 150 30%
c B 21430.27 457 17 303 2215923 30381541 553773 45% 12 1481438 150 30%
c - 21492.28 466 17 304 2220345 30450748 452185 45% 12 1481438 150 30%
c O 21642.95 466 16 304 2233507 30628545 597948 45% 12 1481438 150 30%
c - 21663.05 466 16 305 2235312 30649366 449325 45% 12 1481438 150 30%
c - 21836.87 467 16 306 2250672 30848637 450264 44% 12 1481438 150 30%
c B 21859.84 467 16 306 2252614 30876548 473692 44% 12 1481438 150 30%
c - 22012.39 467 17 307 2264839 31048558 454650 44% 12 1481438 150 30%
c 
c   seconds      reductions            redundant     irredundant
c             MB        restarts               trail        variables
c              level           conflicts           glue         remaining
c 
c I 22073.81 467 16 307 2270003 31125549 517228 44% 12 1481438 150 30%
c - 22183.50 467 17 308 2279986 31249130 454104 44% 12 1481438 150 30%
c B 22283.15 467 17 308 2287916 31375553 556525 44% 12 1481438 150 30%
c - 22352.88 467 16 309 2292808 31450354 457953 45% 12 1481438 150 30%
c F 22493.31 484 16 309 2305431 31626558 601249 44% 12 1481438 150 30%
c - 22515.68 438 16 310 2307188 31652227 460767 44% 12 1481438 150 30%
c - 22697.51 459 16 311 2322963 31854753 464505 44% 12 1481438 150 30%
c B 22710.50 459 16 311 2323766 31878559 484491 44% 12 1481438 150 30%
c - 22874.80 479 16 312 2337314 32057929 467609 45% 12 1481438 150 30%
c # 22933.54 438 16 312 2342181 32131563 528520 45% 12 1481438 150 30%
c - 23046.31 438 16 313 2351889 32261756 468755 44% 12 1481438 150 30%
c s 23046.96 438 16 313 2351889 32261756 468755 44% 12 1481436 150 30%
c v 23112.80 438 16 313 2351889 32261756 468755 44% 12 1475603 150 30%
c w 23152.28 438 16 313 2351889 32261756 468664 44% 12 1475603 150 30%
c s 23153.27 438 16 313 2351889 32261756 468664 44% 12 1475587 150 30%
c B 23258.96 445 16 313 2360816 32385564 570624 45% 12 1475587 150 30%
c - 23329.65 463 16 314 2366549 32466234 470541 44% 12 1475587 150 30%
c O 23481.95 465 16 314 2378745 32640566 613518 44% 12 1475587 150 30%
c - 23513.25 473 17 315 2381630 32671201 472476 44% 12 1475587 150 30%
c - 23691.24 476 16 316 2396068 32876820 476254 44% 12 1475587 150 30%
c 
c   seconds      reductions            redundant     irredundant
c             MB        restarts               trail        variables
c              level           conflicts           glue         remaining
c 
c B 23701.91 476 16 316 2396723 32896567 491992 44% 12 1475587 150 30%
c - 23874.31 476 17 317 2411507 33083089 475740 44% 12 1475587 150 30%
c I 23937.26 477 17 317 2416415 33153568 534741 44% 12 1475587 150 30%
c - 24052.12 438 16 318 2425497 33290008 478103 45% 12 1475587 150 30%
c B 24153.39 472 16 318 2434262 33411571 578080 44% 12 1475587 150 30%
c - 24224.54 474 16 319 2440752 33497577 480395 43% 12 1475587 150 30%
c F 24376.43 498 16 319 2453539 33670572 624291 45% 11 1475587 150 30%
c - 24403.96 439 16 320 2455899 33705798 483955 44% 11 1475587 150 30%
c - 24601.24 468 16 321 2473504 33914673 490134 45% 12 1475587 150 30%
c B 24616.14 468 16 321 2474931 33930576 502756 45% 12 1475587 150 30%
c - 24786.44 468 16 322 2489152 34124196 488899 44% 12 1475587 150 30%
c # 24838.92 468 16 322 2493571 34191577 544284 44% 12 1475587 150 30%
c - 24972.51 476 16 323 2503961 34334368 489570 45% 12 1475587 150 30%
c B 25074.96 478 16 323 2511805 34453578 588202 45% 12 1475587 150 30%
c - 25160.80 482 16 324 2518386 34545191 492820 45% 12 1475587 150 30%
c O 25301.62 486 17 324 2530188 34716580 633087 44% 12 1475587 150 30%
c - 25342.17 440 17 325 2532895 34756666 494489 44% 12 1475587 150 30%
c - 25529.78 442 16 326 2548550 34968793 496450 45% 12 1475587 150 30%
c B 25537.53 442 16 326 2549413 34980582 505953 45% 12 1475587 150 30%
c - 25729.78 467 17 327 2565272 35181568 498694 44% 12 1475587 150 30%
c 
c   seconds      reductions            redundant     irredundant
c             MB        restarts               trail        variables
c              level           conflicts           glue         remaining
c 
c I 25786.51 467 16 327 2570179 35245584 551145 44% 12 1475587 150 30%
c - 25915.35 442 16 328 2579704 35394994 500859 44% 12 1475587 150 30%
c s 25916.01 442 16 328 2579704 35394994 500859 44% 12 1475575 150 30%
c v 25975.55 442 16 328 2579704 35394994 500859 44% 12 1472464 150 30%
c w 26013.80 442 16 328 2579704 35394994 500571 44% 12 1472464 150 30%
c s 26014.86 442 16 328 2579704 35394994 500571 44% 12 1472462 150 30%
c B 26114.42 442 16 328 2589179 35511585 595070 44% 12 1472462 150 30%
c - 26218.68 491 16 329 2595503 35609070 504510 44% 11 1472462 150 30%
c F 26359.25 461 16 329 2607749 35778586 641243 44% 12 1472462 150 30%
c - 26410.69 468 16 330 2612267 35823706 505675 44% 12 1472462 150 30%
c - 26603.61 441 16 331 2627490 36038992 506565 44% 12 1472462 150 30%
c B 26612.67 441 16 331 2627506 36046587 513302 44% 12 1472462 150 30%
c - 26792.50 460 16 332 2642403 36254931 508735 44% 12 1472462 150 30%
c # 26850.78 460 16 332 2647687 36315589 557600 44% 12 1472462 150 30%
c - 26994.00 441 16 333 2658786 36471519 511018 45% 12 1472462 150 30%
c B 27090.86 457 17 333 2667437 36585590 603644 44% 12 1472462 150 30%
c - 27182.92 463 16 334 2674657 36688757 510989 44% 12 1472462 150 30%
c O 27328.08 463 17 334 2686319 36856595 648245 45% 12 1472462 150 30%
c - 27381.58 466 17 335 2690770 36906646 515298 45% 12 1472462 150 30%
c - 27578.28 450 16 336 2705228 37125184 514636 44% 12 1472462 150 30%
c 
c   seconds      reductions            redundant     irredundant
c             MB        restarts               trail        variables
c              level           conflicts           glue         remaining
c 
c B 27582.02 450 16 336 2705588 37128596 517401 44% 12 1472462 150 30%
c - 27786.35 457 16 337 2721610 37344374 518373 45% 12 1472462 150 30%
c I 27835.48 457 16 337 2725210 37401598 565257 45% 12 1472462 150 30%
c - 27998.01 501 16 338 2736826 37564214 524892 44% 12 1472462 150 30%
c B 28096.97 502 16 338 2746778 37675600 615171 44% 12 1472462 150 30%
c - 28201.34 503 16 339 2753551 37784704 529568 45% 12 1472462 150 30%
c F 28358.89 472 16 339 2765686 37950601 663951 44% 12 1472462 150 30%
c - 28419.12 477 16 340 2769687 38005845 528067 44% 12 1472462 150 30%
c B 28632.43 477 16 340 2785628 38226603 709443 45% 12 1472462 150 30%
c - 28633.63 481 16 341 2785638 38227635 532011 45% 12 1472462 150 30%
c - 28852.42 481 17 342 2803689 38450076 534587 44% 12 1472462 150 30%
c # 28900.78 481 16 342 2806836 38503607 578268 45% 12 1472462 150 30%
c - 29068.09 481 16 343 2818399 38673169 536455 45% 12 1472462 150 30%
c s 29068.75 481 16 343 2818399 38673169 536455 45% 12 1472453 150 30%
c v 29149.14 481 16 343 2818399 38673169 536455 45% 12 1452955 150 30%
c w 29191.14 481 16 343 2818399 38673169 536257 45% 12 1452955 150 30%
c s 29192.03 481 16 343 2818399 38673169 536257 45% 12 1452951 150 30%
c B 29295.62 496 16 343 2825819 38781610 625383 45% 11 1452951 150 30%
c - 29420.51 475 17 344 2836648 38896911 539762 44% 12 1452951 150 30%
c O 29568.91 475 16 344 2848079 39060612 672577 44% 12 1452951 150 30%
c 
c   seconds      reductions            redundant     irredundant
c             MB        restarts               trail        variables
c              level           conflicts           glue         remaining
c 
c - 29636.40 475 17 345 2853189 39120704 540086 44% 12 1452951 150 30%
c B 29851.96 475 16 345 2868543 39340614 718246 45% 12 1452951 150 30%
c - 29857.73 476 16 346 2868900 39345148 542712 45% 12 1452951 150 30%
c - 30093.45 393 16 347 2887220 39570239 546162 44% 12 1452951 150 30%
c I 30138.26 393 16 347 2890858 39621616 587857 44% 12 1452951 150 30%
c - 30308.04 414 16 348 2902108 39795979 549612 44% 12 1452951 150 30%
c B 30413.05 459 16 348 2911238 39903617 637512 44% 12 1452951 150 30%
c - 30530.63 419 16 349 2918883 40022369 550811 44% 12 1452951 150 30%
c F 30676.63 428 16 349 2930275 40186618 681895 44% 12 1452951 150 30%
c - 30743.34 446 16 350 2934821 40249405 549109 44% 12 1452951 150 30%
c B 30950.20 476 16 350 2949332 40470620 730280 44% 12 1452951 150 30%
c - 30956.22 404 16 351 2949621 40477090 553409 44% 12 1452951 150 30%
c - 31174.74 477 16 352 2967855 40705423 556550 44% 12 1452951 150 30%
c # 31220.42 410 16 352 2971424 40755622 597173 44% 12 1452951 150 30%
c - 31399.40 420 16 353 2984485 40934407 559003 46% 12 1452951 150 30%
c B 31489.91 422 16 353 2990571 41041624 646975 46% 11 1452951 150 30%
c - 31630.37 445 17 354 3001967 41164038 559405 45% 12 1452951 150 30%
c O 31794.53 427 17 354 3014558 41328626 691589 44% 12 1452951 150 30%
c - 31861.31 391 16 355 3018632 41394319 560645 44% 12 1452951 150 30%
c B 32064.93 460 16 355 3034336 41616629 741761 45% 12 1452951 150 30%
c 
c   seconds      reductions            redundant     irredundant
c             MB        restarts               trail        variables
c              level           conflicts           glue         remaining
c 
c - 32072.15 430 16 356 3034549 41625247 562100 45% 12 1452951 150 30%
c - 32288.63 401 16 357 3050250 41856825 565737 44% 11 1452951 150 30%
c I 32343.27 427 16 357 3055941 41905630 604096 44% 12 1452951 150 30%
c - 32521.23 387 16 358 3068252 42089052 567329 44% 12 1452951 150 30%
c s 32521.85 387 16 358 3068252 42089052 564455 44% 12 1452935 150 30%
c v 32632.14 394 16 358 3068252 42089052 564455 44% 12 1423548 150 30%
c w 32669.23 407 16 358 3068252 42089052 563902 44% 12 1423548 150 30%
c s 32670.15 408 16 358 3068252 42089052 563879 44% 12 1423540 150 30%
c B 32775.42 420 16 358 3076411 42195632 652228 45% 12 1423540 150 30%
c - 32929.96 460 16 359 3086686 42321926 569978 45% 12 1423540 150 30%
c F 33083.38 481 16 359 3097168 42486633 703979 45% 11 1423540 150 30%
c - 33167.53 439 16 360 3103663 42554489 573887 45% 12 1423540 150 30%
c B 33391.52 466 16 360 3118903 42778634 757932 46% 12 1423540 150 30%
c - 33403.50 410 16 361 3120081 42787699 576529 45% 12 1423540 150 30%
c - 33640.76 412 16 362 3136513 43021559 576906 45% 12 1423540 150 30%
c # 33693.64 412 16 362 3141687 43071637 617019 45% 12 1423540 150 30%
c - 33902.32 440 16 363 3156602 43256060 576701 45% 12 1423540 150 30%
c B 34000.94 441 16 363 3163889 43365639 664557 45% 12 1423540 150 30%
c - 34128.05 457 16 364 3172775 43491208 574939 44% 12 1423540 150 30%
c O 34301.07 444 16 364 3184909 43660640 711255 45% 12 1423540 150 30%
c 
c   seconds      reductions            redundant     irredundant
c             MB        restarts               trail        variables
c              level           conflicts           glue         remaining
c 
c - 34371.32 454 16 365 3189367 43727003 579428 45% 12 1423540 150 30%
c B 34620.75 438 16 365 3206844 43956641 764948 44% 12 1423540 150 30%
c - 34629.54 447 17 366 3207524 43963446 584279 44% 12 1423540 150 30%
c - 34866.97 429 16 367 3224160 44200533 583711 45% 12 1423540 150 30%
c I 34916.31 429 16 367 3227539 44253644 627235 45% 12 1423540 150 30%
c - 35116.61 382 16 368 3242749 44438265 589358 44% 12 1423540 150 30%
c B 35235.21 420 16 368 3252032 44551646 681208 44% 12 1423540 150 30%
c - 35368.17 400 17 369 3260847 44676645 590903 44% 12 1423540 150 30%
c F 35540.23 425 16 369 3272821 44850647 730883 45% 12 1423540 150 30%
c - 35611.00 411 16 370 3276844 44915670 591598 44% 12 1423540 150 30%
c B 35855.31 466 16 370 3294330 45150649 780321 44% 12 1423540 150 30%
c - 35860.95 380 16 371 3294592 45155340 593487 44% 12 1423540 150 30%
c - 36110.87 417 16 372 3311451 45395656 595750 44% 12 1423540 150 30%
c # 36166.09 442 17 372 3316132 45451650 641014 44% 12 1423540 150 30%
c - 36345.30 471 16 373 3327944 45636618 599673 45% 12 1423540 150 30%
c s 36345.92 381 16 373 3327944 45636618 599636 45% 12 1423529 150 30%
c v 36462.71 397 16 373 3327944 45636618 599636 45% 12 1391897 150 30%
c w 36504.70 412 16 373 3327944 45636618 599171 45% 12 1391897 150 30%
c s 36505.75 421 16 373 3327944 45636618 598800 45% 12 1391895 150 30%
c B 36632.66 437 16 373 3338103 45753654 694084 45% 12 1391895 150 30%
c 
c   seconds      reductions            redundant     irredundant
c             MB        restarts               trail        variables
c              level           conflicts           glue         remaining
c 
c - 36777.57 380 16 374 3346462 45878229 606797 45% 12 1391895 150 30%
c O 36968.55 451 16 374 3360225 46056657 751615 44% 12 1391895 150 30%
c - 37048.61 465 17 375 3366538 46119386 605946 44% 12 1391895 150 30%
c B 37287.86 475 16 375 3382390 46360658 800182 44% 12 1391895 150 30%
c - 37289.71 432 16 376 3382473 46361184 607834 45% 12 1391895 150 30%
c - 37557.96 436 17 377 3401619 46603626 605806 45% 12 1391895 150 30%
c I 37611.85 400 16 377 3405361 46665660 656599 46% 12 1391895 150 30%
c - 37802.62 419 16 378 3418144 46846710 606486 45% 12 1391895 150 30%
c B 37937.56 436 17 378 3428744 46971663 704881 44% 13 1391895 150 30%
c - 38054.28 412 16 379 3435410 47090439 606949 43% 12 1391895 150 30%
c F 38252.32 426 16 379 3449093 47278664 758301 45% 12 1391895 150 30%
c - 38322.56 446 17 380 3454345 47334811 610391 45% 12 1391895 150 30%
c - 38569.66 427 16 381 3469484 47579826 612731 45% 12 1391895 150 30%
c B 38577.15 427 16 381 3470133 47586667 618282 45% 12 1391895 150 30%
c - 38840.78 405 16 382 3488853 47825483 615330 44% 12 1391895 150 30%
c # 38915.50 422 16 382 3493969 47895668 672030 45% 12 1391895 150 30%
c - 39126.24 447 16 383 3507178 48071784 618800 45% 12 1391895 150 30%
c B 39273.34 414 17 383 3520266 48205670 723400 44% 13 1391895 150 30%
c - 39390.52 388 16 384 3526769 48318728 618096 44% 12 1391895 150 30%
c O 39591.28 443 16 384 3540389 48516672 776910 45% 12 1391895 150 30%
c 
c   seconds      reductions            redundant     irredundant
c             MB        restarts               trail        variables
c              level           conflicts           glue         remaining
c 
c - 39640.78 421 16 385 3542771 48566315 621019 44% 12 1391895 150 30%
c - 39922.28 471 16 386 3562939 48814544 628559 45% 12 1391895 150 30%
c B 39935.72 383 17 386 3564002 48828673 639548 44% 12 1391895 150 30%
c - 40189.29 396 16 387 3580275 49063416 630839 45% 12 1391895 150 30%
c I 40264.27 427 16 387 3586198 49141674 693297 44% 12 1391895 150 30%
c - 40457.99 427 16 388 3598275 49312932 634963 44% 12 1391895 150 30%
c s 40458.73 427 16 388 3598275 49312932 632819 44% 12 1391895 150 30%
c v 40573.08 427 16 388 3598275 49312932 632819 44% 12 1355710 150 30%
c w 40613.73 429 16 388 3598275 49312932 632004 44% 12 1355710 150 30%
c B 40758.78 431 16 388 3608669 49455677 747653 45% 11 1355710 150 30%
c - 40879.60 449 16 389 3616176 49563092 635518 45% 12 1355710 150 30%
c F 41110.24 460 16 389 3632333 49770678 800191 44% 12 1355710 150 30%
c - 41162.00 431 16 390 3635807 49812555 637873 45% 12 1355710 150 30%
c - 41450.66 406 16 391 3655805 50062658 639506 44% 12 1355710 150 30%
c B 41477.30 406 16 391 3657777 50086679 658312 44% 12 1355710 150 30%
c - 41726.89 409 16 392 3674010 50313401 640432 45% 12 1355710 150 30%
c # 41825.07 452 16 392 3681460 50403680 712308 44% 12 1355710 150 30%
c - 42004.90 421 16 393 3692208 50564783 640722 45% 12 1355710 150 30%
c B 42173.65 433 17 393 3704062 50721682 763369 44% 12 1355710 150 30%
c - 42271.21 428 16 394 3709937 50816807 639096 44% 12 1355710 150 30%
c 
c   seconds      reductions            redundant     irredundant
c             MB        restarts               trail        variables
c              level           conflicts           glue         remaining
c 
c O 42514.96 433 16 394 3725070 51040683 818683 45% 12 1355710 150 30%
c - 42553.72 414 16 395 3727474 51069469 643769 45% 12 1355710 150 30%
c - 42844.27 381 16 396 3746411 51322771 650375 45% 12 1355710 150 30%
c B 42885.37 393 16 396 3749941 51360685 680321 45% 12 1355710 150 30%
c - 43138.41 457 16 397 3766978 51576713 651807 44% 12 1355710 150 30%
c I 43255.48 432 16 397 3774796 51681686 736256 44% 12 1355710 150 30%
c - 43415.98 405 16 398 3784239 51831296 653614 45% 11 1355710 150 30%
c B 43616.56 440 16 398 3799323 52003687 791189 44% 12 1355710 150 30%
c - 43719.54 449 16 399 3804931 52086516 658801 44% 12 1355710 150 30%
c F 43975.80 492 16 399 3821038 52326688 854230 45% 12 1355710 150 30%
c - 43994.12 426 16 400 3822324 52342376 661829 45% 12 1355710 150 30%
c - 44277.22 403 16 401 3840507 52598875 665381 45% 12 1355710 150 30%
c B 44340.56 414 16 401 3845843 52650689 705817 44% 12 1355710 150 30%
c - 44581.73 403 16 402 3860912 52856016 663814 45% 12 1355710 150 30%
c # 44723.74 420 16 402 3871960 52975690 759021 44% 12 1355710 150 30%
c - 44893.06 463 16 403 3882398 53113794 667080 45% 12 1355710 150 30%
c s 44893.68 409 16 403 3882398 53113794 667080 45% 12 1355710 150 30%
c v 44971.53 409 16 403 3882398 53113794 667080 45% 12 1321900 150 30%
c w 45007.02 409 16 403 3882398 53113794 666757 45% 12 1321900 150 30%
c s 45007.92 409 16 403 3882398 53113794 666757 45% 12 1321899 150 30%
c 
c   seconds      reductions            redundant     irredundant
c             MB        restarts               trail        variables
c              level           conflicts           glue         remaining
c 
c B 45206.21 454 16 403 3894916 53301691 816902 45% 12 1321899 150 30%
c - 45287.95 424 16 404 3899997 53372212 668989 44% 12 1321899 150 30%
c O 45581.46 465 16 404 3919277 53628692 872578 44% 12 1321899 150 30%
c - 45584.18 402 16 405 3919355 53629937 670618 44% 12 1321899 150 30%
c - 45883.94 413 16 406 3937706 53888298 672612 45% 12 1321899 150 30%
c B 45955.21 417 16 406 3943072 53956695 726988 45% 12 1321899 150 30%
c - 46188.57 424 16 407 3957396 54147297 673700 45% 12 1321899 150 30%
c I 46335.70 434 16 407 3967664 54285697 782973 44% 12 1321899 150 30%
c - 46480.71 458 16 408 3976510 54406934 674704 44% 12 1321899 150 30%
c B 46712.59 428 16 408 3991362 54615698 840200 44% 12 1321899 150 30%
c - 46785.60 416 16 409 3995402 54667206 677891 45% 12 1321899 150 30%
c - 47078.65 468 16 410 4015741 54928113 679883 44% 12 1321899 150 30%
c F 47098.42 468 16 410 4017138 54946699 694629 43% 12 1321899 150 30%
c - 47382.89 483 16 411 4034859 55189656 683775 44% 12 1321899 150 30%
c B 47481.90 417 17 411 4042688 55278701 753316 44% 12 1321899 150 30%
c - 47697.10 400 16 412 4055792 55451837 686040 44% 12 1321899 150 30%
c # 47867.12 453 16 412 4067022 55611704 811570 44% 12 1321899 150 30%
c - 47990.97 407 16 413 4075446 55714656 685933 44% 12 1321899 150 30%
c B 48253.72 470 16 413 4091929 55945707 871163 45% 12 1321899 150 30%
c - 48298.41 398 16 414 4095509 55978111 688919 45% 12 1321899 150 30%
c 
c   seconds      reductions            redundant     irredundant
c             MB        restarts               trail        variables
c              level           conflicts           glue         remaining
c 
c - 48598.92 422 17 415 4115061 56242202 690438 44% 12 1321899 150 30%
c O 48636.44 422 16 415 4116889 56280710 721160 44% 12 1321899 150 30%
c - 48897.50 408 16 416 4132573 56506927 691284 44% 12 1321899 150 30%
c B 49018.62 424 16 416 4140862 56616714 779195 45% 12 1321899 150 30%
c - 49218.05 414 16 417 4152808 56772288 697839 45% 12 1321899 150 30%
c I 49399.16 470 15 417 4162522 56953715 837682 44% 11 1321899 150 30%
c - 49519.97 428 16 418 4171280 57038286 692608 44% 12 1321899 150 30%
c s 49520.58 428 16 418 4171280 57038286 692607 44% 12 1321895 150 30%
c v 49597.44 428 16 418 4171280 57038286 692607 44% 12 1281727 150 30%
c w 49639.41 428 16 418 4171280 57038286 692385 44% 12 1281727 150 30%
c s 49640.32 428 16 418 4171280 57038286 692383 44% 12 1281724 150 30%
c B 49925.88 470 16 418 4190600 57291717 894577 44% 12 1281724 150 30%
c - 49945.66 403 16 419 4191589 57304924 701753 44% 12 1281724 150 30%
c - 50260.99 413 16 420 4211524 57570507 706534 45% 12 1281724 150 30%
c F 50318.29 414 16 420 4214559 57630719 754254 45% 11 1281724 150 30%
c - 50571.46 391 16 421 4231924 57836722 708779 44% 12 1281724 150 30%
c B 50711.93 414 16 421 4241296 57970720 813951 44% 12 1281724 150 30%
c - 50879.74 450 16 422 4252703 58103568 706107 44% 12 1281724 150 30%
c # 51101.15 467 16 422 4266376 58311722 869627 45% 12 1281724 150 30%
c - 51187.47 381 16 423 4272698 58371049 705795 45% 12 1281724 150 30%
c 
c   seconds      reductions            redundant     irredundant
c             MB        restarts               trail        variables
c              level           conflicts           glue         remaining
c 
c - 51516.14 473 16 424 4292798 58639160 709627 45% 12 1281724 150 30%
c B 51530.32 473 16 424 4293766 58653723 721293 45% 12 1281724 150 30%
c - 51828.86 401 16 425 4312185 58907905 710204 44% 12 1281724 150 30%
c O 51926.30 435 16 425 4318516 58996725 781428 45% 12 1281724 150 30%
c - 52141.77 474 16 426 4331437 59177281 712737 44% 12 1281724 150 30%
c B 52321.81 463 16 426 4343171 59340728 843943 45% 12 1281724 150 30%
c - 52451.08 419 16 427 4352265 59447289 720337 45% 12 1281724 150 30%
c I 52728.06 412 16 427 4370625 59685730 907570 45% 12 1281724 150 30%
c - 52779.43 460 16 428 4374027 59717930 721768 45% 12 1281724 150 30%
c - 53095.09 444 16 429 4394088 59989203 718660 44% 12 1281724 150 30%
c B 53139.77 444 17 429 4397417 60031733 751425 44% 13 1281724 150 30%
c - 53409.06 414 16 430 4411115 60261109 726927 45% 12 1281724 150 30%
c F 53549.47 438 16 430 4421433 60378736 820932 46% 12 1281724 150 30%
c - 53753.86 437 16 431 4433605 60533646 732870 44% 12 1281724 150 30%
c B 53983.41 465 16 431 4447632 60726738 884336 44% 12 1281724 150 30%
c - 54089.57 437 16 432 4453147 60806816 733559 44% 12 1281724 150 30%
c # 54418.65 480 16 432 4473127 61075739 945359 45% 12 1281724 150 30%
c - 54424.92 455 16 433 4473424 61080618 738399 45% 12 1281724 150 30%
c s 54425.58 410 16 433 4473424 61080618 738398 45% 12 1281724 150 30%
c v 54501.00 410 16 433 4473424 61080618 738398 45% 12 1234872 150 30%
c 
c   seconds      reductions            redundant     irredundant
c             MB        restarts               trail        variables
c              level           conflicts           glue         remaining
c 
c w 54532.94 410 16 433 4473424 61080618 737148 45% 12 1234872 150 30%
c s 54533.85 410 16 433 4473424 61080618 737148 45% 12 1234871 150 30%
c - 54856.80 473 16 434 4494908 61355053 734994 44% 12 1234871 150 30%
c B 54935.30 407 16 434 4500116 61425740 789389 44% 12 1234871 150 30%
c - 55181.80 412 16 435 4512361 61628009 735166 45% 12 1234871 150 30%
c O 55361.08 440 16 435 4525527 61776742 850136 45% 12 1234871 150 30%
c - 55507.57 460 16 436 4532751 61901596 736412 45% 12 1234871 150 30%
c B 55794.54 453 16 436 4551352 62128745 913574 45% 12 1234871 150 30%
c - 55852.29 445 16 437 4553981 62175808 741259 45% 12 1234871 150 30%
c - 56193.18 403 16 438 4574107 62450649 746253 46% 12 1234871 150 30%
c I 56234.45 403 16 438 4577147 62481746 770860 46% 12 1234871 150 30%
c - 56537.97 406 16 439 4594742 62726115 750631 45% 12 1234871 150 30%
c B 56669.80 431 16 439 4603901 62835747 837766 45% 12 1234871 150 30%
c - 56901.54 431 17 440 4618720 63002210 751715 43% 13 1234871 150 30%
c F 57108.62 439 16 440 4631273 63190748 892455 43% 13 1234871 150 30%
c - 57216.02 402 16 441 4635836 63278934 746682 44% 12 1234871 150 30%
c B 57539.83 454 16 441 4656030 63546750 954999 45% 12 1234871 150 30%
c - 57554.96 417 16 442 4657005 63556284 752371 45% 12 1234871 150 30%
c - 57893.17 483 16 443 4676205 63834263 760870 46% 12 1234871 150 30%
c # 57987.44 422 17 443 4684567 63903751 814183 45% 13 1234871 150 30%
c 
c   seconds      reductions            redundant     irredundant
c             MB        restarts               trail        variables
c              level           conflicts           glue         remaining
c 
c - 58252.08 439 16 444 4699656 64112866 763782 45% 12 1234871 150 30%
c B 58431.54 427 16 444 4712543 64261752 875680 44% 13 1234871 150 30%
c - 58590.38 452 16 445 4721197 64392097 761961 45% 12 1234871 150 30%
c O 58853.54 467 16 445 4737717 64620753 935865 44% 12 1234871 150 30%
c - 58932.55 484 16 446 4743535 64671956 757730 44% 13 1234871 150 30%
c - 59285.70 426 16 447 4763782 64952442 761457 44% 12 1234871 150 30%
c B 59319.39 426 16 447 4766063 64980755 783067 44% 12 1234871 150 30%
c - 59637.55 422 16 448 4785937 65233557 766006 44% 12 1234871 150 30%
c s 59638.36 422 16 448 4785937 65233557 765394 44% 12 1234871 150 30%
c v 59697.21 422 16 448 4785937 65233557 765394 44% 12 1190463 150 30%
c w 59735.10 422 16 448 4785937 65233557 763230 44% 12 1190463 150 30%
c s 59736.05 422 16 448 4785937 65233557 762872 44% 12 1190459 150 30%
c I 59858.64 443 16 448 4794518 65341756 843306 44% 12 1190459 150 30%
c - 60067.17 384 16 449 4806339 65515303 765514 45% 12 1190459 150 30%
c B 60298.91 428 16 449 4822333 65703758 910645 45% 12 1190459 150 30%
c - 60417.43 450 16 450 4828910 65795524 766633 44% 13 1190459 150 30%
c F 60761.94 461 16 450 4848249 66066761 979496 46% 12 1190459 150 30%
c - 60775.26 469 16 451 4848972 66076374 775708 45% 12 1190459 150 30%
c - 61121.53 455 16 452 4871068 66357840 774118 44% 12 1190459 150 30%
c B 61201.26 436 16 452 4875374 66430764 833009 46% 12 1190459 150 30%
c 
c   seconds      reductions            redundant     irredundant
c             MB        restarts               trail        variables
c              level           conflicts           glue         remaining
c 
c - 61465.98 423 16 453 4892765 66639929 777201 44% 12 1190459 150 30%
c # 61661.27 435 16 453 4905548 66795766 894090 45% 13 1190459 150 30%
c - 61833.76 424 16 454 4915380 66922641 774793 44% 13 1190459 150 30%
c B 62128.80 459 16 454 4931880 67161769 956150 44% 13 1190459 150 30%
c - 62192.61 425 16 455 4936117 67205977 773523 43% 13 1190459 150 30%
c - 62540.99 432 16 456 4955977 67489935 779074 44% 13 1190459 150 30%
c O 62583.66 380 16 456 4958078 67528771 809598 44% 12 1190459 150 30%
c - 62897.70 405 16 457 4978580 67774515 784069 43% 13 1190459 150 30%
c B 63040.96 416 16 457 4988445 67896772 873751 43% 13 1190459 150 30%
c - 63236.70 446 16 458 4999298 68059718 783744 43% 13 1190459 150 30%
c I 63485.73 440 16 458 5012459 68265773 939776 45% 12 1190459 150 30%
c - 63597.76 461 16 459 5018371 68345545 792618 46% 12 1190459 150 30%
c - 63963.63 441 16 460 5040309 68631993 795430 45% 13 1190459 150 30%
c B 63968.22 382 16 460 5040617 68635774 798347 45% 13 1190459 150 30%
c - 64325.47 410 16 461 5061277 68919064 796042 44% 12 1190459 150 30%
c F 64423.60 421 16 461 5067966 69006775 861972 44% 12 1190459 150 30%
c - 64692.64 410 16 462 5085301 69206758 800385 44% 13 1190459 150 30%
c B 64903.50 458 16 462 5096735 69378776 924213 43% 13 1190459 150 30%
c - 65049.20 485 16 463 5104863 69495074 795352 43% 13 1190459 150 30%
c s 65049.85 408 16 463 5104863 69495074 795347 43% 13 1190450 150 30%
c 
c   seconds      reductions            redundant     irredundant
c             MB        restarts               trail        variables
c              level           conflicts           glue         remaining
c 
c v 65092.68 408 16 463 5104863 69495074 795347 43% 13 1147395 150 30%
c w 65132.96 408 16 463 5104863 69495074 794869 43% 13 1147395 150 30%
c # 65459.91 461 16 463 5123209 69751778 992240 44% 12 1147395 150 30%
c - 65504.30 411 16 464 5125788 69784015 807850 44% 13 1147395 150 30%
c - 65857.16 397 16 465 5145391 70071344 810038 44% 12 1147395 150 30%
c B 65925.13 402 16 465 5149783 70125781 851326 44% 12 1147395 150 30%
c - 66226.76 474 16 466 5167580 70359291 812902 45% 13 1147395 150 30%
c O 66388.32 429 16 466 5178169 70500782 915564 43% 13 1147395 150 30%
c - 66568.92 418 16 467 5188051 70647856 814028 45% 13 1147395 150 30%
c B 66844.41 463 15 467 5203531 70876785 980530 43% 12 1147395 150 30%
c - 66928.91 422 16 468 5208761 70937039 812943 44% 12 1147395 150 30%
c - 67282.22 417 16 469 5230813 71226841 815238 43% 13 1147395 150 30%
c I 67313.44 417 16 469 5232562 71253787 835629 43% 13 1147395 150 30%
c - 67645.38 398 16 470 5251279 71517261 818035 44% 13 1147395 150 30%
c B 67772.21 408 16 470 5257531 71631788 904175 45% 12 1147395 150 30%
c - 68018.22 398 16 471 5271877 71808298 826247 45% 13 1147395 150 30%
c F 68272.79 449 16 471 5286834 72010791 976691 44% 13 1147395 150 30%
c - 68389.79 405 16 472 5292574 72099954 829623 44% 12 1147395 150 30%
c B 68758.91 457 16 472 5314328 72390792 1043157 43% 12 1147395 150 30%
c - 68761.17 427 16 473 5314341 72392229 832009 43% 12 1147395 150 30%
c 
c   seconds      reductions            redundant     irredundant
c             MB        restarts               trail        variables
c              level           conflicts           glue         remaining
c 
c - 69132.95 423 15 474 5334851 72685121 834653 45% 12 1147395 150 30%
c # 69237.02 423 16 474 5340971 72771795 900374 45% 12 1147395 150 30%
c - 69502.44 396 16 475 5355381 72978630 841839 45% 12 1147395 150 30%
c B 69718.15 443 16 475 5367786 73153799 973861 46% 12 1147395 150 30%
c - 69889.82 438 16 476 5376889 73272757 848083 45% 12 1147395 150 30%
c O 70214.63 423 15 476 5392585 73536800 1040340 45% 12 1147395 150 30%
c - 70264.53 428 15 477 5396258 73567502 845996 45% 12 1147395 150 30%
c - 70656.23 486 16 478 5418460 73862864 845566 43% 13 1147395 150 30%
c s 70656.87 401 16 478 5418460 73862864 845566 43% 13 1147393 150 30%
c v 70691.41 401 16 478 5418460 73862864 845566 43% 13 1074023 150 30%
c w 70738.78 401 16 478 5418460 73862864 845299 43% 13 1074023 150 30%
c s 70739.69 401 16 478 5418460 73862864 845299 43% 13 1074017 150 30%
c B 70806.62 420 16 478 5421088 73920801 891976 46% 12 1074017 150 30%
c - 71115.03 402 16 479 5438620 74158845 852129 44% 12 1074017 150 30%
c I 71301.81 435 16 479 5448762 74305802 955619 44% 12 1074017 150 30%
c - 71499.75 448 16 480 5457893 74451310 843416 43% 12 1074017 150 30%
c B 71793.05 443 15 480 5473225 74691805 1013661 42% 12 1074017 150 30%
c - 71863.23 421 15 481 5476451 74744385 846056 44% 12 1074017 150 30%
c - 72235.88 455 15 482 5496008 75038070 854056 45% 12 1074017 150 30%
c F 72295.87 398 16 482 5500249 75078807 883179 44% 12 1074017 150 30%
c 
c   seconds      reductions            redundant     irredundant
c             MB        restarts               trail        variables
c              level           conflicts           glue         remaining
c 
c - 72627.45 427 15 483 5516051 75332363 850642 44% 12 1074017 150 30%
c B 72793.06 431 16 483 5525133 75466809 945159 42% 12 1074017 150 30%
c - 73006.77 451 15 484 5535541 75627266 852594 42% 12 1074017 150 30%
c # 73292.52 446 15 484 5550350 75855810 1011135 43% 12 1074017 150 30%
c - 73401.27 401 16 485 5555737 75922779 855611 44% 12 1074017 150 30%
c - 73792.53 479 15 486 5575164 76218900 862690 44% 12 1074017 150 30%
c B 73818.84 378 15 486 5576737 76245811 881710 44% 12 1074017 150 30%
c - 74126.66 423 15 487 5594170 76515632 868852 44% 12 1074017 150 30%
c O 74254.82 397 15 487 5603031 76636812 949422 44% 12 1074017 150 30%
c - 74483.23 451 15 488 5616941 76812972 861838 43% 12 1074017 150 30%
c B 74723.92 413 15 488 5631582 77028813 1017453 46% 12 1074017 150 30%
c - 74831.93 468 16 489 5637949 77110925 871497 47% 12 1074017 150 30%
c - 75178.29 441 15 490 5658296 77409483 876820 48% 12 1074017 150 30%
c I 75194.82 380 15 490 5659734 77421814 885514 48% 12 1074017 150 30%
c - 75529.26 386 15 491 5681336 77708651 874169 46% 12 1074017 150 30%
c B 75648.77 405 15 491 5689869 77815816 950097 47% 12 1074017 150 30%
c - 75888.66 460 16 492 5705284 78008428 879992 48% 12 1074017 150 30%
c F 76131.36 424 16 492 5721013 78210818 1030426 48% 12 1074017 150 30%
c - 76240.97 451 15 493 5726166 78308814 885704 48% 11 1074017 150 30%
c s 76241.61 398 15 493 5726166 78308814 885644 48% 11 1072046 150 30%
c 
c   seconds      reductions            redundant     irredundant
c             MB        restarts               trail        variables
c              level           conflicts           glue         remaining
c 
c v 76313.05 398 15 493 5726166 78308814 885644 48% 11 1033698 150 30%
c w 76355.11 398 15 493 5726166 78308814 885107 48% 11 1033698 150 30%
c s 76355.99 398 15 493 5726166 78308814 885028 48% 11 1031735 150 30%
c B 76734.04 436 16 493 5754441 78606819 1101449 49% 13 1031735 150 30%
c - 76740.55 378 16 494 5754950 78609809 886861 49% 13 1031735 150 30%
c - 77090.86 444 16 495 5776534 78908827 888297 49% 13 1031735 150 30%
c # 77177.83 394 15 495 5781712 79003820 955941 48% 12 1031735 150 30%
c - 77418.30 387 15 496 5800062 79208446 886317 49% 13 1031735 150 30%
c B 77638.35 418 15 496 5814432 79401822 1026859 51% 12 1031735 150 30%
c - 77785.27 413 16 497 5825080 79508670 890273 50% 13 1031735 150 30%
c O 78115.69 433 16 497 5847258 79800823 1099327 50% 13 1031735 150 30%
c - 78130.14 442 16 498 5848283 79809501 895280 50% 13 1031735 150 30%
c - 78477.21 407 16 499 5872518 80110932 899702 51% 13 1031735 150 30%
c B 78574.40 415 16 499 5878017 80200824 964961 50% 13 1031735 150 30%
c - 78818.99 395 15 500 5894434 80412968 904248 51% 12 1031735 150 30%
c I 79019.31 394 15 500 5907384 80601826 1038167 51% 12 1031735 150 30%
c - 79158.10 411 15 501 5916709 80715608 910573 51% 12 1031735 150 30%
c B 79472.93 441 15 501 5937310 81003827 1110056 52% 12 1031735 150 30%
c - 79484.10 415 15 502 5937498 81018851 909493 53% 12 1031735 150 30%
c - 79832.49 377 15 503 5962363 81322699 903576 52% 12 1031735 150 30%
c 
c   seconds      reductions            redundant     irredundant
c             MB        restarts               trail        variables
c              level           conflicts           glue         remaining
c 
c F 79920.47 390 15 503 5968877 81406828 963256 52% 12 1031735 150 30%
c 3 79968.82 399 15 503 5971662 81450165 993288 52% 12 1031735 150 30%
c p 79969.05 399 15 503 5971662 81450165 993309 52% 12 1031735 150 30%
c - 80144.49 393 14 504 5982215 81627150 908496 53% 12 1031735 150 30%
c B 80316.03 419 14 504 5994043 81810829 1040998 53% 11 1031735 150 30%
c - 80443.49 398 14 505 6003099 81932205 909867 53% 11 1031735 150 30%
c # 80687.35 443 13 505 6018810 82215831 1104071 55% 10 1031735 150 30%
c - 80707.78 417 13 506 6020204 82237865 896600 54% 10 1031735 150 30%
c i 80733.27 417 12 506 6021132 82273675 918480 55% 10 1031735 149 30%
c s 80734.14 417 12 506 6021132 82273675 910348 55% 10 1030013 149 30%
c v 80800.81 417 12 506 6021132 82273675 910348 55% 10 1010213 149 30%
c w 80826.11 417 12 506 6021132 82273675 909539 55% 10 1010213 149 30%
c t 80826.13 417 12 506 6021132 82273675 909518 55% 10 1010213 149 30%
c s 80827.02 417 12 506 6021132 82273675 909498 55% 10 955072 149 30%
c i 80883.73 417 14 506 6028494 82337654 958829 55% 11 955072 139 28%
c p 80894.63 417 14 506 6029398 82355168 971851 55% 10 955072 139 28%
c - 81056.59 363 14 507 6043655 82544128 523906 55% 11 724381 139 28%
c B 81107.05 363 14 507 6048861 82621835 581830 55% 11 724381 139 28%
c - 81283.44 369 14 508 6063604 82827587 580360 55% 10 724381 139 28%
c O 81447.63 369 14 508 6079273 83028838 732036 55% 11 724381 139 28%
c 
c   seconds      reductions            redundant    irredundant
c             MB        restarts               trail       variables
c              level           conflicts           glue        remaining
c 
c - 81526.29 378 14 509 6084951 83111603 611569 56% 11 724381 139 28%
c s 81595.98 350 14 509 6089771 83184194 662480 55% 11 724358 139 28%
c v 81608.73 350 14 509 6089771 83184194 662480 55% 11 716809 139 28%
c w 81613.66 350 14 509 6089771 83184194 658559 55% 11 716809 139 28%
c t 81613.68 350 14 509 6089771 83184194 658500 55% 11 716803 139 28%
c s 81614.02 350 14 509 6089771 83184194 658300 55% 11 716803 139 28%
c d 81681.95 355 14 509 6096092 83265169 714501 55% 11 711658 136 27%
c 2 81682.08 355 14 509 6096092 83265169 714542 55% 11 711633 136 27%
c - 81813.71 325 14 510 6105374 83396180 612919 53% 11 711633 136 27%
c B 81844.68 325 14 510 6108000 83436839 643246 53% 11 711633 136 27%
c - 82063.72 338 14 511 6125365 83680130 620807 53% 11 711633 136 27%
c I 82212.73 348 14 511 6136259 83845842 742162 53% 11 711633 136 27%
c - 82323.23 326 14 512 6146003 83964636 630094 53% 11 711633 136 27%
c s 82424.63 343 14 512 6154845 84096784 706287 54% 11 703378 136 27%
c v 82433.93 343 14 512 6154845 84096784 706287 54% 11 692407 136 27%
c w 82440.10 343 14 512 6154845 84096784 705046 54% 11 692407 136 27%
c t 82440.12 343 14 512 6154845 84096784 705005 54% 11 692378 136 27%
c s 82440.83 343 14 512 6154845 84096784 704937 54% 11 691300 136 27%
c d 82525.86 326 14 512 6160218 84180171 751597 53% 10 681440 135 27%
c 3 82525.94 326 14 512 6160218 84180171 751941 53% 10 681440 135 27%
c 
c   seconds      reductions            redundant    irredundant
c             MB        restarts               trail       variables
c              level           conflicts           glue        remaining
c 
c 2 82526.07 326 14 512 6160218 84180171 751968 53% 10 681440 135 27%
c - 82591.74 349 14 513 6165839 84249698 609773 53% 11 681440 135 27%
c B 82595.01 349 14 513 6166180 84255851 614128 53% 11 681440 135 27%
c - 82837.64 365 14 514 6186885 84532412 619260 53% 11 681440 135 27%
c F 82938.47 328 14 514 6194480 84666853 715399 53% 11 681440 135 27%
c - 83073.16 352 14 515 6203743 84815677 622925 54% 11 681440 135 27%
c s 83259.07 359 14 515 6219456 85032458 775306 53% 11 679074 135 27%
c v 83272.40 359 14 515 6219456 85032458 775306 53% 11 672090 135 27%
c w 83277.55 359 14 515 6219456 85032458 774693 53% 11 672090 135 27%
c t 83277.56 359 14 515 6219456 85032458 774693 53% 11 672081 135 27%
c s 83278.38 359 14 515 6219456 85032458 772474 53% 11 671618 135 27%
c B 83320.40 361 14 515 6221893 85078854 805885 53% 11 671618 135 27%
c - 83338.10 364 14 516 6222954 85099491 628454 53% 11 671618 135 27%
c 3 83338.44 364 14 516 6222954 85100171 629051 53% 11 671618 135 27%
c 3 83338.45 364 14 516 6222954 85100171 629064 53% 11 671618 135 27%
c - 83588.93 365 14 517 6241500 85382878 629595 53% 11 671618 135 27%
c # 83670.79 365 14 517 6248743 85491855 706354 53% 11 671618 135 27%
c - 83829.62 367 14 518 6259441 85666813 636215 53% 11 671618 135 27%
c B 84029.83 374 14 518 6273692 85905857 804775 53% 11 671618 135 27%
c - 84078.03 326 14 519 6277113 85951296 645599 52% 11 671618 135 27%
c 
c   seconds      reductions            redundant    irredundant
c             MB        restarts               trail       variables
c              level           conflicts           glue        remaining
c 
c 3 84132.44 326 14 519 6281713 86025173 697860 54% 11 671618 135 27%
c s 84133.25 326 14 519 6281713 86025173 694186 54% 11 665960 135 27%
c v 84143.16 326 14 519 6281713 86025173 694186 54% 11 658091 135 27%
c w 84152.10 326 14 519 6281713 86025173 692914 54% 11 658091 135 27%
c t 84152.11 326 14 519 6281713 86025173 692914 54% 11 658085 135 27%
c s 84152.79 326 14 519 6281713 86025173 692825 54% 11 654562 135 27%
c - 84343.68 354 14 520 6297448 86236327 644876 53% 11 654562 135 27%
c O 84411.67 354 14 520 6304158 86320861 702143 53% 11 654562 135 27%
c - 84586.66 358 14 521 6316744 86520160 651891 53% 11 654562 135 27%
c B 84773.25 361 14 521 6330694 86736862 799171 53% 11 654562 135 27%
c - 84835.82 363 14 522 6334938 86804538 656691 53% 11 654562 135 27%
c d 84961.11 363 14 522 6345232 86955175 751514 53% 11 646158 134 27%
c 3 84961.19 363 14 522 6345232 86955175 751792 53% 11 646158 134 27%
c 2 84961.30 363 14 522 6345232 86955175 751828 53% 11 646155 134 27%
c s 85008.58 363 14 522 6349277 87004642 783803 53% 11 642268 134 27%
c v 85022.76 363 14 522 6349277 87004642 783803 53% 11 633763 134 27%
c w 85029.57 363 14 522 6349277 87004642 783509 53% 11 633763 134 27%
c t 85029.59 363 14 522 6349277 87004642 783509 53% 11 633759 134 27%
c s 85030.28 363 14 522 6349277 87004642 783430 53% 11 629897 134 27%
c - 85109.14 364 14 523 6354457 87089461 652849 53% 12 629897 134 27%
c 
c   seconds      reductions            redundant    irredundant
c             MB        restarts               trail       variables
c              level           conflicts           glue        remaining
c 
c I 85153.53 364 14 523 6357265 87153864 695207 53% 11 629897 134 27%
c - 85314.56 364 13 524 6367471 87372308 647298 51% 10 629897 134 27%
c B 85460.52 364 13 524 6382863 87571865 776071 53% 11 629897 134 27%
c - 85528.88 365 13 525 6387987 87655695 655631 52% 11 629897 134 27%
c d 85691.60 365 13 525 6401704 87890177 792242 53% 11 623254 133 27%
c 3 85691.67 365 13 525 6401704 87890177 792409 53% 11 623254 133 27%
c 3 85691.68 365 13 525 6401704 87890177 792430 53% 11 623254 133 27%
c d 85691.88 365 13 525 6401704 87890177 788560 53% 11 617187 132 27%
c 2 85691.94 365 13 525 6401704 87890177 788547 53% 11 617182 132 27%
c - 85727.52 363 12 526 6403575 87939619 639192 52% 10 617182 132 27%
c F 85760.01 363 12 526 6406983 87990866 668282 52% 10 617182 132 27%
c s 85768.97 363 12 526 6407902 88004935 676134 52% 10 615714 132 27%
c v 85780.38 363 12 526 6407902 88004935 676134 52% 10 606662 132 27%
c w 85786.41 363 12 526 6407902 88004935 675451 52% 10 606662 132 27%
c s 85787.13 363 12 526 6407902 88004935 674269 52% 10 605073 132 27%
c i 85842.49 363 11 526 6412272 88099230 730594 51% 10 605073 130 26%
c i 85861.30 363 11 526 6413322 88132462 749600 50% 9 605073 129 26%
c i 85910.18 363 11 526 6416438 88192001 786549 54% 9 605073 128 26%
c i 85921.46 363 11 526 6416950 88209039 795993 55% 9 605073 127 26%
c i 85921.72 363 10 526 6416950 88209586 796239 55% 9 605073 124 25%
c 
c   seconds      reductions            redundant   irredundant
c             MB        restarts               trail      variables
c              level           conflicts           glue       remaining
c 
c i 85922.64 363 10 526 6416965 88210874 797112 55% 9 605073 123 25%
c i 85922.65 363 10 526 6416965 88210888 797119 55% 9 605073 122 25%
c i 85922.66 363 10 526 6416965 88210906 797121 55% 9 605073 104 21%
c i 85926.65 363 10 526 6417247 88220066 802451 56% 9 605073 103 21%
c - 85928.08 287 10 527 6417391 88222686 114643 56% 9 247763 103 21%
c i 85928.34 287 10 527 6417391 88223947 115188 56% 9 247763 102 21%
c i 85928.75 287 10 527 6417411 88225940 116076 56% 9 247763 101 20%
c i 85929.01 287 10 527 6417446 88227442 116852 56% 9 247763 100 20%
c i 85929.22 287 10 527 6417455 88228938 117627 56% 8 247763  88 18%
c i 85929.23 287 10 527 6417455 88228967 117633 56% 8 247763  87 18%
c i 85929.24 287 10 527 6417455 88229009 117649 56% 8 247763  86 17%
c i 85929.25 287 10 527 6417455 88229085 117675 56% 8 247763  81 16%
c i 85929.25 287 10 527 6417455 88229089 117678 56% 8 247763  80 16%
c i 85929.25 287 10 527 6417455 88229096 117681 56% 8 247763  79 16%
c i 85929.25 287 10 527 6417455 88229097 117681 56% 8 247763  76 15%
c i 85929.25 287 10 527 6417455 88229098 117681 56% 8 247763  74 15%
c } 85929.25 287 10 527 6417455 88229101 117682 56% 8 247763  29  6%
c 0 85929.25 287 10 527 6417455 88229101 117682 56% 8 247763  29  6%
c 
c --- [ result ] -------------------------------------------------------------
c 
s UNSATISFIABLE
c 
c --- [ run-time profiling ] -------------------------------------------------
c 
c process time taken by individual solving procedures
c (percentage relative to process time for solving)
c 
c     82803.70   96.36% search
c     82803.57   96.36% unstable
c      3124.74    3.64% simplify
c      3013.27    3.51% vivify
c        42.19    0.05% subsume
c        15.42    0.02% elim
c        12.11    0.01% ternary
c         2.89    0.00% probe
c         0.80    0.00% parse
c         0.13    0.00% lucky
c   =================================
c     85928.45  100.00% solve
c 
c last line shows process time for solving
c (percentage relative to total process time)
c 
c --- [ statistics ] ---------------------------------------------------------
c 
c chronological:           9671673        10.96 %  of conflicts
c conflicts:              88229101      1026.77    per second
c decisions:             128329113      1493.44    per second
c fixed:                       460        92.74 %  of all variables
c learned:                87090271        98.71 %  per conflict
c learned_lits:         2297500113       100.00 %  learned literals
c minimized:                     0         0.00 %  learned literals
c shrunken:              287367366        12.51 %  learned literals
c minishrunken:          108734950         4.73 %  learned literals
c propagations:         1120381416         0.01 M  per second
c reduced:                68447103        77.58 %  per conflict
c rephased:                    419    210570.65    interval
c restarts:                6417455        13.75    interval
c substituted:                   7         1.41 %  of all variables
c subsumed:               18027990        10.15 %  of all clauses
c strengthened:             122484         0.07 %  of all clauses
c ternary:                    1215         0.95 %  of resolved
c vivified:                 724909         0.41 %  of all clauses
c weakened:                     14         2.00    average size
c 
c seconds are measured in process time for solving
c 
c --- [ resources ] ----------------------------------------------------------
c 
c total process time since initialization:     85929.25    seconds
c total real time since initialization:        85929.22    seconds
c maximum resident set size of process:          631.85    MB
c 
c --- [ shutting down ] ------------------------------------------------------
c 
c exit 20
